2026-03-07 11:08:22.901 [info] Reading sessions from keychain...
2026-03-07 11:08:22.901 [info] Getting sessions for all scopes...
2026-03-07 11:08:22.919 [info] Got stored sessions!
2026-03-07 11:08:22.919 [info] Got 1 verified sessions.
2026-03-07 11:08:22.919 [info] Got 1 sessions for ...
2026-03-07 11:08:22.919 [info] Getting sessions for all scopes...
2026-03-07 11:08:22.919 [info] Got 1 sessions for ...
2026-03-07 11:08:22.919 [info] Getting sessions for all scopes...
2026-03-07 11:08:22.919 [info] Got 1 sessions for ...
2026-03-07 11:08:22.942 [info] Getting sessions for all scopes...
2026-03-07 11:08:22.942 [info] Got 1 sessions for ...
2026-03-07 11:08:24.390 [info] FetcherService: Electron fetch failed with status: 429 
2026-03-07 11:08:24.392 [info] Unable to resolve optional EDU details. Status: 429 
2026-03-07 11:08:24.987 [info] Getting sessions for all scopes...
2026-03-07 11:08:24.987 [info] Got 1 sessions for ...
2026-03-07 11:08:29.243 [info] Getting sessions for all scopes...
2026-03-07 11:08:29.243 [info] Got 1 sessions for ...
2026-03-07 11:08:29.243 [info] Getting sessions for all scopes...
2026-03-07 11:08:29.243 [info] Got 1 sessions for ...
2026-03-07 11:08:29.425 [info] Getting sessions for all scopes...
2026-03-07 11:08:29.425 [info] Got 1 sessions for ...
2026-03-07 11:08:29.426 [info] Getting sessions for read:user,repo,user:email,workflow...
2026-03-07 11:08:29.426 [info] Got 1 sessions for read:user,repo,user:email,workflow...
2026-03-07 11:08:29.896 [info] Getting sessions for all scopes...
2026-03-07 11:08:29.896 [info] Got 1 sessions for ...
2026-03-07 11:08:29.896 [info] Getting sessions for all scopes...
2026-03-07 11:08:29.896 [info] Got 1 sessions for ...
2026-03-07 11:08:29.912 [info] Getting sessions for read:user,repo,user:email,workflow...
2026-03-07 11:08:29.912 [info] Got 1 sessions for read:user,repo,user:email,workflow...
2026-03-07 11:08:29.958 [info] Getting sessions for all scopes...
2026-03-07 11:08:29.958 [info] Got 1 sessions for ...
2026-03-07 11:08:29.958 [info] Getting sessions for all scopes...
2026-03-07 11:08:29.958 [info] Got 1 sessions for ...
2026-03-07 11:08:29.965 [info] Getting sessions for read:user,repo,user:email,workflow...
2026-03-07 11:08:29.965 [info] Got 1 sessions for read:user,repo,user:email,workflow...
2026-03-07 11:08:29.967 [info] Getting sessions for all scopes...
2026-03-07 11:08:29.967 [info] Got 1 sessions for ...
2026-03-07 11:08:29.967 [info] Getting sessions for read:user,repo,user:email,workflow...
2026-03-07 11:08:29.967 [info] Got 1 sessions for read:user,repo,user:email,workflow...
2026-03-07 11:08:30.039 [info] Getting sessions for all scopes...
2026-03-07 11:08:30.039 [info] Got 1 sessions for ...
2026-03-07 11:08:30.039 [info] Getting sessions for all scopes...
2026-03-07 11:08:30.039 [info] Got 1 sessions for ...
2026-03-07 11:08:30.156 [info] Getting sessions for all scopes...
2026-03-07 11:08:30.156 [info] Got 1 sessions for ...
2026-03-07 11:08:30.157 [info] Getting sessions for read:user,repo,user:email,workflow...
2026-03-07 11:08:30.157 [info] Got 1 sessions for read:user,repo,user:email,workflow...
2026-03-07 11:08:48.455 [info] Getting sessions for all scopes...
2026-03-07 11:08:48.455 [info] Got 1 sessions for ...
2026-03-07 11:08:48.456 [info] Getting sessions for all scopes...
2026-03-07 11:08:48.456 [info] Got 1 sessions for ...
2026-03-07 11:12:46.372 [info] Getting sessions for all scopes...
2026-03-07 11:12:46.372 [info] Got 1 sessions for ...
2026-03-07 11:12:46.372 [info] Getting sessions for all scopes...
2026-03-07 11:12:46.372 [info] Got 1 sessions for ...
2026-03-07 11:35:15.648 [info] Getting sessions for all scopes...
2026-03-07 11:35:15.657 [info] Got 1 sessions for ...
2026-03-07 11:35:15.657 [info] Getting sessions for all scopes...
2026-03-07 11:35:15.657 [info] Got 1 sessions for ...
2026-03-07 11:35:59.982 [info] Getting sessions for all scopes...
2026-03-07 11:35:59.982 [info] Got 1 sessions for ...
2026-03-07 11:35:59.982 [info] Getting sessions for all scopes...
2026-03-07 11:35:59.982 [info] Got 1 sessions for ...
2026-03-07 11:37:44.749 [info] Getting sessions for all scopes...
2026-03-07 11:37:44.749 [info] Got 1 sessions for ...
2026-03-07 11:37:44.750 [info] Getting sessions for all scopes...
2026-03-07 11:37:44.750 [info] Got 1 sessions for ...
2026-03-07 11:39:46.311 [info] Getting sessions for all scopes...
2026-03-07 11:39:46.311 [info] Got 1 sessions for ...
2026-03-07 11:39:46.311 [info] Getting sessions for all scopes...
2026-03-07 11:39:46.311 [info] Got 1 sessions for ...
2026-03-07 11:39:46.397 [info] Getting sessions for all scopes...
2026-03-07 11:39:46.397 [info] Got 1 sessions for ...
2026-03-07 11:39:46.397 [info] Getting sessions for all scopes...
2026-03-07 11:39:46.397 [info] Got 1 sessions for ...
2026-03-07 11:39:46.413 [info] Getting sessions for read:user,repo,user:email,workflow...
2026-03-07 11:39:46.413 [info] Got 1 sessions for read:user,repo,user:email,workflow...
2026-03-07 11:39:46.414 [info] Getting sessions for all scopes...
2026-03-07 11:39:46.414 [info] Got 1 sessions for ...
2026-03-07 11:39:46.415 [info] Getting sessions for read:user,repo,user:email,workflow...
2026-03-07 11:39:46.415 [info] Got 1 sessions for read:user,repo,user:email,workflow...
2026-03-07 11:39:46.895 [info] Getting sessions for all scopes...
2026-03-07 11:39:46.895 [info] Got 1 sessions for ...
2026-03-07 11:39:46.895 [info] Getting sessions for all scopes...
2026-03-07 11:39:46.895 [info] Got 1 sessions for ...
2026-03-07 11:39:46.896 [info] Getting sessions for read:user,repo,user:email,workflow...
2026-03-07 11:39:46.896 [info] Got 1 sessions for read:user,repo,user:email,workflow...
2026-03-07 11:39:46.898 [info] Getting sessions for all scopes...
2026-03-07 11:39:46.898 [info] Got 1 sessions for ...
2026-03-07 11:39:46.899 [info] Getting sessions for read:user,repo,user:email,workflow...
2026-03-07 11:39:46.899 [info] Got 1 sessions for read:user,repo,user:email,workflow...
2026-03-07 11:39:58.267 [info] Getting sessions for all scopes...
2026-03-07 11:39:58.267 [info] Got 1 sessions for ...
2026-03-07 11:39:58.267 [info] Getting sessions for all scopes...
2026-03-07 11:39:58.267 [info] Got 1 sessions for ...
2026-03-07 11:40:58.468 [info] Getting sessions for all scopes...
2026-03-07 11:40:58.468 [info] Got 1 sessions for ...
2026-03-07 11:40:58.468 [info] Getting sessions for all scopes...
2026-03-07 11:40:58.468 [info] Got 1 sessions for ...
2026-03-07 16:51:56.969 [info] Getting sessions for all scopes...
2026-03-07 16:51:56.978 [info] Got 1 sessions for ...
2026-03-07 16:51:56.978 [info] Getting sessions for all scopes...
2026-03-07 16:51:56.978 [info] Got 1 sessions for ...
2026-03-07 18:51:58.227 [info] Getting sessions for all scopes...
2026-03-07 18:51:58.227 [info] Got 1 sessions for ...
2026-03-07 18:51:58.227 [info] Getting sessions for all scopes...
2026-03-07 18:51:58.227 [info] Got 1 sessions for ...
2026-03-07 18:54:26.256 [info] Getting sessions for all scopes...
2026-03-07 18:54:26.256 [info] Got 1 sessions for ...
2026-03-07 18:54:26.256 [info] Getting sessions for all scopes...
2026-03-07 18:54:26.256 [info] Got 1 sessions for ...
2026-03-07 18:54:26.257 [info] Getting sessions for read:user,repo,user:email,workflow...
2026-03-07 18:54:26.257 [info] Got 1 sessions for read:user,repo,user:email,workflow...
2026-03-07 18:54:26.258 [info] Getting sessions for all scopes...
2026-03-07 18:54:26.258 [info] Got 1 sessions for ...
2026-03-07 18:54:26.258 [info] Getting sessions for read:user,repo,user:email,workflow...
2026-03-07 18:54:26.258 [info] Got 1 sessions for read:user,repo,user:email,workflow...
2026-03-07 18:54:26.743 [info] Getting sessions for all scopes...
2026-03-07 18:54:26.743 [info] Got 1 sessions for ...
2026-03-07 18:54:26.743 [info] Getting sessions for all scopes...
2026-03-07 18:54:26.743 [info] Got 1 sessions for ...
2026-03-07 18:54:26.744 [info] Getting sessions for read:user,repo,user:email,workflow...
2026-03-07 18:54:26.744 [info] Got 1 sessions for read:user,repo,user:email,workflow...
2026-03-07 18:54:26.746 [info] Getting sessions for all scopes...
2026-03-07 18:54:26.746 [info] Got 1 sessions for ...
2026-03-07 18:54:26.747 [info] Getting sessions for read:user,repo,user:email,workflow...
2026-03-07 18:54:26.747 [info] Got 1 sessions for read:user,repo,user:email,workflow...
2026-03-07 22:51:25.510 [info] Getting sessions for all scopes...
2026-03-07 22:51:25.510 [info] Got 1 sessions for ...
2026-03-07 22:51:25.510 [info] Getting sessions for all scopes...
2026-03-07 22:51:25.510 [info] Got 1 sessions for ...
2026-03-07 23:02:15.808 [info] Getting sessions for all scopes...
2026-03-07 23:02:15.808 [info] Got 1 sessions for ...
2026-03-07 23:02:15.808 [info] Getting sessions for all scopes...
2026-03-07 23:02:15.808 [info] Got 1 sessions for ...
