2026-03-03 03:18:04.180 [info] Reading sessions from keychain...
2026-03-03 03:18:04.180 [info] Got stored sessions!
2026-03-03 03:18:04.180 [info] Got 1 verified sessions.
2026-03-03 03:18:04.180 [info] Getting sessions for all scopes...
2026-03-03 03:18:04.180 [info] Got 1 sessions for ...
2026-03-03 03:18:04.180 [info] Getting sessions for all scopes...
2026-03-03 03:18:04.180 [info] Got 1 sessions for ...
2026-03-03 03:18:04.180 [info] Getting sessions for all scopes...
2026-03-03 03:18:04.180 [info] Got 1 sessions for ...
2026-03-03 03:18:04.180 [info] Getting sessions for all scopes...
2026-03-03 03:18:04.180 [info] Got 1 sessions for ...
2026-03-03 03:18:04.180 [info] Getting sessions for all scopes...
2026-03-03 03:18:04.180 [info] Got 1 sessions for ...
2026-03-03 03:18:04.180 [info] Getting sessions for all scopes...
2026-03-03 03:18:04.180 [info] Got 1 sessions for ...
2026-03-03 03:18:04.180 [info] Getting sessions for all scopes...
2026-03-03 03:18:04.180 [info] Got 1 sessions for ...
2026-03-03 03:18:04.180 [info] Getting sessions for read:user,repo,user:email,workflow...
2026-03-03 03:18:04.180 [info] Got 1 sessions for read:user,repo,user:email,workflow...
2026-03-03 03:18:04.216 [info] Getting sessions for all scopes...
2026-03-03 03:18:04.216 [info] Got 1 sessions for ...
2026-03-03 03:18:04.216 [info] Getting sessions for read:user,repo,user:email,workflow...
2026-03-03 03:18:04.216 [info] Got 1 sessions for read:user,repo,user:email,workflow...
2026-03-03 03:18:04.426 [info] Getting sessions for all scopes...
2026-03-03 03:18:04.426 [info] Got 1 sessions for ...
2026-03-03 03:18:04.426 [info] Getting sessions for all scopes...
2026-03-03 03:18:04.426 [info] Got 1 sessions for ...
2026-03-03 03:18:04.429 [info] Getting sessions for read:user,repo,user:email,workflow...
2026-03-03 03:18:04.429 [info] Got 1 sessions for read:user,repo,user:email,workflow...
2026-03-03 03:18:04.836 [info] Getting sessions for all scopes...
2026-03-03 03:18:04.836 [info] Got 1 sessions for ...
2026-03-03 03:18:04.836 [info] Getting sessions for all scopes...
2026-03-03 03:18:04.836 [info] Got 1 sessions for ...
2026-03-03 03:18:04.853 [info] Getting sessions for read:user,repo,user:email,workflow...
2026-03-03 03:18:04.853 [info] Got 1 sessions for read:user,repo,user:email,workflow...
2026-03-03 03:18:04.911 [info] Getting sessions for all scopes...
2026-03-03 03:18:04.911 [info] Got 1 sessions for ...
2026-03-03 03:18:04.911 [info] Getting sessions for all scopes...
2026-03-03 03:18:04.911 [info] Got 1 sessions for ...
2026-03-03 03:18:04.919 [info] Getting sessions for read:user,repo,user:email,workflow...
2026-03-03 03:18:04.919 [info] Got 1 sessions for read:user,repo,user:email,workflow...
2026-03-03 03:18:05.090 [info] Getting sessions for all scopes...
2026-03-03 03:18:05.090 [info] Got 1 sessions for ...
2026-03-03 03:18:05.091 [info] Getting sessions for read:user,repo,user:email,workflow...
2026-03-03 03:18:05.091 [info] Got 1 sessions for read:user,repo,user:email,workflow...
2026-03-03 03:18:05.216 [info] FetcherService: Electron fetch failed with status: 429 
2026-03-03 03:18:05.217 [info] Unable to resolve optional EDU details. Status: 429 
2026-03-03 03:18:05.332 [info] Getting sessions for all scopes...
2026-03-03 03:18:05.332 [info] Got 1 sessions for ...
2026-03-03 03:18:05.341 [info] Getting sessions for all scopes...
2026-03-03 03:18:05.341 [info] Got 1 sessions for ...
2026-03-03 03:18:05.371 [info] Getting sessions for all scopes...
2026-03-03 03:18:05.371 [info] Got 1 sessions for ...
2026-03-03 03:35:52.801 [info] Getting sessions for all scopes...
2026-03-03 03:35:52.801 [info] Got 1 sessions for ...
2026-03-03 03:35:52.801 [info] Getting sessions for all scopes...
2026-03-03 03:35:52.801 [info] Got 1 sessions for ...
