2026-03-20 16:27:06.646 [info] [main] Log level: Info
2026-03-20 16:27:06.646 [info] [main] Validating found git in: "git"
2026-03-20 16:27:06.646 [info] [main] Using git "2.53.0" from "git"
2026-03-20 16:27:06.646 [info] [Model][doInitialScan] Initial repository scan started
2026-03-20 16:27:06.646 [info] > git rev-parse --show-toplevel [7ms]
2026-03-20 16:27:06.646 [info] fatal: not a git repository (or any parent up to mount point /)
Stopping at filesystem boundary (GIT_DISCOVERY_ACROSS_FILESYSTEM not set).
2026-03-20 16:27:06.646 [info] > git rev-parse --show-toplevel [2ms]
2026-03-20 16:27:06.646 [info] fatal: not a git repository (or any parent up to mount point /)
Stopping at filesystem boundary (GIT_DISCOVERY_ACROSS_FILESYSTEM not set).
2026-03-20 16:27:06.651 [info] > git rev-parse --show-toplevel [1ms]
2026-03-20 16:27:06.651 [info] fatal: not a git repository (or any parent up to mount point /)
Stopping at filesystem boundary (GIT_DISCOVERY_ACROSS_FILESYSTEM not set).
2026-03-20 16:27:06.656 [info] > git rev-parse --show-toplevel [2ms]
2026-03-20 16:27:06.656 [info] fatal: not a git repository (or any parent up to mount point /)
Stopping at filesystem boundary (GIT_DISCOVERY_ACROSS_FILESYSTEM not set).
2026-03-20 16:27:06.660 [info] > git rev-parse --show-toplevel [1ms]
2026-03-20 16:27:06.660 [info] fatal: not a git repository (or any parent up to mount point /)
Stopping at filesystem boundary (GIT_DISCOVERY_ACROSS_FILESYSTEM not set).
2026-03-20 16:27:06.661 [info] [Model][doInitialScan] Initial repository scan completed - repositories (0), closed repositories (0), parent repositories (0), unsafe repositories (0)
2026-03-20 16:27:07.185 [info] > git rev-parse --show-toplevel [188ms]
2026-03-20 16:27:07.185 [info] fatal: not a git repository (or any parent up to mount point /)
Stopping at filesystem boundary (GIT_DISCOVERY_ACROSS_FILESYSTEM not set).
2026-03-20 16:27:07.548 [info] > git rev-parse --show-toplevel [0ms]
2026-03-20 16:27:07.548 [info] fatal: not a git repository (or any parent up to mount point /)
Stopping at filesystem boundary (GIT_DISCOVERY_ACROSS_FILESYSTEM not set).
2026-03-20 16:27:07.852 [info] > git rev-parse --show-toplevel [0ms]
2026-03-20 16:27:07.852 [info] fatal: not a git repository (or any parent up to mount point /)
Stopping at filesystem boundary (GIT_DISCOVERY_ACROSS_FILESYSTEM not set).
2026-03-20 16:28:50.876 [info] > git rev-parse --show-toplevel [1ms]
2026-03-20 16:28:50.876 [info] fatal: not a git repository (or any parent up to mount point /)
Stopping at filesystem boundary (GIT_DISCOVERY_ACROSS_FILESYSTEM not set).
2026-03-20 16:31:27.463 [info] > git rev-parse --show-toplevel [0ms]
2026-03-20 16:31:27.463 [info] fatal: not a git repository (or any parent up to mount point /run/media/faceyneck)
Stopping at filesystem boundary (GIT_DISCOVERY_ACROSS_FILESYSTEM not set).
2026-03-20 16:41:35.302 [info] > git rev-parse --show-toplevel [1ms]
2026-03-20 16:41:35.302 [info] fatal: not a git repository (or any parent up to mount point /)
Stopping at filesystem boundary (GIT_DISCOVERY_ACROSS_FILESYSTEM not set).
2026-03-20 16:42:57.534 [info] > git rev-parse --show-toplevel [1ms]
2026-03-20 16:42:57.534 [info] fatal: not a git repository (or any parent up to mount point /run/media/faceyneck)
Stopping at filesystem boundary (GIT_DISCOVERY_ACROSS_FILESYSTEM not set).
2026-03-20 16:43:02.598 [info] > git rev-parse --show-toplevel [1ms]
2026-03-20 16:43:02.598 [info] fatal: not a git repository (or any parent up to mount point /run/media/faceyneck)
Stopping at filesystem boundary (GIT_DISCOVERY_ACROSS_FILESYSTEM not set).
2026-03-20 16:43:11.369 [info] > git rev-parse --show-toplevel [1ms]
2026-03-20 16:43:11.369 [info] fatal: not a git repository (or any parent up to mount point /run/media/faceyneck)
Stopping at filesystem boundary (GIT_DISCOVERY_ACROSS_FILESYSTEM not set).
2026-03-20 16:43:14.503 [info] > git rev-parse --show-toplevel [1ms]
2026-03-20 16:43:14.503 [info] fatal: not a git repository (or any parent up to mount point /run/media/faceyneck)
Stopping at filesystem boundary (GIT_DISCOVERY_ACROSS_FILESYSTEM not set).
2026-03-20 16:43:24.031 [info] > git rev-parse --show-toplevel [0ms]
2026-03-20 16:43:24.031 [info] fatal: not a git repository (or any parent up to mount point /run/media/faceyneck)
Stopping at filesystem boundary (GIT_DISCOVERY_ACROSS_FILESYSTEM not set).
2026-03-20 16:43:31.014 [info] > git rev-parse --show-toplevel [1ms]
2026-03-20 16:43:31.014 [info] fatal: not a git repository (or any parent up to mount point /run/media/faceyneck)
Stopping at filesystem boundary (GIT_DISCOVERY_ACROSS_FILESYSTEM not set).
2026-03-20 16:43:56.086 [info] > git rev-parse --show-toplevel [0ms]
2026-03-20 16:43:56.086 [info] fatal: not a git repository (or any parent up to mount point /)
Stopping at filesystem boundary (GIT_DISCOVERY_ACROSS_FILESYSTEM not set).
2026-03-20 16:44:07.692 [info] > git rev-parse --show-toplevel [1ms]
2026-03-20 16:44:07.692 [info] fatal: not a git repository (or any parent up to mount point /run/media/faceyneck)
Stopping at filesystem boundary (GIT_DISCOVERY_ACROSS_FILESYSTEM not set).
2026-03-20 16:44:12.393 [info] > git rev-parse --show-toplevel [1ms]
2026-03-20 16:44:12.393 [info] fatal: not a git repository (or any parent up to mount point /)
Stopping at filesystem boundary (GIT_DISCOVERY_ACROSS_FILESYSTEM not set).
2026-03-20 16:45:39.311 [info] > git rev-parse --show-toplevel [4ms]
2026-03-20 16:45:39.311 [info] fatal: not a git repository (or any parent up to mount point /)
Stopping at filesystem boundary (GIT_DISCOVERY_ACROSS_FILESYSTEM not set).
2026-03-20 16:45:47.989 [info] > git rev-parse --show-toplevel [1ms]
2026-03-20 16:45:47.989 [info] fatal: not a git repository (or any parent up to mount point /run/media/faceyneck)
Stopping at filesystem boundary (GIT_DISCOVERY_ACROSS_FILESYSTEM not set).
2026-03-20 16:51:29.748 [info] > git rev-parse --show-toplevel [0ms]
2026-03-20 16:51:29.748 [info] fatal: not a git repository (or any parent up to mount point /run/media/faceyneck)
Stopping at filesystem boundary (GIT_DISCOVERY_ACROSS_FILESYSTEM not set).
