2026-03-03 03:18:04.202 [info] [main] Log level: Info
2026-03-03 03:18:04.202 [info] [main] Validating found git in: "git"
2026-03-03 03:18:04.202 [info] [main] Using git "2.53.0" from "git"
2026-03-03 03:18:04.202 [info] [Model][doInitialScan] Initial repository scan started
2026-03-03 03:18:04.202 [info] > git rev-parse --show-toplevel [9ms]
2026-03-03 03:18:04.202 [info] fatal: not a git repository (or any parent up to mount point /)
Stopping at filesystem boundary (GIT_DISCOVERY_ACROSS_FILESYSTEM not set).
2026-03-03 03:18:04.202 [info] > git rev-parse --show-toplevel [4ms]
2026-03-03 03:18:04.202 [info] fatal: not a git repository (or any parent up to mount point /)
Stopping at filesystem boundary (GIT_DISCOVERY_ACROSS_FILESYSTEM not set).
2026-03-03 03:18:04.202 [info] > git rev-parse --show-toplevel [3ms]
2026-03-03 03:18:04.202 [info] fatal: not a git repository (or any parent up to mount point /)
Stopping at filesystem boundary (GIT_DISCOVERY_ACROSS_FILESYSTEM not set).
2026-03-03 03:18:04.207 [info] > git rev-parse --show-toplevel [1ms]
2026-03-03 03:18:04.207 [info] fatal: not a git repository (or any parent up to mount point /)
Stopping at filesystem boundary (GIT_DISCOVERY_ACROSS_FILESYSTEM not set).
2026-03-03 03:18:04.212 [info] > git rev-parse --show-toplevel [1ms]
2026-03-03 03:18:04.212 [info] fatal: not a git repository (or any parent up to mount point /)
Stopping at filesystem boundary (GIT_DISCOVERY_ACROSS_FILESYSTEM not set).
2026-03-03 03:18:04.213 [info] [Model][doInitialScan] Initial repository scan completed - repositories (0), closed repositories (0), parent repositories (0), unsafe repositories (0)
2026-03-03 03:18:04.804 [info] > git rev-parse --show-toplevel [208ms]
2026-03-03 03:18:04.804 [info] fatal: not a git repository (or any parent up to mount point /)
Stopping at filesystem boundary (GIT_DISCOVERY_ACROSS_FILESYSTEM not set).
2026-03-03 03:18:05.090 [info] > git rev-parse --show-toplevel [1ms]
2026-03-03 03:18:05.090 [info] fatal: not a git repository (or any parent up to mount point /)
Stopping at filesystem boundary (GIT_DISCOVERY_ACROSS_FILESYSTEM not set).
2026-03-03 03:18:05.310 [info] > git rev-parse --show-toplevel [3ms]
2026-03-03 03:18:05.310 [info] fatal: not a git repository (or any parent up to mount point /)
Stopping at filesystem boundary (GIT_DISCOVERY_ACROSS_FILESYSTEM not set).
2026-03-03 03:18:25.325 [info] > git rev-parse --show-toplevel [3ms]
2026-03-03 03:18:25.325 [info] fatal: not a git repository (or any parent up to mount point /)
Stopping at filesystem boundary (GIT_DISCOVERY_ACROSS_FILESYSTEM not set).
2026-03-03 03:18:25.332 [info] > git rev-parse --show-toplevel [1ms]
2026-03-03 03:18:25.332 [info] fatal: not a git repository (or any parent up to mount point /)
Stopping at filesystem boundary (GIT_DISCOVERY_ACROSS_FILESYSTEM not set).
2026-03-03 03:18:25.337 [info] > git rev-parse --show-toplevel [1ms]
2026-03-03 03:18:25.337 [info] fatal: not a git repository (or any parent up to mount point /)
Stopping at filesystem boundary (GIT_DISCOVERY_ACROSS_FILESYSTEM not set).
2026-03-03 03:18:25.342 [info] > git rev-parse --show-toplevel [1ms]
2026-03-03 03:18:25.342 [info] fatal: not a git repository (or any parent up to mount point /)
Stopping at filesystem boundary (GIT_DISCOVERY_ACROSS_FILESYSTEM not set).
2026-03-03 03:18:25.347 [info] > git rev-parse --show-toplevel [1ms]
2026-03-03 03:18:25.347 [info] fatal: not a git repository (or any parent up to mount point /)
Stopping at filesystem boundary (GIT_DISCOVERY_ACROSS_FILESYSTEM not set).
2026-03-03 03:25:13.264 [info] > git rev-parse --show-toplevel [1ms]
2026-03-03 03:25:13.265 [info] fatal: not a git repository (or any parent up to mount point /)
Stopping at filesystem boundary (GIT_DISCOVERY_ACROSS_FILESYSTEM not set).
2026-03-03 03:25:13.270 [info] > git rev-parse --show-toplevel [1ms]
2026-03-03 03:25:13.270 [info] fatal: not a git repository (or any parent up to mount point /)
Stopping at filesystem boundary (GIT_DISCOVERY_ACROSS_FILESYSTEM not set).
2026-03-03 03:25:13.275 [info] > git rev-parse --show-toplevel [1ms]
2026-03-03 03:25:13.275 [info] fatal: not a git repository (or any parent up to mount point /)
Stopping at filesystem boundary (GIT_DISCOVERY_ACROSS_FILESYSTEM not set).
2026-03-03 03:36:59.764 [info] > git rev-parse --show-toplevel [0ms]
2026-03-03 03:36:59.764 [info] fatal: not a git repository (or any parent up to mount point /)
Stopping at filesystem boundary (GIT_DISCOVERY_ACROSS_FILESYSTEM not set).
