2026-03-07 11:08:23.007 [info] [main] Log level: Info
2026-03-07 11:08:23.007 [info] [main] Validating found git in: "git"
2026-03-07 11:08:23.007 [info] [main] Using git "2.53.0" from "git"
2026-03-07 11:08:23.007 [info] [Model][doInitialScan] Initial repository scan started
2026-03-07 11:08:23.007 [info] > git rev-parse --show-toplevel [3ms]
2026-03-07 11:08:23.007 [info] fatal: not a git repository (or any parent up to mount point /)
Stopping at filesystem boundary (GIT_DISCOVERY_ACROSS_FILESYSTEM not set).
2026-03-07 11:08:23.007 [info] > git rev-parse --show-toplevel [1ms]
2026-03-07 11:08:23.008 [info] fatal: not a git repository (or any parent up to mount point /)
Stopping at filesystem boundary (GIT_DISCOVERY_ACROSS_FILESYSTEM not set).
2026-03-07 11:08:23.008 [info] > git rev-parse --show-toplevel [1ms]
2026-03-07 11:08:23.008 [info] fatal: not a git repository (or any parent up to mount point /)
Stopping at filesystem boundary (GIT_DISCOVERY_ACROSS_FILESYSTEM not set).
2026-03-07 11:08:23.008 [info] > git rev-parse --show-toplevel [0ms]
2026-03-07 11:08:23.008 [info] fatal: not a git repository (or any parent up to mount point /)
Stopping at filesystem boundary (GIT_DISCOVERY_ACROSS_FILESYSTEM not set).
2026-03-07 11:08:23.008 [info] > git rev-parse --show-toplevel [1ms]
2026-03-07 11:08:23.008 [info] fatal: not a git repository (or any parent up to mount point /)
Stopping at filesystem boundary (GIT_DISCOVERY_ACROSS_FILESYSTEM not set).
2026-03-07 11:08:23.008 [info] [Model][doInitialScan] Initial repository scan completed - repositories (0), closed repositories (0), parent repositories (0), unsafe repositories (0)
2026-03-07 11:08:23.211 [info] > git rev-parse --show-toplevel [31ms]
2026-03-07 11:08:23.211 [info] fatal: not a git repository (or any parent up to mount point /)
Stopping at filesystem boundary (GIT_DISCOVERY_ACROSS_FILESYSTEM not set).
2026-03-07 11:08:23.215 [info] > git rev-parse --show-toplevel [1ms]
2026-03-07 11:08:23.215 [info] fatal: not a git repository (or any parent up to mount point /)
Stopping at filesystem boundary (GIT_DISCOVERY_ACROSS_FILESYSTEM not set).
2026-03-07 11:08:23.334 [info] > git rev-parse --show-toplevel [98ms]
2026-03-07 11:08:23.334 [info] fatal: not a git repository (or any parent up to mount point /)
Stopping at filesystem boundary (GIT_DISCOVERY_ACROSS_FILESYSTEM not set).
2026-03-07 11:08:24.986 [info] > git rev-parse --show-toplevel [1ms]
2026-03-07 11:08:24.986 [info] fatal: not a git repository (or any parent up to mount point /)
Stopping at filesystem boundary (GIT_DISCOVERY_ACROSS_FILESYSTEM not set).
2026-03-07 11:08:25.585 [info] > git rev-parse --show-toplevel [0ms]
2026-03-07 11:08:25.585 [info] fatal: not a git repository (or any parent up to mount point /)
Stopping at filesystem boundary (GIT_DISCOVERY_ACROSS_FILESYSTEM not set).
2026-03-07 11:08:28.563 [info] > git rev-parse --show-toplevel [1ms]
2026-03-07 11:08:28.563 [info] fatal: not a git repository (or any parent up to mount point /)
Stopping at filesystem boundary (GIT_DISCOVERY_ACROSS_FILESYSTEM not set).
2026-03-07 11:08:28.585 [info] > git rev-parse --show-toplevel [3ms]
2026-03-07 11:08:28.585 [info] fatal: not a git repository (or any parent up to mount point /)
Stopping at filesystem boundary (GIT_DISCOVERY_ACROSS_FILESYSTEM not set).
2026-03-07 11:08:28.597 [info] > git rev-parse --show-toplevel [1ms]
2026-03-07 11:08:28.597 [info] fatal: not a git repository (or any parent up to mount point /)
Stopping at filesystem boundary (GIT_DISCOVERY_ACROSS_FILESYSTEM not set).
2026-03-07 11:08:29.243 [info] > git rev-parse --show-toplevel [16ms]
2026-03-07 11:08:29.243 [info] fatal: not a git repository (or any parent up to mount point /)
Stopping at filesystem boundary (GIT_DISCOVERY_ACROSS_FILESYSTEM not set).
2026-03-07 11:08:29.389 [info] > git rev-parse --show-toplevel [56ms]
2026-03-07 11:08:29.389 [info] fatal: not a git repository (or any parent up to mount point /)
Stopping at filesystem boundary (GIT_DISCOVERY_ACROSS_FILESYSTEM not set).
2026-03-07 11:08:29.756 [info] > git rev-parse --show-toplevel [186ms]
2026-03-07 11:08:29.756 [info] fatal: not a git repository (or any parent up to mount point /)
Stopping at filesystem boundary (GIT_DISCOVERY_ACROSS_FILESYSTEM not set).
2026-03-07 11:08:30.156 [info] > git rev-parse --show-toplevel [2ms]
2026-03-07 11:08:30.156 [info] fatal: not a git repository (or any parent up to mount point /)
Stopping at filesystem boundary (GIT_DISCOVERY_ACROSS_FILESYSTEM not set).
2026-03-07 11:36:18.381 [info] > git rev-parse --show-toplevel [1ms]
2026-03-07 11:36:18.382 [info] fatal: not a git repository (or any parent up to mount point /)
Stopping at filesystem boundary (GIT_DISCOVERY_ACROSS_FILESYSTEM not set).
