2026-03-03 04:06:52.785 [info] [main] Log level: Info
2026-03-03 04:06:52.785 [info] [main] Validating found git in: "git"
2026-03-03 04:06:52.785 [info] [main] Using git "2.53.0" from "git"
2026-03-03 04:06:52.785 [info] [Model][doInitialScan] Initial repository scan started
2026-03-03 04:06:52.785 [info] > git rev-parse --show-toplevel [10ms]
2026-03-03 04:06:52.785 [info] fatal: not a git repository (or any parent up to mount point /)
Stopping at filesystem boundary (GIT_DISCOVERY_ACROSS_FILESYSTEM not set).
2026-03-03 04:06:52.785 [info] > git rev-parse --show-toplevel [1ms]
2026-03-03 04:06:52.785 [info] fatal: not a git repository (or any parent up to mount point /)
Stopping at filesystem boundary (GIT_DISCOVERY_ACROSS_FILESYSTEM not set).
2026-03-03 04:06:52.785 [info] > git rev-parse --show-toplevel [1ms]
2026-03-03 04:06:52.785 [info] fatal: not a git repository (or any parent up to mount point /)
Stopping at filesystem boundary (GIT_DISCOVERY_ACROSS_FILESYSTEM not set).
2026-03-03 04:06:52.785 [info] > git rev-parse --show-toplevel [1ms]
2026-03-03 04:06:52.785 [info] fatal: not a git repository (or any parent up to mount point /)
Stopping at filesystem boundary (GIT_DISCOVERY_ACROSS_FILESYSTEM not set).
2026-03-03 04:06:52.785 [info] [Model][doInitialScan] Initial repository scan completed - repositories (0), closed repositories (0), parent repositories (0), unsafe repositories (0)
2026-03-03 04:06:53.433 [info] > git rev-parse --show-toplevel [213ms]
2026-03-03 04:06:53.433 [info] fatal: not a git repository (or any parent up to mount point /)
Stopping at filesystem boundary (GIT_DISCOVERY_ACROSS_FILESYSTEM not set).
2026-03-03 04:06:53.469 [info] > git rev-parse --show-toplevel [3ms]
2026-03-03 04:06:53.469 [info] fatal: not a git repository (or any parent up to mount point /)
Stopping at filesystem boundary (GIT_DISCOVERY_ACROSS_FILESYSTEM not set).
2026-03-03 04:06:53.753 [info] > git rev-parse --show-toplevel [2ms]
2026-03-03 04:06:53.753 [info] fatal: not a git repository (or any parent up to mount point /)
Stopping at filesystem boundary (GIT_DISCOVERY_ACROSS_FILESYSTEM not set).
2026-03-03 04:06:53.765 [info] > git rev-parse --show-toplevel [1ms]
2026-03-03 04:06:53.765 [info] fatal: not a git repository (or any parent up to mount point /)
Stopping at filesystem boundary (GIT_DISCOVERY_ACROSS_FILESYSTEM not set).
2026-03-03 04:06:54.096 [info] > git rev-parse --show-toplevel [4ms]
2026-03-03 04:06:54.096 [info] fatal: not a git repository (or any parent up to mount point /)
Stopping at filesystem boundary (GIT_DISCOVERY_ACROSS_FILESYSTEM not set).
2026-03-05 21:50:15.826 [info] > git rev-parse --show-toplevel [0ms]
2026-03-05 21:50:15.827 [info] fatal: not a git repository (or any parent up to mount point /)
Stopping at filesystem boundary (GIT_DISCOVERY_ACROSS_FILESYSTEM not set).
2026-03-05 23:35:28.346 [info] > git rev-parse --show-toplevel [1ms]
2026-03-05 23:35:28.346 [info] fatal: not a git repository (or any parent up to mount point /)
Stopping at filesystem boundary (GIT_DISCOVERY_ACROSS_FILESYSTEM not set).
2026-03-06 13:14:08.797 [info] > git rev-parse --show-toplevel [1ms]
2026-03-06 13:14:08.797 [info] fatal: not a git repository (or any parent up to mount point /)
Stopping at filesystem boundary (GIT_DISCOVERY_ACROSS_FILESYSTEM not set).
2026-03-06 13:14:17.887 [info] > git rev-parse --show-toplevel [1ms]
2026-03-06 13:14:17.887 [info] fatal: not a git repository (or any parent up to mount point /)
Stopping at filesystem boundary (GIT_DISCOVERY_ACROSS_FILESYSTEM not set).
2026-03-06 13:14:25.306 [info] > git rev-parse --show-toplevel [0ms]
2026-03-06 13:14:25.306 [info] fatal: not a git repository (or any parent up to mount point /)
Stopping at filesystem boundary (GIT_DISCOVERY_ACROSS_FILESYSTEM not set).
2026-03-06 13:14:31.248 [info] > git rev-parse --show-toplevel [1ms]
2026-03-06 13:14:31.248 [info] fatal: not a git repository (or any parent up to mount point /)
Stopping at filesystem boundary (GIT_DISCOVERY_ACROSS_FILESYSTEM not set).
2026-03-06 13:14:33.923 [info] > git rev-parse --show-toplevel [1ms]
2026-03-06 13:14:33.923 [info] fatal: not a git repository (or any parent up to mount point /)
Stopping at filesystem boundary (GIT_DISCOVERY_ACROSS_FILESYSTEM not set).
2026-03-06 13:16:30.937 [info] > git rev-parse --show-toplevel [1ms]
2026-03-06 13:16:30.937 [info] fatal: not a git repository (or any parent up to mount point /)
Stopping at filesystem boundary (GIT_DISCOVERY_ACROSS_FILESYSTEM not set).
2026-03-06 13:16:32.775 [info] > git rev-parse --show-toplevel [1ms]
2026-03-06 13:16:32.775 [info] fatal: not a git repository (or any parent up to mount point /)
Stopping at filesystem boundary (GIT_DISCOVERY_ACROSS_FILESYSTEM not set).
2026-03-06 13:20:31.223 [info] > git rev-parse --show-toplevel [1ms]
2026-03-06 13:20:31.223 [info] fatal: not a git repository (or any parent up to mount point /)
Stopping at filesystem boundary (GIT_DISCOVERY_ACROSS_FILESYSTEM not set).
2026-03-06 13:20:32.261 [info] > git rev-parse --show-toplevel [1ms]
2026-03-06 13:20:32.261 [info] fatal: not a git repository (or any parent up to mount point /)
Stopping at filesystem boundary (GIT_DISCOVERY_ACROSS_FILESYSTEM not set).
