2026-03-03 03:47:43.806 [info] Reading sessions from keychain...
2026-03-03 03:47:43.806 [info] Got stored sessions!
2026-03-03 03:47:43.806 [info] Got 1 verified sessions.
2026-03-03 03:47:43.806 [info] Getting sessions for all scopes...
2026-03-03 03:47:43.806 [info] Got 1 sessions for ...
2026-03-03 03:47:43.806 [info] Getting sessions for all scopes...
2026-03-03 03:47:43.806 [info] Got 1 sessions for ...
2026-03-03 03:47:43.806 [info] Getting sessions for all scopes...
2026-03-03 03:47:43.806 [info] Got 1 sessions for ...
2026-03-03 03:47:43.806 [info] Getting sessions for all scopes...
2026-03-03 03:47:43.806 [info] Got 1 sessions for ...
2026-03-03 03:47:43.806 [info] Getting sessions for all scopes...
2026-03-03 03:47:43.806 [info] Got 1 sessions for ...
2026-03-03 03:47:43.806 [info] Getting sessions for all scopes...
2026-03-03 03:47:43.806 [info] Got 1 sessions for ...
2026-03-03 03:47:43.806 [info] Getting sessions for all scopes...
2026-03-03 03:47:43.806 [info] Got 1 sessions for ...
2026-03-03 03:47:43.806 [info] Getting sessions for read:user,repo,user:email,workflow...
2026-03-03 03:47:43.806 [info] Got 1 sessions for read:user,repo,user:email,workflow...
2026-03-03 03:47:43.828 [info] Getting sessions for all scopes...
2026-03-03 03:47:43.828 [info] Got 1 sessions for ...
2026-03-03 03:47:43.829 [info] Getting sessions for read:user,repo,user:email,workflow...
2026-03-03 03:47:43.829 [info] Got 1 sessions for read:user,repo,user:email,workflow...
2026-03-03 03:47:44.032 [info] Getting sessions for all scopes...
2026-03-03 03:47:44.032 [info] Got 1 sessions for ...
2026-03-03 03:47:44.032 [info] Getting sessions for all scopes...
2026-03-03 03:47:44.032 [info] Got 1 sessions for ...
2026-03-03 03:47:44.208 [info] Getting sessions for read:user,repo,user:email,workflow...
2026-03-03 03:47:44.208 [info] Got 1 sessions for read:user,repo,user:email,workflow...
2026-03-03 03:47:44.474 [info] Getting sessions for all scopes...
2026-03-03 03:47:44.474 [info] Got 1 sessions for ...
2026-03-03 03:47:44.474 [info] Getting sessions for all scopes...
2026-03-03 03:47:44.474 [info] Got 1 sessions for ...
2026-03-03 03:47:44.490 [info] Getting sessions for read:user,repo,user:email,workflow...
2026-03-03 03:47:44.490 [info] Got 1 sessions for read:user,repo,user:email,workflow...
2026-03-03 03:47:44.537 [info] Getting sessions for all scopes...
2026-03-03 03:47:44.537 [info] Got 1 sessions for ...
2026-03-03 03:47:44.537 [info] Getting sessions for all scopes...
2026-03-03 03:47:44.537 [info] Got 1 sessions for ...
2026-03-03 03:47:44.567 [info] Getting sessions for read:user,repo,user:email,workflow...
2026-03-03 03:47:44.567 [info] Got 1 sessions for read:user,repo,user:email,workflow...
2026-03-03 03:47:44.745 [info] Getting sessions for all scopes...
2026-03-03 03:47:44.745 [info] Got 1 sessions for ...
2026-03-03 03:47:44.746 [info] Getting sessions for read:user,repo,user:email,workflow...
2026-03-03 03:47:44.746 [info] Got 1 sessions for read:user,repo,user:email,workflow...
2026-03-03 03:47:44.777 [info] Getting sessions for all scopes...
2026-03-03 03:47:44.777 [info] Got 1 sessions for ...
2026-03-03 03:47:44.777 [info] Getting sessions for all scopes...
2026-03-03 03:47:44.777 [info] Got 1 sessions for ...
2026-03-03 03:47:44.819 [info] FetcherService: Electron fetch failed with status: 429 
2026-03-03 03:47:44.820 [info] Unable to resolve optional EDU details. Status: 429 
2026-03-03 03:47:44.921 [info] Getting sessions for all scopes...
2026-03-03 03:47:44.921 [info] Got 1 sessions for ...
2026-03-03 04:05:41.672 [info] Getting sessions for all scopes...
2026-03-03 04:05:41.672 [info] Got 1 sessions for ...
2026-03-03 04:05:41.672 [info] Getting sessions for all scopes...
2026-03-03 04:05:41.672 [info] Got 1 sessions for ...
