2026-03-03 04:06:52.752 [info] Reading sessions from keychain...
2026-03-03 04:06:52.752 [info] Got stored sessions!
2026-03-03 04:06:52.752 [info] Got 1 verified sessions.
2026-03-03 04:06:52.752 [info] Getting sessions for all scopes...
2026-03-03 04:06:52.752 [info] Got 1 sessions for ...
2026-03-03 04:06:52.752 [info] Getting sessions for all scopes...
2026-03-03 04:06:52.752 [info] Got 1 sessions for ...
2026-03-03 04:06:52.752 [info] Getting sessions for all scopes...
2026-03-03 04:06:52.752 [info] Got 1 sessions for ...
2026-03-03 04:06:52.752 [info] Getting sessions for all scopes...
2026-03-03 04:06:52.752 [info] Got 1 sessions for ...
2026-03-03 04:06:52.752 [info] Getting sessions for all scopes...
2026-03-03 04:06:52.752 [info] Got 1 sessions for ...
2026-03-03 04:06:52.752 [info] Getting sessions for all scopes...
2026-03-03 04:06:52.752 [info] Got 1 sessions for ...
2026-03-03 04:06:52.752 [info] Getting sessions for all scopes...
2026-03-03 04:06:52.752 [info] Got 1 sessions for ...
2026-03-03 04:06:52.752 [info] Getting sessions for read:user,repo,user:email,workflow...
2026-03-03 04:06:52.752 [info] Got 1 sessions for read:user,repo,user:email,workflow...
2026-03-03 04:06:52.776 [info] Getting sessions for all scopes...
2026-03-03 04:06:52.776 [info] Got 1 sessions for ...
2026-03-03 04:06:52.777 [info] Getting sessions for read:user,repo,user:email,workflow...
2026-03-03 04:06:52.777 [info] Got 1 sessions for read:user,repo,user:email,workflow...
2026-03-03 04:06:52.996 [info] Getting sessions for all scopes...
2026-03-03 04:06:52.996 [info] Got 1 sessions for ...
2026-03-03 04:06:52.996 [info] Getting sessions for all scopes...
2026-03-03 04:06:52.996 [info] Got 1 sessions for ...
2026-03-03 04:06:52.999 [info] Getting sessions for read:user,repo,user:email,workflow...
2026-03-03 04:06:52.999 [info] Got 1 sessions for read:user,repo,user:email,workflow...
2026-03-03 04:06:53.470 [info] Getting sessions for all scopes...
2026-03-03 04:06:53.470 [info] Got 1 sessions for ...
2026-03-03 04:06:53.487 [info] Getting sessions for all scopes...
2026-03-03 04:06:53.487 [info] Got 1 sessions for ...
2026-03-03 04:06:53.488 [info] Getting sessions for read:user,repo,user:email,workflow...
2026-03-03 04:06:53.488 [info] Got 1 sessions for read:user,repo,user:email,workflow...
2026-03-03 04:06:53.548 [info] Getting sessions for all scopes...
2026-03-03 04:06:53.548 [info] Got 1 sessions for ...
2026-03-03 04:06:53.548 [info] Getting sessions for all scopes...
2026-03-03 04:06:53.548 [info] Got 1 sessions for ...
2026-03-03 04:06:53.581 [info] Getting sessions for read:user,repo,user:email,workflow...
2026-03-03 04:06:53.581 [info] Got 1 sessions for read:user,repo,user:email,workflow...
2026-03-03 04:06:53.752 [info] FetcherService: Electron fetch failed with status: 429 
2026-03-03 04:06:53.752 [info] Unable to resolve optional EDU details. Status: 429 
2026-03-03 04:06:53.818 [info] Getting sessions for all scopes...
2026-03-03 04:06:53.818 [info] Got 1 sessions for ...
2026-03-03 04:06:53.824 [info] Getting sessions for read:user,repo,user:email,workflow...
2026-03-03 04:06:53.824 [info] Got 1 sessions for read:user,repo,user:email,workflow...
2026-03-03 04:06:53.832 [info] Getting sessions for all scopes...
2026-03-03 04:06:53.832 [info] Got 1 sessions for ...
2026-03-03 04:06:53.927 [info] Getting sessions for all scopes...
2026-03-03 04:06:53.927 [info] Got 1 sessions for ...
2026-03-03 04:06:53.932 [info] Getting sessions for all scopes...
2026-03-03 04:06:53.932 [info] Got 1 sessions for ...
2026-03-03 05:01:53.000 [info] Getting sessions for all scopes...
2026-03-03 05:01:53.000 [info] Got 1 sessions for ...
2026-03-03 05:01:53.001 [info] Getting sessions for read:user,repo,user:email,workflow...
2026-03-03 05:01:53.001 [info] Got 1 sessions for read:user,repo,user:email,workflow...
2026-03-03 05:01:53.479 [info] Getting sessions for all scopes...
2026-03-03 05:01:53.479 [info] Got 1 sessions for ...
2026-03-03 05:01:53.479 [info] Getting sessions for all scopes...
2026-03-03 05:01:53.479 [info] Got 1 sessions for ...
2026-03-03 05:01:53.479 [info] Getting sessions for read:user,repo,user:email,workflow...
2026-03-03 05:01:53.479 [info] Got 1 sessions for read:user,repo,user:email,workflow...
2026-03-03 05:01:53.482 [info] Getting sessions for all scopes...
2026-03-03 05:01:53.482 [info] Got 1 sessions for ...
2026-03-03 05:01:53.482 [info] Getting sessions for read:user,repo,user:email,workflow...
2026-03-03 05:01:53.482 [info] Got 1 sessions for read:user,repo,user:email,workflow...
2026-03-03 05:56:53.001 [info] Getting sessions for all scopes...
2026-03-03 05:56:53.010 [info] Got 1 sessions for ...
2026-03-03 05:56:53.010 [info] Getting sessions for read:user,repo,user:email,workflow...
2026-03-03 05:56:53.010 [info] Got 1 sessions for read:user,repo,user:email,workflow...
2026-03-03 05:56:53.497 [info] Getting sessions for all scopes...
2026-03-03 05:56:53.497 [info] Got 1 sessions for ...
2026-03-03 05:56:53.497 [info] Getting sessions for all scopes...
2026-03-03 05:56:53.497 [info] Got 1 sessions for ...
2026-03-03 05:56:53.506 [info] Getting sessions for read:user,repo,user:email,workflow...
2026-03-03 05:56:53.506 [info] Got 1 sessions for read:user,repo,user:email,workflow...
2026-03-03 05:56:53.509 [info] Getting sessions for all scopes...
2026-03-03 05:56:53.509 [info] Got 1 sessions for ...
2026-03-03 05:56:53.509 [info] Getting sessions for read:user,repo,user:email,workflow...
2026-03-03 05:56:53.509 [info] Got 1 sessions for read:user,repo,user:email,workflow...
2026-03-03 06:51:54.001 [info] Getting sessions for all scopes...
2026-03-03 06:51:54.001 [info] Got 1 sessions for ...
2026-03-03 06:51:54.001 [info] Getting sessions for read:user,repo,user:email,workflow...
2026-03-03 06:51:54.002 [info] Got 1 sessions for read:user,repo,user:email,workflow...
2026-03-03 06:51:54.508 [info] Getting sessions for all scopes...
2026-03-03 06:51:54.508 [info] Got 1 sessions for ...
2026-03-03 06:51:54.508 [info] Getting sessions for all scopes...
2026-03-03 06:51:54.508 [info] Got 1 sessions for ...
2026-03-03 06:51:54.509 [info] Getting sessions for read:user,repo,user:email,workflow...
2026-03-03 06:51:54.509 [info] Got 1 sessions for read:user,repo,user:email,workflow...
2026-03-03 06:51:54.511 [info] Getting sessions for all scopes...
2026-03-03 06:51:54.511 [info] Got 1 sessions for ...
2026-03-03 06:51:54.511 [info] Getting sessions for read:user,repo,user:email,workflow...
2026-03-03 06:51:54.511 [info] Got 1 sessions for read:user,repo,user:email,workflow...
2026-03-03 07:46:55.001 [info] Getting sessions for all scopes...
2026-03-03 07:46:55.001 [info] Got 1 sessions for ...
2026-03-03 07:46:55.001 [info] Getting sessions for read:user,repo,user:email,workflow...
2026-03-03 07:46:55.001 [info] Got 1 sessions for read:user,repo,user:email,workflow...
2026-03-03 07:46:55.528 [info] Getting sessions for all scopes...
2026-03-03 07:46:55.528 [info] Got 1 sessions for ...
2026-03-03 07:46:55.528 [info] Getting sessions for all scopes...
2026-03-03 07:46:55.528 [info] Got 1 sessions for ...
2026-03-03 07:46:55.529 [info] Getting sessions for read:user,repo,user:email,workflow...
2026-03-03 07:46:55.529 [info] Got 1 sessions for read:user,repo,user:email,workflow...
2026-03-03 07:46:55.531 [info] Getting sessions for all scopes...
2026-03-03 07:46:55.531 [info] Got 1 sessions for ...
2026-03-03 07:46:55.531 [info] Getting sessions for read:user,repo,user:email,workflow...
2026-03-03 07:46:55.531 [info] Got 1 sessions for read:user,repo,user:email,workflow...
2026-03-03 08:41:56.000 [info] Getting sessions for all scopes...
2026-03-03 08:41:56.000 [info] Got 1 sessions for ...
2026-03-03 08:41:56.001 [info] Getting sessions for read:user,repo,user:email,workflow...
2026-03-03 08:41:56.001 [info] Got 1 sessions for read:user,repo,user:email,workflow...
2026-03-03 08:41:56.532 [info] Getting sessions for all scopes...
2026-03-03 08:41:56.532 [info] Got 1 sessions for ...
2026-03-03 08:41:56.532 [info] Getting sessions for all scopes...
2026-03-03 08:41:56.532 [info] Got 1 sessions for ...
2026-03-03 08:41:56.532 [info] Getting sessions for read:user,repo,user:email,workflow...
2026-03-03 08:41:56.532 [info] Got 1 sessions for read:user,repo,user:email,workflow...
2026-03-03 08:41:56.535 [info] Getting sessions for all scopes...
2026-03-03 08:41:56.535 [info] Got 1 sessions for ...
2026-03-03 08:41:56.535 [info] Getting sessions for read:user,repo,user:email,workflow...
2026-03-03 08:41:56.535 [info] Got 1 sessions for read:user,repo,user:email,workflow...
2026-03-03 09:36:57.002 [info] Getting sessions for all scopes...
2026-03-03 09:36:57.002 [info] Got 1 sessions for ...
2026-03-03 09:36:57.002 [info] Getting sessions for read:user,repo,user:email,workflow...
2026-03-03 09:36:57.002 [info] Got 1 sessions for read:user,repo,user:email,workflow...
2026-03-03 09:36:57.508 [info] Getting sessions for all scopes...
2026-03-03 09:36:57.508 [info] Got 1 sessions for ...
2026-03-03 09:36:57.509 [info] Getting sessions for all scopes...
2026-03-03 09:36:57.509 [info] Got 1 sessions for ...
2026-03-03 09:36:57.509 [info] Getting sessions for read:user,repo,user:email,workflow...
2026-03-03 09:36:57.509 [info] Got 1 sessions for read:user,repo,user:email,workflow...
2026-03-03 09:36:57.511 [info] Getting sessions for all scopes...
2026-03-03 09:36:57.511 [info] Got 1 sessions for ...
2026-03-03 09:36:57.512 [info] Getting sessions for read:user,repo,user:email,workflow...
2026-03-03 09:36:57.512 [info] Got 1 sessions for read:user,repo,user:email,workflow...
2026-03-03 10:31:58.000 [info] Getting sessions for all scopes...
2026-03-03 10:31:58.000 [info] Got 1 sessions for ...
2026-03-03 10:31:58.000 [info] Getting sessions for read:user,repo,user:email,workflow...
2026-03-03 10:31:58.001 [info] Got 1 sessions for read:user,repo,user:email,workflow...
2026-03-03 10:31:58.480 [info] Getting sessions for all scopes...
2026-03-03 10:31:58.480 [info] Got 1 sessions for ...
2026-03-03 10:31:58.480 [info] Getting sessions for all scopes...
2026-03-03 10:31:58.480 [info] Got 1 sessions for ...
2026-03-03 10:31:58.481 [info] Getting sessions for read:user,repo,user:email,workflow...
2026-03-03 10:31:58.481 [info] Got 1 sessions for read:user,repo,user:email,workflow...
2026-03-03 10:31:58.484 [info] Getting sessions for all scopes...
2026-03-03 10:31:58.484 [info] Got 1 sessions for ...
2026-03-03 10:31:58.484 [info] Getting sessions for read:user,repo,user:email,workflow...
2026-03-03 10:31:58.484 [info] Got 1 sessions for read:user,repo,user:email,workflow...
2026-03-03 11:26:59.000 [info] Getting sessions for all scopes...
2026-03-03 11:26:59.000 [info] Got 1 sessions for ...
2026-03-03 11:26:59.001 [info] Getting sessions for read:user,repo,user:email,workflow...
2026-03-03 11:26:59.009 [info] Got 1 sessions for read:user,repo,user:email,workflow...
2026-03-03 11:26:59.482 [info] Getting sessions for all scopes...
2026-03-03 11:26:59.482 [info] Got 1 sessions for ...
2026-03-03 11:26:59.482 [info] Getting sessions for all scopes...
2026-03-03 11:26:59.482 [info] Got 1 sessions for ...
2026-03-03 11:26:59.482 [info] Getting sessions for read:user,repo,user:email,workflow...
2026-03-03 11:26:59.482 [info] Got 1 sessions for read:user,repo,user:email,workflow...
2026-03-03 11:26:59.485 [info] Getting sessions for all scopes...
2026-03-03 11:26:59.485 [info] Got 1 sessions for ...
2026-03-03 11:26:59.485 [info] Getting sessions for read:user,repo,user:email,workflow...
2026-03-03 11:26:59.485 [info] Got 1 sessions for read:user,repo,user:email,workflow...
2026-03-03 12:22:00.001 [info] Getting sessions for all scopes...
2026-03-03 12:22:00.001 [info] Got 1 sessions for ...
2026-03-03 12:22:00.001 [info] Getting sessions for read:user,repo,user:email,workflow...
2026-03-03 12:22:00.001 [info] Got 1 sessions for read:user,repo,user:email,workflow...
2026-03-03 12:22:00.557 [info] Getting sessions for all scopes...
2026-03-03 12:22:00.557 [info] Got 1 sessions for ...
2026-03-03 12:22:00.557 [info] Getting sessions for all scopes...
2026-03-03 12:22:00.557 [info] Got 1 sessions for ...
2026-03-03 12:22:00.557 [info] Getting sessions for read:user,repo,user:email,workflow...
2026-03-03 12:22:00.557 [info] Got 1 sessions for read:user,repo,user:email,workflow...
2026-03-03 12:22:00.560 [info] Getting sessions for all scopes...
2026-03-03 12:22:00.560 [info] Got 1 sessions for ...
2026-03-03 12:22:00.560 [info] Getting sessions for read:user,repo,user:email,workflow...
2026-03-03 12:22:00.560 [info] Got 1 sessions for read:user,repo,user:email,workflow...
2026-03-03 13:17:01.001 [info] Getting sessions for all scopes...
2026-03-03 13:17:01.001 [info] Got 1 sessions for ...
2026-03-03 13:17:01.002 [info] Getting sessions for read:user,repo,user:email,workflow...
2026-03-03 13:17:01.002 [info] Got 1 sessions for read:user,repo,user:email,workflow...
2026-03-03 13:17:01.476 [info] Getting sessions for all scopes...
2026-03-03 13:17:01.476 [info] Got 1 sessions for ...
2026-03-03 13:17:01.476 [info] Getting sessions for all scopes...
2026-03-03 13:17:01.476 [info] Got 1 sessions for ...
2026-03-03 13:17:01.477 [info] Getting sessions for read:user,repo,user:email,workflow...
2026-03-03 13:17:01.477 [info] Got 1 sessions for read:user,repo,user:email,workflow...
2026-03-03 13:17:01.479 [info] Getting sessions for all scopes...
2026-03-03 13:17:01.479 [info] Got 1 sessions for ...
2026-03-03 13:17:01.479 [info] Getting sessions for read:user,repo,user:email,workflow...
2026-03-03 13:17:01.479 [info] Got 1 sessions for read:user,repo,user:email,workflow...
2026-03-03 14:12:02.001 [info] Getting sessions for all scopes...
2026-03-03 14:12:02.001 [info] Got 1 sessions for ...
2026-03-03 14:12:02.002 [info] Getting sessions for read:user,repo,user:email,workflow...
2026-03-03 14:12:02.002 [info] Got 1 sessions for read:user,repo,user:email,workflow...
2026-03-03 14:12:02.491 [info] Getting sessions for all scopes...
2026-03-03 14:12:02.491 [info] Got 1 sessions for ...
2026-03-03 14:12:02.491 [info] Getting sessions for all scopes...
2026-03-03 14:12:02.491 [info] Got 1 sessions for ...
2026-03-03 14:12:02.491 [info] Getting sessions for read:user,repo,user:email,workflow...
2026-03-03 14:12:02.491 [info] Got 1 sessions for read:user,repo,user:email,workflow...
2026-03-03 14:12:02.494 [info] Getting sessions for all scopes...
2026-03-03 14:12:02.494 [info] Got 1 sessions for ...
2026-03-03 14:12:02.494 [info] Getting sessions for read:user,repo,user:email,workflow...
2026-03-03 14:12:02.494 [info] Got 1 sessions for read:user,repo,user:email,workflow...
2026-03-03 15:07:03.001 [info] Getting sessions for all scopes...
2026-03-03 15:07:03.002 [info] Got 1 sessions for ...
2026-03-03 15:07:03.002 [info] Getting sessions for read:user,repo,user:email,workflow...
2026-03-03 15:07:03.002 [info] Got 1 sessions for read:user,repo,user:email,workflow...
2026-03-03 15:07:03.486 [info] Getting sessions for all scopes...
2026-03-03 15:07:03.486 [info] Got 1 sessions for ...
2026-03-03 15:07:03.486 [info] Getting sessions for all scopes...
2026-03-03 15:07:03.486 [info] Got 1 sessions for ...
2026-03-03 15:07:03.486 [info] Getting sessions for read:user,repo,user:email,workflow...
2026-03-03 15:07:03.486 [info] Got 1 sessions for read:user,repo,user:email,workflow...
2026-03-03 15:07:03.489 [info] Getting sessions for all scopes...
2026-03-03 15:07:03.489 [info] Got 1 sessions for ...
2026-03-03 15:07:03.489 [info] Getting sessions for read:user,repo,user:email,workflow...
2026-03-03 15:07:03.489 [info] Got 1 sessions for read:user,repo,user:email,workflow...
2026-03-03 16:02:04.001 [info] Getting sessions for all scopes...
2026-03-03 16:02:04.001 [info] Got 1 sessions for ...
2026-03-03 16:02:04.001 [info] Getting sessions for read:user,repo,user:email,workflow...
2026-03-03 16:02:04.001 [info] Got 1 sessions for read:user,repo,user:email,workflow...
2026-03-03 16:02:04.568 [info] Getting sessions for all scopes...
2026-03-03 16:02:04.568 [info] Got 1 sessions for ...
2026-03-03 16:02:04.568 [info] Getting sessions for all scopes...
2026-03-03 16:02:04.568 [info] Got 1 sessions for ...
2026-03-03 16:02:04.568 [info] Getting sessions for read:user,repo,user:email,workflow...
2026-03-03 16:02:04.568 [info] Got 1 sessions for read:user,repo,user:email,workflow...
2026-03-03 16:02:04.570 [info] Getting sessions for all scopes...
2026-03-03 16:02:04.570 [info] Got 1 sessions for ...
2026-03-03 16:02:04.572 [info] Getting sessions for read:user,repo,user:email,workflow...
2026-03-03 16:02:04.572 [info] Got 1 sessions for read:user,repo,user:email,workflow...
2026-03-03 16:57:05.000 [info] Getting sessions for all scopes...
2026-03-03 16:57:05.000 [info] Got 1 sessions for ...
2026-03-03 16:57:05.001 [info] Getting sessions for read:user,repo,user:email,workflow...
2026-03-03 16:57:05.001 [info] Got 1 sessions for read:user,repo,user:email,workflow...
2026-03-03 16:57:05.446 [info] Getting sessions for all scopes...
2026-03-03 16:57:05.446 [info] Got 1 sessions for ...
2026-03-03 16:57:05.446 [info] Getting sessions for all scopes...
2026-03-03 16:57:05.446 [info] Got 1 sessions for ...
2026-03-03 16:57:05.447 [info] Getting sessions for read:user,repo,user:email,workflow...
2026-03-03 16:57:05.447 [info] Got 1 sessions for read:user,repo,user:email,workflow...
2026-03-03 16:57:05.449 [info] Getting sessions for all scopes...
2026-03-03 16:57:05.449 [info] Got 1 sessions for ...
2026-03-03 16:57:05.449 [info] Getting sessions for read:user,repo,user:email,workflow...
2026-03-03 16:57:05.449 [info] Got 1 sessions for read:user,repo,user:email,workflow...
2026-03-03 17:52:05.002 [info] Getting sessions for all scopes...
2026-03-03 17:52:05.002 [info] Got 1 sessions for ...
2026-03-03 17:52:05.002 [info] Getting sessions for read:user,repo,user:email,workflow...
2026-03-03 17:52:05.002 [info] Got 1 sessions for read:user,repo,user:email,workflow...
2026-03-03 17:52:05.531 [info] Getting sessions for all scopes...
2026-03-03 17:52:05.531 [info] Got 1 sessions for ...
2026-03-03 17:52:05.531 [info] Getting sessions for all scopes...
2026-03-03 17:52:05.532 [info] Got 1 sessions for ...
2026-03-03 17:52:05.532 [info] Getting sessions for read:user,repo,user:email,workflow...
2026-03-03 17:52:05.532 [info] Got 1 sessions for read:user,repo,user:email,workflow...
2026-03-03 17:52:05.534 [info] Getting sessions for all scopes...
2026-03-03 17:52:05.534 [info] Got 1 sessions for ...
2026-03-03 17:52:05.534 [info] Getting sessions for read:user,repo,user:email,workflow...
2026-03-03 17:52:05.534 [info] Got 1 sessions for read:user,repo,user:email,workflow...
2026-03-03 18:47:06.000 [info] Getting sessions for all scopes...
2026-03-03 18:47:06.000 [info] Got 1 sessions for ...
2026-03-03 18:47:06.000 [info] Getting sessions for read:user,repo,user:email,workflow...
2026-03-03 18:47:06.000 [info] Got 1 sessions for read:user,repo,user:email,workflow...
2026-03-03 18:47:06.434 [info] Getting sessions for all scopes...
2026-03-03 18:47:06.434 [info] Got 1 sessions for ...
2026-03-03 18:47:06.434 [info] Getting sessions for all scopes...
2026-03-03 18:47:06.434 [info] Got 1 sessions for ...
2026-03-03 18:47:06.435 [info] Getting sessions for read:user,repo,user:email,workflow...
2026-03-03 18:47:06.435 [info] Got 1 sessions for read:user,repo,user:email,workflow...
2026-03-03 18:47:06.437 [info] Getting sessions for all scopes...
2026-03-03 18:47:06.437 [info] Got 1 sessions for ...
2026-03-03 18:47:06.437 [info] Getting sessions for read:user,repo,user:email,workflow...
2026-03-03 18:47:06.437 [info] Got 1 sessions for read:user,repo,user:email,workflow...
2026-03-03 19:42:06.001 [info] Getting sessions for all scopes...
2026-03-03 19:42:06.001 [info] Got 1 sessions for ...
2026-03-03 19:42:06.002 [info] Getting sessions for read:user,repo,user:email,workflow...
2026-03-03 19:42:06.002 [info] Got 1 sessions for read:user,repo,user:email,workflow...
2026-03-03 19:42:06.437 [info] Getting sessions for all scopes...
2026-03-03 19:42:06.437 [info] Got 1 sessions for ...
2026-03-03 19:42:06.437 [info] Getting sessions for all scopes...
2026-03-03 19:42:06.437 [info] Got 1 sessions for ...
2026-03-03 19:42:06.437 [info] Getting sessions for read:user,repo,user:email,workflow...
2026-03-03 19:42:06.437 [info] Got 1 sessions for read:user,repo,user:email,workflow...
2026-03-03 19:42:06.439 [info] Getting sessions for all scopes...
2026-03-03 19:42:06.439 [info] Got 1 sessions for ...
2026-03-03 19:42:06.439 [info] Getting sessions for read:user,repo,user:email,workflow...
2026-03-03 19:42:06.439 [info] Got 1 sessions for read:user,repo,user:email,workflow...
2026-03-03 20:37:06.001 [info] Getting sessions for all scopes...
2026-03-03 20:37:06.001 [info] Got 1 sessions for ...
2026-03-03 20:37:06.001 [info] Getting sessions for read:user,repo,user:email,workflow...
2026-03-03 20:37:06.001 [info] Got 1 sessions for read:user,repo,user:email,workflow...
2026-03-03 20:37:06.462 [info] Getting sessions for all scopes...
2026-03-03 20:37:06.462 [info] Got 1 sessions for ...
2026-03-03 20:37:06.462 [info] Getting sessions for all scopes...
2026-03-03 20:37:06.462 [info] Got 1 sessions for ...
2026-03-03 20:37:06.463 [info] Getting sessions for read:user,repo,user:email,workflow...
2026-03-03 20:37:06.463 [info] Got 1 sessions for read:user,repo,user:email,workflow...
2026-03-03 20:37:06.465 [info] Getting sessions for all scopes...
2026-03-03 20:37:06.465 [info] Got 1 sessions for ...
2026-03-03 20:37:06.465 [info] Getting sessions for read:user,repo,user:email,workflow...
2026-03-03 20:37:06.465 [info] Got 1 sessions for read:user,repo,user:email,workflow...
2026-03-03 21:32:07.001 [info] Getting sessions for all scopes...
2026-03-03 21:32:07.001 [info] Got 1 sessions for ...
2026-03-03 21:32:07.002 [info] Getting sessions for read:user,repo,user:email,workflow...
2026-03-03 21:32:07.002 [info] Got 1 sessions for read:user,repo,user:email,workflow...
2026-03-03 21:32:07.436 [info] Getting sessions for all scopes...
2026-03-03 21:32:07.436 [info] Got 1 sessions for ...
2026-03-03 21:32:07.436 [info] Getting sessions for all scopes...
2026-03-03 21:32:07.436 [info] Got 1 sessions for ...
2026-03-03 21:32:07.436 [info] Getting sessions for read:user,repo,user:email,workflow...
2026-03-03 21:32:07.436 [info] Got 1 sessions for read:user,repo,user:email,workflow...
2026-03-03 21:32:07.438 [info] Getting sessions for all scopes...
2026-03-03 21:32:07.438 [info] Got 1 sessions for ...
2026-03-03 21:32:07.439 [info] Getting sessions for read:user,repo,user:email,workflow...
2026-03-03 21:32:07.439 [info] Got 1 sessions for read:user,repo,user:email,workflow...
2026-03-03 22:27:07.001 [info] Getting sessions for all scopes...
2026-03-03 22:27:07.001 [info] Got 1 sessions for ...
2026-03-03 22:27:07.002 [info] Getting sessions for read:user,repo,user:email,workflow...
2026-03-03 22:27:07.002 [info] Got 1 sessions for read:user,repo,user:email,workflow...
2026-03-03 22:27:07.447 [info] Getting sessions for all scopes...
2026-03-03 22:27:07.447 [info] Got 1 sessions for ...
2026-03-03 22:27:07.447 [info] Getting sessions for all scopes...
2026-03-03 22:27:07.447 [info] Got 1 sessions for ...
2026-03-03 22:27:07.447 [info] Getting sessions for read:user,repo,user:email,workflow...
2026-03-03 22:27:07.447 [info] Got 1 sessions for read:user,repo,user:email,workflow...
2026-03-03 22:27:07.449 [info] Getting sessions for all scopes...
2026-03-03 22:27:07.449 [info] Got 1 sessions for ...
2026-03-03 22:27:07.450 [info] Getting sessions for read:user,repo,user:email,workflow...
2026-03-03 22:27:07.450 [info] Got 1 sessions for read:user,repo,user:email,workflow...
2026-03-03 23:22:07.001 [info] Getting sessions for all scopes...
2026-03-03 23:22:07.001 [info] Got 1 sessions for ...
2026-03-03 23:22:07.002 [info] Getting sessions for read:user,repo,user:email,workflow...
2026-03-03 23:22:07.002 [info] Got 1 sessions for read:user,repo,user:email,workflow...
2026-03-03 23:22:07.447 [info] Getting sessions for all scopes...
2026-03-03 23:22:07.447 [info] Got 1 sessions for ...
2026-03-03 23:22:07.447 [info] Getting sessions for all scopes...
2026-03-03 23:22:07.447 [info] Got 1 sessions for ...
2026-03-03 23:22:07.447 [info] Getting sessions for read:user,repo,user:email,workflow...
2026-03-03 23:22:07.447 [info] Got 1 sessions for read:user,repo,user:email,workflow...
2026-03-03 23:22:07.449 [info] Getting sessions for all scopes...
2026-03-03 23:22:07.449 [info] Got 1 sessions for ...
2026-03-03 23:22:07.449 [info] Getting sessions for read:user,repo,user:email,workflow...
2026-03-03 23:22:07.449 [info] Got 1 sessions for read:user,repo,user:email,workflow...
2026-03-04 00:17:07.001 [info] Getting sessions for all scopes...
2026-03-04 00:17:07.001 [info] Got 1 sessions for ...
2026-03-04 00:17:07.002 [info] Getting sessions for read:user,repo,user:email,workflow...
2026-03-04 00:17:07.002 [info] Got 1 sessions for read:user,repo,user:email,workflow...
2026-03-04 00:17:07.554 [info] Getting sessions for all scopes...
2026-03-04 00:17:07.554 [info] Got 1 sessions for ...
2026-03-04 00:17:07.554 [info] Getting sessions for all scopes...
2026-03-04 00:17:07.554 [info] Got 1 sessions for ...
2026-03-04 00:17:07.554 [info] Getting sessions for read:user,repo,user:email,workflow...
2026-03-04 00:17:07.554 [info] Got 1 sessions for read:user,repo,user:email,workflow...
2026-03-04 00:17:07.556 [info] Getting sessions for all scopes...
2026-03-04 00:17:07.556 [info] Got 1 sessions for ...
2026-03-04 00:17:07.556 [info] Getting sessions for read:user,repo,user:email,workflow...
2026-03-04 00:17:07.556 [info] Got 1 sessions for read:user,repo,user:email,workflow...
2026-03-04 01:12:08.001 [info] Getting sessions for all scopes...
2026-03-04 01:12:08.001 [info] Got 1 sessions for ...
2026-03-04 01:12:08.002 [info] Getting sessions for read:user,repo,user:email,workflow...
2026-03-04 01:12:08.002 [info] Got 1 sessions for read:user,repo,user:email,workflow...
2026-03-04 01:12:08.501 [info] Getting sessions for all scopes...
2026-03-04 01:12:08.501 [info] Got 1 sessions for ...
2026-03-04 01:12:08.501 [info] Getting sessions for all scopes...
2026-03-04 01:12:08.501 [info] Got 1 sessions for ...
2026-03-04 01:12:08.501 [info] Getting sessions for read:user,repo,user:email,workflow...
2026-03-04 01:12:08.501 [info] Got 1 sessions for read:user,repo,user:email,workflow...
2026-03-04 01:12:08.503 [info] Getting sessions for all scopes...
2026-03-04 01:12:08.503 [info] Got 1 sessions for ...
2026-03-04 01:12:08.504 [info] Getting sessions for read:user,repo,user:email,workflow...
2026-03-04 01:12:08.504 [info] Got 1 sessions for read:user,repo,user:email,workflow...
2026-03-04 02:07:09.000 [info] Getting sessions for all scopes...
2026-03-04 02:07:09.000 [info] Got 1 sessions for ...
2026-03-04 02:07:09.001 [info] Getting sessions for read:user,repo,user:email,workflow...
2026-03-04 02:07:09.001 [info] Got 1 sessions for read:user,repo,user:email,workflow...
2026-03-04 02:07:09.572 [info] Getting sessions for all scopes...
2026-03-04 02:07:09.572 [info] Got 1 sessions for ...
2026-03-04 02:07:09.572 [info] Getting sessions for all scopes...
2026-03-04 02:07:09.572 [info] Got 1 sessions for ...
2026-03-04 02:07:09.572 [info] Getting sessions for read:user,repo,user:email,workflow...
2026-03-04 02:07:09.572 [info] Got 1 sessions for read:user,repo,user:email,workflow...
2026-03-04 02:07:09.575 [info] Getting sessions for all scopes...
2026-03-04 02:07:09.575 [info] Got 1 sessions for ...
2026-03-04 02:07:09.575 [info] Getting sessions for read:user,repo,user:email,workflow...
2026-03-04 02:07:09.575 [info] Got 1 sessions for read:user,repo,user:email,workflow...
2026-03-04 03:02:10.000 [info] Getting sessions for all scopes...
2026-03-04 03:02:10.000 [info] Got 1 sessions for ...
2026-03-04 03:02:10.000 [info] Getting sessions for read:user,repo,user:email,workflow...
2026-03-04 03:02:10.000 [info] Got 1 sessions for read:user,repo,user:email,workflow...
2026-03-04 03:02:10.509 [info] Getting sessions for all scopes...
2026-03-04 03:02:10.509 [info] Got 1 sessions for ...
2026-03-04 03:02:10.509 [info] Getting sessions for all scopes...
2026-03-04 03:02:10.509 [info] Got 1 sessions for ...
2026-03-04 03:02:10.510 [info] Getting sessions for read:user,repo,user:email,workflow...
2026-03-04 03:02:10.510 [info] Got 1 sessions for read:user,repo,user:email,workflow...
2026-03-04 03:02:10.512 [info] Getting sessions for all scopes...
2026-03-04 03:02:10.512 [info] Got 1 sessions for ...
2026-03-04 03:02:10.512 [info] Getting sessions for read:user,repo,user:email,workflow...
2026-03-04 03:02:10.512 [info] Got 1 sessions for read:user,repo,user:email,workflow...
2026-03-04 03:57:11.001 [info] Getting sessions for all scopes...
2026-03-04 03:57:11.001 [info] Got 1 sessions for ...
2026-03-04 03:57:11.002 [info] Getting sessions for read:user,repo,user:email,workflow...
2026-03-04 03:57:11.002 [info] Got 1 sessions for read:user,repo,user:email,workflow...
2026-03-04 03:57:11.493 [info] Getting sessions for all scopes...
2026-03-04 03:57:11.493 [info] Got 1 sessions for ...
2026-03-04 03:57:11.493 [info] Getting sessions for all scopes...
2026-03-04 03:57:11.493 [info] Got 1 sessions for ...
2026-03-04 03:57:11.493 [info] Getting sessions for read:user,repo,user:email,workflow...
2026-03-04 03:57:11.493 [info] Got 1 sessions for read:user,repo,user:email,workflow...
2026-03-04 03:57:11.495 [info] Getting sessions for all scopes...
2026-03-04 03:57:11.495 [info] Got 1 sessions for ...
2026-03-04 03:57:11.495 [info] Getting sessions for read:user,repo,user:email,workflow...
2026-03-04 03:57:11.495 [info] Got 1 sessions for read:user,repo,user:email,workflow...
2026-03-04 04:52:12.000 [info] Getting sessions for all scopes...
2026-03-04 04:52:12.000 [info] Got 1 sessions for ...
2026-03-04 04:52:12.001 [info] Getting sessions for read:user,repo,user:email,workflow...
2026-03-04 04:52:12.001 [info] Got 1 sessions for read:user,repo,user:email,workflow...
2026-03-04 04:52:12.629 [info] Getting sessions for all scopes...
2026-03-04 04:52:12.629 [info] Got 1 sessions for ...
2026-03-04 04:52:12.629 [info] Getting sessions for all scopes...
2026-03-04 04:52:12.629 [info] Got 1 sessions for ...
2026-03-04 04:52:12.629 [info] Getting sessions for read:user,repo,user:email,workflow...
2026-03-04 04:52:12.629 [info] Got 1 sessions for read:user,repo,user:email,workflow...
2026-03-04 04:52:12.631 [info] Getting sessions for all scopes...
2026-03-04 04:52:12.631 [info] Got 1 sessions for ...
2026-03-04 04:52:12.632 [info] Getting sessions for read:user,repo,user:email,workflow...
2026-03-04 04:52:12.632 [info] Got 1 sessions for read:user,repo,user:email,workflow...
2026-03-04 05:47:13.000 [info] Getting sessions for all scopes...
2026-03-04 05:47:13.000 [info] Got 1 sessions for ...
2026-03-04 05:47:13.000 [info] Getting sessions for read:user,repo,user:email,workflow...
2026-03-04 05:47:13.000 [info] Got 1 sessions for read:user,repo,user:email,workflow...
2026-03-04 05:47:13.467 [info] Getting sessions for all scopes...
2026-03-04 05:47:13.467 [info] Got 1 sessions for ...
2026-03-04 05:47:13.467 [info] Getting sessions for all scopes...
2026-03-04 05:47:13.467 [info] Got 1 sessions for ...
2026-03-04 05:47:13.467 [info] Getting sessions for read:user,repo,user:email,workflow...
2026-03-04 05:47:13.467 [info] Got 1 sessions for read:user,repo,user:email,workflow...
2026-03-04 05:47:13.469 [info] Getting sessions for all scopes...
2026-03-04 05:47:13.469 [info] Got 1 sessions for ...
2026-03-04 05:47:13.469 [info] Getting sessions for read:user,repo,user:email,workflow...
2026-03-04 05:47:13.469 [info] Got 1 sessions for read:user,repo,user:email,workflow...
2026-03-04 06:42:14.001 [info] Getting sessions for all scopes...
2026-03-04 06:42:14.001 [info] Got 1 sessions for ...
2026-03-04 06:42:14.002 [info] Getting sessions for read:user,repo,user:email,workflow...
2026-03-04 06:42:14.002 [info] Got 1 sessions for read:user,repo,user:email,workflow...
2026-03-04 06:42:14.516 [info] Getting sessions for all scopes...
2026-03-04 06:42:14.516 [info] Got 1 sessions for ...
2026-03-04 06:42:14.516 [info] Getting sessions for all scopes...
2026-03-04 06:42:14.516 [info] Got 1 sessions for ...
2026-03-04 06:42:14.517 [info] Getting sessions for read:user,repo,user:email,workflow...
2026-03-04 06:42:14.517 [info] Got 1 sessions for read:user,repo,user:email,workflow...
2026-03-04 06:42:14.519 [info] Getting sessions for all scopes...
2026-03-04 06:42:14.519 [info] Got 1 sessions for ...
2026-03-04 06:42:14.519 [info] Getting sessions for read:user,repo,user:email,workflow...
2026-03-04 06:42:14.519 [info] Got 1 sessions for read:user,repo,user:email,workflow...
2026-03-04 07:37:15.000 [info] Getting sessions for all scopes...
2026-03-04 07:37:15.000 [info] Got 1 sessions for ...
2026-03-04 07:37:15.001 [info] Getting sessions for read:user,repo,user:email,workflow...
2026-03-04 07:37:15.001 [info] Got 1 sessions for read:user,repo,user:email,workflow...
2026-03-04 07:37:15.475 [info] Getting sessions for all scopes...
2026-03-04 07:37:15.475 [info] Got 1 sessions for ...
2026-03-04 07:37:15.475 [info] Getting sessions for all scopes...
2026-03-04 07:37:15.475 [info] Got 1 sessions for ...
2026-03-04 07:37:15.475 [info] Getting sessions for read:user,repo,user:email,workflow...
2026-03-04 07:37:15.475 [info] Got 1 sessions for read:user,repo,user:email,workflow...
2026-03-04 07:37:15.477 [info] Getting sessions for all scopes...
2026-03-04 07:37:15.477 [info] Got 1 sessions for ...
2026-03-04 07:37:15.477 [info] Getting sessions for read:user,repo,user:email,workflow...
2026-03-04 07:37:15.477 [info] Got 1 sessions for read:user,repo,user:email,workflow...
2026-03-04 08:32:16.001 [info] Getting sessions for all scopes...
2026-03-04 08:32:16.001 [info] Got 1 sessions for ...
2026-03-04 08:32:16.002 [info] Getting sessions for read:user,repo,user:email,workflow...
2026-03-04 08:32:16.002 [info] Got 1 sessions for read:user,repo,user:email,workflow...
2026-03-04 08:32:16.493 [info] Getting sessions for all scopes...
2026-03-04 08:32:16.493 [info] Got 1 sessions for ...
2026-03-04 08:32:16.493 [info] Getting sessions for all scopes...
2026-03-04 08:32:16.493 [info] Got 1 sessions for ...
2026-03-04 08:32:16.494 [info] Getting sessions for read:user,repo,user:email,workflow...
2026-03-04 08:32:16.494 [info] Got 1 sessions for read:user,repo,user:email,workflow...
2026-03-04 08:32:16.496 [info] Getting sessions for all scopes...
2026-03-04 08:32:16.496 [info] Got 1 sessions for ...
2026-03-04 08:32:16.496 [info] Getting sessions for read:user,repo,user:email,workflow...
2026-03-04 08:32:16.496 [info] Got 1 sessions for read:user,repo,user:email,workflow...
2026-03-04 09:27:17.002 [info] Getting sessions for all scopes...
2026-03-04 09:27:17.002 [info] Got 1 sessions for ...
2026-03-04 09:27:17.002 [info] Getting sessions for read:user,repo,user:email,workflow...
2026-03-04 09:27:17.002 [info] Got 1 sessions for read:user,repo,user:email,workflow...
2026-03-04 09:27:17.584 [info] Getting sessions for all scopes...
2026-03-04 09:27:17.584 [info] Got 1 sessions for ...
2026-03-04 09:27:17.584 [info] Getting sessions for all scopes...
2026-03-04 09:27:17.584 [info] Got 1 sessions for ...
2026-03-04 09:27:17.584 [info] Getting sessions for read:user,repo,user:email,workflow...
2026-03-04 09:27:17.584 [info] Got 1 sessions for read:user,repo,user:email,workflow...
2026-03-04 09:27:17.587 [info] Getting sessions for all scopes...
2026-03-04 09:27:17.587 [info] Got 1 sessions for ...
2026-03-04 09:27:17.587 [info] Getting sessions for read:user,repo,user:email,workflow...
2026-03-04 09:27:17.587 [info] Got 1 sessions for read:user,repo,user:email,workflow...
2026-03-04 10:22:18.000 [info] Getting sessions for all scopes...
2026-03-04 10:22:18.000 [info] Got 1 sessions for ...
2026-03-04 10:22:18.000 [info] Getting sessions for read:user,repo,user:email,workflow...
2026-03-04 10:22:18.000 [info] Got 1 sessions for read:user,repo,user:email,workflow...
2026-03-04 10:22:18.465 [info] Getting sessions for all scopes...
2026-03-04 10:22:18.465 [info] Got 1 sessions for ...
2026-03-04 10:22:18.465 [info] Getting sessions for all scopes...
2026-03-04 10:22:18.465 [info] Got 1 sessions for ...
2026-03-04 10:22:18.466 [info] Getting sessions for read:user,repo,user:email,workflow...
2026-03-04 10:22:18.466 [info] Got 1 sessions for read:user,repo,user:email,workflow...
2026-03-04 10:22:18.468 [info] Getting sessions for all scopes...
2026-03-04 10:22:18.468 [info] Got 1 sessions for ...
2026-03-04 10:22:18.468 [info] Getting sessions for read:user,repo,user:email,workflow...
2026-03-04 10:22:18.468 [info] Got 1 sessions for read:user,repo,user:email,workflow...
2026-03-04 11:17:19.001 [info] Getting sessions for all scopes...
2026-03-04 11:17:19.001 [info] Got 1 sessions for ...
2026-03-04 11:17:19.001 [info] Getting sessions for read:user,repo,user:email,workflow...
2026-03-04 11:17:19.001 [info] Got 1 sessions for read:user,repo,user:email,workflow...
2026-03-04 11:17:19.563 [info] Getting sessions for all scopes...
2026-03-04 11:17:19.563 [info] Got 1 sessions for ...
2026-03-04 11:17:19.563 [info] Getting sessions for all scopes...
2026-03-04 11:17:19.563 [info] Got 1 sessions for ...
2026-03-04 11:17:19.563 [info] Getting sessions for read:user,repo,user:email,workflow...
2026-03-04 11:17:19.563 [info] Got 1 sessions for read:user,repo,user:email,workflow...
2026-03-04 11:17:19.565 [info] Getting sessions for all scopes...
2026-03-04 11:17:19.565 [info] Got 1 sessions for ...
2026-03-04 11:17:19.566 [info] Getting sessions for read:user,repo,user:email,workflow...
2026-03-04 11:17:19.566 [info] Got 1 sessions for read:user,repo,user:email,workflow...
2026-03-04 12:12:20.000 [info] Getting sessions for all scopes...
2026-03-04 12:12:20.000 [info] Got 1 sessions for ...
2026-03-04 12:12:20.000 [info] Getting sessions for read:user,repo,user:email,workflow...
2026-03-04 12:12:20.000 [info] Got 1 sessions for read:user,repo,user:email,workflow...
2026-03-04 12:12:20.464 [info] Getting sessions for all scopes...
2026-03-04 12:12:20.464 [info] Got 1 sessions for ...
2026-03-04 12:12:20.464 [info] Getting sessions for all scopes...
2026-03-04 12:12:20.464 [info] Got 1 sessions for ...
2026-03-04 12:12:20.464 [info] Getting sessions for read:user,repo,user:email,workflow...
2026-03-04 12:12:20.464 [info] Got 1 sessions for read:user,repo,user:email,workflow...
2026-03-04 12:12:20.467 [info] Getting sessions for all scopes...
2026-03-04 12:12:20.467 [info] Got 1 sessions for ...
2026-03-04 12:12:20.467 [info] Getting sessions for read:user,repo,user:email,workflow...
2026-03-04 12:12:20.467 [info] Got 1 sessions for read:user,repo,user:email,workflow...
2026-03-04 13:07:20.001 [info] Getting sessions for all scopes...
2026-03-04 13:07:20.001 [info] Got 1 sessions for ...
2026-03-04 13:07:20.002 [info] Getting sessions for read:user,repo,user:email,workflow...
2026-03-04 13:07:20.002 [info] Got 1 sessions for read:user,repo,user:email,workflow...
2026-03-04 13:07:20.478 [info] Getting sessions for all scopes...
2026-03-04 13:07:20.478 [info] Got 1 sessions for ...
2026-03-04 13:07:20.478 [info] Getting sessions for all scopes...
2026-03-04 13:07:20.478 [info] Got 1 sessions for ...
2026-03-04 13:07:20.479 [info] Getting sessions for read:user,repo,user:email,workflow...
2026-03-04 13:07:20.479 [info] Got 1 sessions for read:user,repo,user:email,workflow...
2026-03-04 13:07:20.481 [info] Getting sessions for all scopes...
2026-03-04 13:07:20.481 [info] Got 1 sessions for ...
2026-03-04 13:07:20.481 [info] Getting sessions for read:user,repo,user:email,workflow...
2026-03-04 13:07:20.481 [info] Got 1 sessions for read:user,repo,user:email,workflow...
2026-03-04 14:02:21.001 [info] Getting sessions for all scopes...
2026-03-04 14:02:21.001 [info] Got 1 sessions for ...
2026-03-04 14:02:21.001 [info] Getting sessions for read:user,repo,user:email,workflow...
2026-03-04 14:02:21.001 [info] Got 1 sessions for read:user,repo,user:email,workflow...
2026-03-04 14:02:21.531 [info] Getting sessions for all scopes...
2026-03-04 14:02:21.531 [info] Got 1 sessions for ...
2026-03-04 14:02:21.531 [info] Getting sessions for all scopes...
2026-03-04 14:02:21.531 [info] Got 1 sessions for ...
2026-03-04 14:02:21.531 [info] Getting sessions for read:user,repo,user:email,workflow...
2026-03-04 14:02:21.531 [info] Got 1 sessions for read:user,repo,user:email,workflow...
2026-03-04 14:02:21.533 [info] Getting sessions for all scopes...
2026-03-04 14:02:21.533 [info] Got 1 sessions for ...
2026-03-04 14:02:21.534 [info] Getting sessions for read:user,repo,user:email,workflow...
2026-03-04 14:02:21.534 [info] Got 1 sessions for read:user,repo,user:email,workflow...
2026-03-04 14:57:22.000 [info] Getting sessions for all scopes...
2026-03-04 14:57:22.000 [info] Got 1 sessions for ...
2026-03-04 14:57:22.000 [info] Getting sessions for read:user,repo,user:email,workflow...
2026-03-04 14:57:22.000 [info] Got 1 sessions for read:user,repo,user:email,workflow...
2026-03-04 14:57:22.442 [info] Getting sessions for all scopes...
2026-03-04 14:57:22.442 [info] Got 1 sessions for ...
2026-03-04 14:57:22.442 [info] Getting sessions for all scopes...
2026-03-04 14:57:22.442 [info] Got 1 sessions for ...
2026-03-04 14:57:22.442 [info] Getting sessions for read:user,repo,user:email,workflow...
2026-03-04 14:57:22.442 [info] Got 1 sessions for read:user,repo,user:email,workflow...
2026-03-04 14:57:22.444 [info] Getting sessions for all scopes...
2026-03-04 14:57:22.444 [info] Got 1 sessions for ...
2026-03-04 14:57:22.445 [info] Getting sessions for read:user,repo,user:email,workflow...
2026-03-04 14:57:22.445 [info] Got 1 sessions for read:user,repo,user:email,workflow...
2026-03-04 15:52:22.001 [info] Getting sessions for all scopes...
2026-03-04 15:52:22.002 [info] Got 1 sessions for ...
2026-03-04 15:52:22.002 [info] Getting sessions for read:user,repo,user:email,workflow...
2026-03-04 15:52:22.002 [info] Got 1 sessions for read:user,repo,user:email,workflow...
2026-03-04 15:52:22.412 [info] Getting sessions for all scopes...
2026-03-04 15:52:22.412 [info] Got 1 sessions for ...
2026-03-04 15:52:22.412 [info] Getting sessions for all scopes...
2026-03-04 15:52:22.412 [info] Got 1 sessions for ...
2026-03-04 15:52:22.413 [info] Getting sessions for read:user,repo,user:email,workflow...
2026-03-04 15:52:22.413 [info] Got 1 sessions for read:user,repo,user:email,workflow...
2026-03-04 15:52:22.415 [info] Getting sessions for all scopes...
2026-03-04 15:52:22.415 [info] Got 1 sessions for ...
2026-03-04 15:52:22.416 [info] Getting sessions for read:user,repo,user:email,workflow...
2026-03-04 15:52:22.416 [info] Got 1 sessions for read:user,repo,user:email,workflow...
2026-03-04 16:47:22.001 [info] Getting sessions for all scopes...
2026-03-04 16:47:22.001 [info] Got 1 sessions for ...
2026-03-04 16:47:22.001 [info] Getting sessions for read:user,repo,user:email,workflow...
2026-03-04 16:47:22.001 [info] Got 1 sessions for read:user,repo,user:email,workflow...
2026-03-04 16:47:22.454 [info] Getting sessions for all scopes...
2026-03-04 16:47:22.454 [info] Got 1 sessions for ...
2026-03-04 16:47:22.454 [info] Getting sessions for all scopes...
2026-03-04 16:47:22.454 [info] Got 1 sessions for ...
2026-03-04 16:47:22.454 [info] Getting sessions for read:user,repo,user:email,workflow...
2026-03-04 16:47:22.454 [info] Got 1 sessions for read:user,repo,user:email,workflow...
2026-03-04 16:47:22.456 [info] Getting sessions for all scopes...
2026-03-04 16:47:22.456 [info] Got 1 sessions for ...
2026-03-04 16:47:22.457 [info] Getting sessions for read:user,repo,user:email,workflow...
2026-03-04 16:47:22.457 [info] Got 1 sessions for read:user,repo,user:email,workflow...
2026-03-04 17:42:22.003 [info] Getting sessions for all scopes...
2026-03-04 17:42:22.003 [info] Got 1 sessions for ...
2026-03-04 17:42:22.004 [info] Getting sessions for read:user,repo,user:email,workflow...
2026-03-04 17:42:22.004 [info] Got 1 sessions for read:user,repo,user:email,workflow...
2026-03-04 17:42:22.615 [info] Getting sessions for all scopes...
2026-03-04 17:42:22.615 [info] Got 1 sessions for ...
2026-03-04 17:42:22.615 [info] Getting sessions for all scopes...
2026-03-04 17:42:22.615 [info] Got 1 sessions for ...
2026-03-04 17:42:22.615 [info] Getting sessions for read:user,repo,user:email,workflow...
2026-03-04 17:42:22.615 [info] Got 1 sessions for read:user,repo,user:email,workflow...
2026-03-04 17:42:22.618 [info] Getting sessions for all scopes...
2026-03-04 17:42:22.618 [info] Got 1 sessions for ...
2026-03-04 17:42:22.618 [info] Getting sessions for read:user,repo,user:email,workflow...
2026-03-04 17:42:22.618 [info] Got 1 sessions for read:user,repo,user:email,workflow...
2026-03-04 18:37:23.001 [info] Getting sessions for all scopes...
2026-03-04 18:37:23.001 [info] Got 1 sessions for ...
2026-03-04 18:37:23.002 [info] Getting sessions for read:user,repo,user:email,workflow...
2026-03-04 18:37:23.002 [info] Got 1 sessions for read:user,repo,user:email,workflow...
2026-03-04 18:37:23.519 [info] Getting sessions for all scopes...
2026-03-04 18:37:23.519 [info] Got 1 sessions for ...
2026-03-04 18:37:23.519 [info] Getting sessions for all scopes...
2026-03-04 18:37:23.519 [info] Got 1 sessions for ...
2026-03-04 18:37:23.519 [info] Getting sessions for read:user,repo,user:email,workflow...
2026-03-04 18:37:23.520 [info] Got 1 sessions for read:user,repo,user:email,workflow...
2026-03-04 18:37:23.521 [info] Getting sessions for all scopes...
2026-03-04 18:37:23.521 [info] Got 1 sessions for ...
2026-03-04 18:37:23.522 [info] Getting sessions for read:user,repo,user:email,workflow...
2026-03-04 18:37:23.522 [info] Got 1 sessions for read:user,repo,user:email,workflow...
2026-03-04 19:32:24.000 [info] Getting sessions for all scopes...
2026-03-04 19:32:24.000 [info] Got 1 sessions for ...
2026-03-04 19:32:24.000 [info] Getting sessions for read:user,repo,user:email,workflow...
2026-03-04 19:32:24.000 [info] Got 1 sessions for read:user,repo,user:email,workflow...
2026-03-04 19:32:24.452 [info] Getting sessions for all scopes...
2026-03-04 19:32:24.452 [info] Got 1 sessions for ...
2026-03-04 19:32:24.452 [info] Getting sessions for all scopes...
2026-03-04 19:32:24.452 [info] Got 1 sessions for ...
2026-03-04 19:32:24.452 [info] Getting sessions for read:user,repo,user:email,workflow...
2026-03-04 19:32:24.452 [info] Got 1 sessions for read:user,repo,user:email,workflow...
2026-03-04 19:32:24.454 [info] Getting sessions for all scopes...
2026-03-04 19:32:24.454 [info] Got 1 sessions for ...
2026-03-04 19:32:24.454 [info] Getting sessions for read:user,repo,user:email,workflow...
2026-03-04 19:32:24.454 [info] Got 1 sessions for read:user,repo,user:email,workflow...
2026-03-04 20:27:24.000 [info] Getting sessions for all scopes...
2026-03-04 20:27:24.000 [info] Got 1 sessions for ...
2026-03-04 20:27:24.001 [info] Getting sessions for read:user,repo,user:email,workflow...
2026-03-04 20:27:24.001 [info] Got 1 sessions for read:user,repo,user:email,workflow...
2026-03-04 20:27:24.437 [info] Getting sessions for all scopes...
2026-03-04 20:27:24.437 [info] Got 1 sessions for ...
2026-03-04 20:27:24.437 [info] Getting sessions for all scopes...
2026-03-04 20:27:24.437 [info] Got 1 sessions for ...
2026-03-04 20:27:24.438 [info] Getting sessions for read:user,repo,user:email,workflow...
2026-03-04 20:27:24.438 [info] Got 1 sessions for read:user,repo,user:email,workflow...
2026-03-04 20:27:24.440 [info] Getting sessions for all scopes...
2026-03-04 20:27:24.440 [info] Got 1 sessions for ...
2026-03-04 20:27:24.440 [info] Getting sessions for read:user,repo,user:email,workflow...
2026-03-04 20:27:24.440 [info] Got 1 sessions for read:user,repo,user:email,workflow...
2026-03-04 21:22:24.001 [info] Getting sessions for all scopes...
2026-03-04 21:22:24.001 [info] Got 1 sessions for ...
2026-03-04 21:22:24.002 [info] Getting sessions for read:user,repo,user:email,workflow...
2026-03-04 21:22:24.002 [info] Got 1 sessions for read:user,repo,user:email,workflow...
2026-03-04 21:22:24.441 [info] Getting sessions for all scopes...
2026-03-04 21:22:24.441 [info] Got 1 sessions for ...
2026-03-04 21:22:24.441 [info] Getting sessions for all scopes...
2026-03-04 21:22:24.441 [info] Got 1 sessions for ...
2026-03-04 21:22:24.442 [info] Getting sessions for read:user,repo,user:email,workflow...
2026-03-04 21:22:24.442 [info] Got 1 sessions for read:user,repo,user:email,workflow...
2026-03-04 21:22:24.444 [info] Getting sessions for all scopes...
2026-03-04 21:22:24.444 [info] Got 1 sessions for ...
2026-03-04 21:22:24.445 [info] Getting sessions for read:user,repo,user:email,workflow...
2026-03-04 21:22:24.445 [info] Got 1 sessions for read:user,repo,user:email,workflow...
2026-03-04 22:17:24.000 [info] Getting sessions for all scopes...
2026-03-04 22:17:24.000 [info] Got 1 sessions for ...
2026-03-04 22:17:24.001 [info] Getting sessions for read:user,repo,user:email,workflow...
2026-03-04 22:17:24.001 [info] Got 1 sessions for read:user,repo,user:email,workflow...
2026-03-04 22:17:24.445 [info] Getting sessions for all scopes...
2026-03-04 22:17:24.445 [info] Got 1 sessions for ...
2026-03-04 22:17:24.445 [info] Getting sessions for all scopes...
2026-03-04 22:17:24.445 [info] Got 1 sessions for ...
2026-03-04 22:17:24.446 [info] Getting sessions for read:user,repo,user:email,workflow...
2026-03-04 22:17:24.446 [info] Got 1 sessions for read:user,repo,user:email,workflow...
2026-03-04 22:17:24.448 [info] Getting sessions for all scopes...
2026-03-04 22:17:24.448 [info] Got 1 sessions for ...
2026-03-04 22:17:24.448 [info] Getting sessions for read:user,repo,user:email,workflow...
2026-03-04 22:17:24.448 [info] Got 1 sessions for read:user,repo,user:email,workflow...
2026-03-04 23:12:24.002 [info] Getting sessions for all scopes...
2026-03-04 23:12:24.002 [info] Got 1 sessions for ...
2026-03-04 23:12:24.002 [info] Getting sessions for read:user,repo,user:email,workflow...
2026-03-04 23:12:24.002 [info] Got 1 sessions for read:user,repo,user:email,workflow...
2026-03-04 23:12:24.424 [info] Getting sessions for all scopes...
2026-03-04 23:12:24.424 [info] Got 1 sessions for ...
2026-03-04 23:12:24.424 [info] Getting sessions for all scopes...
2026-03-04 23:12:24.424 [info] Got 1 sessions for ...
2026-03-04 23:12:24.425 [info] Getting sessions for read:user,repo,user:email,workflow...
2026-03-04 23:12:24.425 [info] Got 1 sessions for read:user,repo,user:email,workflow...
2026-03-04 23:12:24.427 [info] Getting sessions for all scopes...
2026-03-04 23:12:24.427 [info] Got 1 sessions for ...
2026-03-04 23:12:24.427 [info] Getting sessions for read:user,repo,user:email,workflow...
2026-03-04 23:12:24.427 [info] Got 1 sessions for read:user,repo,user:email,workflow...
2026-03-05 00:07:24.001 [info] Getting sessions for all scopes...
2026-03-05 00:07:24.001 [info] Got 1 sessions for ...
2026-03-05 00:07:24.001 [info] Getting sessions for read:user,repo,user:email,workflow...
2026-03-05 00:07:24.001 [info] Got 1 sessions for read:user,repo,user:email,workflow...
2026-03-05 00:07:24.445 [info] Getting sessions for all scopes...
2026-03-05 00:07:24.445 [info] Got 1 sessions for ...
2026-03-05 00:07:24.445 [info] Getting sessions for all scopes...
2026-03-05 00:07:24.445 [info] Got 1 sessions for ...
2026-03-05 00:07:24.445 [info] Getting sessions for read:user,repo,user:email,workflow...
2026-03-05 00:07:24.445 [info] Got 1 sessions for read:user,repo,user:email,workflow...
2026-03-05 00:07:24.449 [info] Getting sessions for all scopes...
2026-03-05 00:07:24.449 [info] Got 1 sessions for ...
2026-03-05 00:07:24.450 [info] Getting sessions for read:user,repo,user:email,workflow...
2026-03-05 00:07:24.450 [info] Got 1 sessions for read:user,repo,user:email,workflow...
2026-03-05 01:02:24.001 [info] Getting sessions for all scopes...
2026-03-05 01:02:24.001 [info] Got 1 sessions for ...
2026-03-05 01:02:24.001 [info] Getting sessions for read:user,repo,user:email,workflow...
2026-03-05 01:02:24.001 [info] Got 1 sessions for read:user,repo,user:email,workflow...
2026-03-05 01:02:24.470 [info] Getting sessions for all scopes...
2026-03-05 01:02:24.470 [info] Got 1 sessions for ...
2026-03-05 01:02:24.470 [info] Getting sessions for all scopes...
2026-03-05 01:02:24.470 [info] Got 1 sessions for ...
2026-03-05 01:02:24.471 [info] Getting sessions for read:user,repo,user:email,workflow...
2026-03-05 01:02:24.471 [info] Got 1 sessions for read:user,repo,user:email,workflow...
2026-03-05 01:02:24.473 [info] Getting sessions for all scopes...
2026-03-05 01:02:24.473 [info] Got 1 sessions for ...
2026-03-05 01:02:24.473 [info] Getting sessions for read:user,repo,user:email,workflow...
2026-03-05 01:02:24.473 [info] Got 1 sessions for read:user,repo,user:email,workflow...
2026-03-05 01:57:24.001 [info] Getting sessions for all scopes...
2026-03-05 01:57:24.001 [info] Got 1 sessions for ...
2026-03-05 01:57:24.002 [info] Getting sessions for read:user,repo,user:email,workflow...
2026-03-05 01:57:24.002 [info] Got 1 sessions for read:user,repo,user:email,workflow...
2026-03-05 01:57:24.434 [info] Getting sessions for all scopes...
2026-03-05 01:57:24.434 [info] Got 1 sessions for ...
2026-03-05 01:57:24.434 [info] Getting sessions for all scopes...
2026-03-05 01:57:24.434 [info] Got 1 sessions for ...
2026-03-05 01:57:24.435 [info] Getting sessions for read:user,repo,user:email,workflow...
2026-03-05 01:57:24.435 [info] Got 1 sessions for read:user,repo,user:email,workflow...
2026-03-05 01:57:24.437 [info] Getting sessions for all scopes...
2026-03-05 01:57:24.437 [info] Got 1 sessions for ...
2026-03-05 01:57:24.438 [info] Getting sessions for read:user,repo,user:email,workflow...
2026-03-05 01:57:24.438 [info] Got 1 sessions for read:user,repo,user:email,workflow...
2026-03-05 02:52:25.000 [info] Getting sessions for all scopes...
2026-03-05 02:52:25.000 [info] Got 1 sessions for ...
2026-03-05 02:52:25.000 [info] Getting sessions for read:user,repo,user:email,workflow...
2026-03-05 02:52:25.000 [info] Got 1 sessions for read:user,repo,user:email,workflow...
2026-03-05 02:52:25.459 [info] Getting sessions for all scopes...
2026-03-05 02:52:25.459 [info] Got 1 sessions for ...
2026-03-05 02:52:25.459 [info] Getting sessions for all scopes...
2026-03-05 02:52:25.459 [info] Got 1 sessions for ...
2026-03-05 02:52:25.460 [info] Getting sessions for read:user,repo,user:email,workflow...
2026-03-05 02:52:25.460 [info] Got 1 sessions for read:user,repo,user:email,workflow...
2026-03-05 02:52:25.462 [info] Getting sessions for all scopes...
2026-03-05 02:52:25.462 [info] Got 1 sessions for ...
2026-03-05 02:52:25.462 [info] Getting sessions for read:user,repo,user:email,workflow...
2026-03-05 02:52:25.462 [info] Got 1 sessions for read:user,repo,user:email,workflow...
2026-03-05 03:47:25.001 [info] Getting sessions for all scopes...
2026-03-05 03:47:25.001 [info] Got 1 sessions for ...
2026-03-05 03:47:25.001 [info] Getting sessions for read:user,repo,user:email,workflow...
2026-03-05 03:47:25.001 [info] Got 1 sessions for read:user,repo,user:email,workflow...
2026-03-05 03:47:25.440 [info] Getting sessions for all scopes...
2026-03-05 03:47:25.440 [info] Got 1 sessions for ...
2026-03-05 03:47:25.440 [info] Getting sessions for all scopes...
2026-03-05 03:47:25.440 [info] Got 1 sessions for ...
2026-03-05 03:47:25.441 [info] Getting sessions for read:user,repo,user:email,workflow...
2026-03-05 03:47:25.441 [info] Got 1 sessions for read:user,repo,user:email,workflow...
2026-03-05 03:47:25.443 [info] Getting sessions for all scopes...
2026-03-05 03:47:25.443 [info] Got 1 sessions for ...
2026-03-05 03:47:25.443 [info] Getting sessions for read:user,repo,user:email,workflow...
2026-03-05 03:47:25.443 [info] Got 1 sessions for read:user,repo,user:email,workflow...
2026-03-05 04:42:26.002 [info] Getting sessions for all scopes...
2026-03-05 04:42:26.002 [info] Got 1 sessions for ...
2026-03-05 04:42:26.002 [info] Getting sessions for read:user,repo,user:email,workflow...
2026-03-05 04:42:26.002 [info] Got 1 sessions for read:user,repo,user:email,workflow...
2026-03-05 04:42:26.517 [info] Getting sessions for all scopes...
2026-03-05 04:42:26.517 [info] Got 1 sessions for ...
2026-03-05 04:42:26.517 [info] Getting sessions for all scopes...
2026-03-05 04:42:26.517 [info] Got 1 sessions for ...
2026-03-05 04:42:26.518 [info] Getting sessions for read:user,repo,user:email,workflow...
2026-03-05 04:42:26.518 [info] Got 1 sessions for read:user,repo,user:email,workflow...
2026-03-05 04:42:26.520 [info] Getting sessions for all scopes...
2026-03-05 04:42:26.520 [info] Got 1 sessions for ...
2026-03-05 04:42:26.521 [info] Getting sessions for read:user,repo,user:email,workflow...
2026-03-05 04:42:26.521 [info] Got 1 sessions for read:user,repo,user:email,workflow...
2026-03-05 05:37:27.001 [info] Getting sessions for all scopes...
2026-03-05 05:37:27.001 [info] Got 1 sessions for ...
2026-03-05 05:37:27.002 [info] Getting sessions for read:user,repo,user:email,workflow...
2026-03-05 05:37:27.002 [info] Got 1 sessions for read:user,repo,user:email,workflow...
2026-03-05 05:37:27.446 [info] Getting sessions for all scopes...
2026-03-05 05:37:27.446 [info] Got 1 sessions for ...
2026-03-05 05:37:27.447 [info] Getting sessions for all scopes...
2026-03-05 05:37:27.447 [info] Got 1 sessions for ...
2026-03-05 05:37:27.447 [info] Getting sessions for read:user,repo,user:email,workflow...
2026-03-05 05:37:27.447 [info] Got 1 sessions for read:user,repo,user:email,workflow...
2026-03-05 05:37:27.449 [info] Getting sessions for all scopes...
2026-03-05 05:37:27.449 [info] Got 1 sessions for ...
2026-03-05 05:37:27.450 [info] Getting sessions for read:user,repo,user:email,workflow...
2026-03-05 05:37:27.450 [info] Got 1 sessions for read:user,repo,user:email,workflow...
2026-03-05 06:32:28.001 [info] Getting sessions for all scopes...
2026-03-05 06:32:28.002 [info] Got 1 sessions for ...
2026-03-05 06:32:28.002 [info] Getting sessions for read:user,repo,user:email,workflow...
2026-03-05 06:32:28.002 [info] Got 1 sessions for read:user,repo,user:email,workflow...
2026-03-05 06:32:28.791 [info] Getting sessions for all scopes...
2026-03-05 06:32:28.791 [info] Got 1 sessions for ...
2026-03-05 06:32:28.791 [info] Getting sessions for all scopes...
2026-03-05 06:32:28.791 [info] Got 1 sessions for ...
2026-03-05 06:32:28.791 [info] Getting sessions for read:user,repo,user:email,workflow...
2026-03-05 06:32:28.791 [info] Got 1 sessions for read:user,repo,user:email,workflow...
2026-03-05 06:32:28.794 [info] Getting sessions for all scopes...
2026-03-05 06:32:28.794 [info] Got 1 sessions for ...
2026-03-05 06:32:28.794 [info] Getting sessions for read:user,repo,user:email,workflow...
2026-03-05 06:32:28.794 [info] Got 1 sessions for read:user,repo,user:email,workflow...
2026-03-05 07:27:29.001 [info] Getting sessions for all scopes...
2026-03-05 07:27:29.001 [info] Got 1 sessions for ...
2026-03-05 07:27:29.002 [info] Getting sessions for read:user,repo,user:email,workflow...
2026-03-05 07:27:29.002 [info] Got 1 sessions for read:user,repo,user:email,workflow...
2026-03-05 07:27:29.526 [info] Getting sessions for all scopes...
2026-03-05 07:27:29.526 [info] Got 1 sessions for ...
2026-03-05 07:27:29.526 [info] Getting sessions for all scopes...
2026-03-05 07:27:29.526 [info] Got 1 sessions for ...
2026-03-05 07:27:29.526 [info] Getting sessions for read:user,repo,user:email,workflow...
2026-03-05 07:27:29.526 [info] Got 1 sessions for read:user,repo,user:email,workflow...
2026-03-05 07:27:29.529 [info] Getting sessions for all scopes...
2026-03-05 07:27:29.529 [info] Got 1 sessions for ...
2026-03-05 07:27:29.529 [info] Getting sessions for read:user,repo,user:email,workflow...
2026-03-05 07:27:29.529 [info] Got 1 sessions for read:user,repo,user:email,workflow...
2026-03-05 08:22:30.001 [info] Getting sessions for all scopes...
2026-03-05 08:22:30.001 [info] Got 1 sessions for ...
2026-03-05 08:22:30.001 [info] Getting sessions for read:user,repo,user:email,workflow...
2026-03-05 08:22:30.001 [info] Got 1 sessions for read:user,repo,user:email,workflow...
2026-03-05 08:22:30.517 [info] Getting sessions for all scopes...
2026-03-05 08:22:30.517 [info] Got 1 sessions for ...
2026-03-05 08:22:30.517 [info] Getting sessions for all scopes...
2026-03-05 08:22:30.517 [info] Got 1 sessions for ...
2026-03-05 08:22:30.517 [info] Getting sessions for read:user,repo,user:email,workflow...
2026-03-05 08:22:30.517 [info] Got 1 sessions for read:user,repo,user:email,workflow...
2026-03-05 08:22:30.519 [info] Getting sessions for all scopes...
2026-03-05 08:22:30.519 [info] Got 1 sessions for ...
2026-03-05 08:22:30.519 [info] Getting sessions for read:user,repo,user:email,workflow...
2026-03-05 08:22:30.520 [info] Got 1 sessions for read:user,repo,user:email,workflow...
2026-03-05 09:17:31.001 [info] Getting sessions for all scopes...
2026-03-05 09:17:31.001 [info] Got 1 sessions for ...
2026-03-05 09:17:31.002 [info] Getting sessions for read:user,repo,user:email,workflow...
2026-03-05 09:17:31.002 [info] Got 1 sessions for read:user,repo,user:email,workflow...
2026-03-05 09:17:31.449 [info] Getting sessions for all scopes...
2026-03-05 09:17:31.449 [info] Got 1 sessions for ...
2026-03-05 09:17:31.449 [info] Getting sessions for all scopes...
2026-03-05 09:17:31.449 [info] Got 1 sessions for ...
2026-03-05 09:17:31.449 [info] Getting sessions for read:user,repo,user:email,workflow...
2026-03-05 09:17:31.449 [info] Got 1 sessions for read:user,repo,user:email,workflow...
2026-03-05 09:17:31.451 [info] Getting sessions for all scopes...
2026-03-05 09:17:31.451 [info] Got 1 sessions for ...
2026-03-05 09:17:31.452 [info] Getting sessions for read:user,repo,user:email,workflow...
2026-03-05 09:17:31.452 [info] Got 1 sessions for read:user,repo,user:email,workflow...
2026-03-05 10:12:32.001 [info] Getting sessions for all scopes...
2026-03-05 10:12:32.001 [info] Got 1 sessions for ...
2026-03-05 10:12:32.002 [info] Getting sessions for read:user,repo,user:email,workflow...
2026-03-05 10:12:32.002 [info] Got 1 sessions for read:user,repo,user:email,workflow...
2026-03-05 10:12:32.431 [info] Getting sessions for all scopes...
2026-03-05 10:12:32.431 [info] Got 1 sessions for ...
2026-03-05 10:12:32.431 [info] Getting sessions for all scopes...
2026-03-05 10:12:32.431 [info] Got 1 sessions for ...
2026-03-05 10:12:32.431 [info] Getting sessions for read:user,repo,user:email,workflow...
2026-03-05 10:12:32.431 [info] Got 1 sessions for read:user,repo,user:email,workflow...
2026-03-05 10:12:32.433 [info] Getting sessions for all scopes...
2026-03-05 10:12:32.433 [info] Got 1 sessions for ...
2026-03-05 10:12:32.434 [info] Getting sessions for read:user,repo,user:email,workflow...
2026-03-05 10:12:32.434 [info] Got 1 sessions for read:user,repo,user:email,workflow...
2026-03-05 11:07:32.000 [info] Getting sessions for all scopes...
2026-03-05 11:07:32.000 [info] Got 1 sessions for ...
2026-03-05 11:07:32.001 [info] Getting sessions for read:user,repo,user:email,workflow...
2026-03-05 11:07:32.001 [info] Got 1 sessions for read:user,repo,user:email,workflow...
2026-03-05 11:07:32.427 [info] Getting sessions for all scopes...
2026-03-05 11:07:32.427 [info] Got 1 sessions for ...
2026-03-05 11:07:32.427 [info] Getting sessions for all scopes...
2026-03-05 11:07:32.427 [info] Got 1 sessions for ...
2026-03-05 11:07:32.427 [info] Getting sessions for read:user,repo,user:email,workflow...
2026-03-05 11:07:32.427 [info] Got 1 sessions for read:user,repo,user:email,workflow...
2026-03-05 11:07:32.429 [info] Getting sessions for all scopes...
2026-03-05 11:07:32.429 [info] Got 1 sessions for ...
2026-03-05 11:07:32.430 [info] Getting sessions for read:user,repo,user:email,workflow...
2026-03-05 11:07:32.430 [info] Got 1 sessions for read:user,repo,user:email,workflow...
2026-03-05 12:02:33.001 [info] Getting sessions for all scopes...
2026-03-05 12:02:33.001 [info] Got 1 sessions for ...
2026-03-05 12:02:33.002 [info] Getting sessions for read:user,repo,user:email,workflow...
2026-03-05 12:02:33.002 [info] Got 1 sessions for read:user,repo,user:email,workflow...
2026-03-05 12:02:33.438 [info] Getting sessions for all scopes...
2026-03-05 12:02:33.438 [info] Got 1 sessions for ...
2026-03-05 12:02:33.438 [info] Getting sessions for all scopes...
2026-03-05 12:02:33.438 [info] Got 1 sessions for ...
2026-03-05 12:02:33.439 [info] Getting sessions for read:user,repo,user:email,workflow...
2026-03-05 12:02:33.439 [info] Got 1 sessions for read:user,repo,user:email,workflow...
2026-03-05 12:02:33.440 [info] Getting sessions for all scopes...
2026-03-05 12:02:33.441 [info] Got 1 sessions for ...
2026-03-05 12:02:33.441 [info] Getting sessions for read:user,repo,user:email,workflow...
2026-03-05 12:02:33.441 [info] Got 1 sessions for read:user,repo,user:email,workflow...
2026-03-05 12:57:33.001 [info] Getting sessions for all scopes...
2026-03-05 12:57:33.001 [info] Got 1 sessions for ...
2026-03-05 12:57:33.001 [info] Getting sessions for read:user,repo,user:email,workflow...
2026-03-05 12:57:33.001 [info] Got 1 sessions for read:user,repo,user:email,workflow...
2026-03-05 12:57:33.509 [info] Getting sessions for all scopes...
2026-03-05 12:57:33.509 [info] Got 1 sessions for ...
2026-03-05 12:57:33.509 [info] Getting sessions for all scopes...
2026-03-05 12:57:33.509 [info] Got 1 sessions for ...
2026-03-05 12:57:33.510 [info] Getting sessions for read:user,repo,user:email,workflow...
2026-03-05 12:57:33.510 [info] Got 1 sessions for read:user,repo,user:email,workflow...
2026-03-05 12:57:33.512 [info] Getting sessions for all scopes...
2026-03-05 12:57:33.512 [info] Got 1 sessions for ...
2026-03-05 12:57:33.512 [info] Getting sessions for read:user,repo,user:email,workflow...
2026-03-05 12:57:33.512 [info] Got 1 sessions for read:user,repo,user:email,workflow...
2026-03-05 13:52:34.000 [info] Getting sessions for all scopes...
2026-03-05 13:52:34.008 [info] Got 1 sessions for ...
2026-03-05 13:52:34.009 [info] Getting sessions for read:user,repo,user:email,workflow...
2026-03-05 13:52:34.009 [info] Got 1 sessions for read:user,repo,user:email,workflow...
2026-03-05 13:52:34.574 [info] Getting sessions for all scopes...
2026-03-05 13:52:34.574 [info] Got 1 sessions for ...
2026-03-05 13:52:34.574 [info] Getting sessions for all scopes...
2026-03-05 13:52:34.574 [info] Got 1 sessions for ...
2026-03-05 13:52:34.583 [info] Getting sessions for read:user,repo,user:email,workflow...
2026-03-05 13:52:34.583 [info] Got 1 sessions for read:user,repo,user:email,workflow...
2026-03-05 13:52:34.585 [info] Getting sessions for all scopes...
2026-03-05 13:52:34.585 [info] Got 1 sessions for ...
2026-03-05 13:52:34.585 [info] Getting sessions for read:user,repo,user:email,workflow...
2026-03-05 13:52:34.585 [info] Got 1 sessions for read:user,repo,user:email,workflow...
2026-03-05 14:47:35.001 [info] Getting sessions for all scopes...
2026-03-05 14:47:35.001 [info] Got 1 sessions for ...
2026-03-05 14:47:35.002 [info] Getting sessions for read:user,repo,user:email,workflow...
2026-03-05 14:47:35.002 [info] Got 1 sessions for read:user,repo,user:email,workflow...
2026-03-05 14:47:35.595 [info] Getting sessions for all scopes...
2026-03-05 14:47:35.595 [info] Got 1 sessions for ...
2026-03-05 14:47:35.595 [info] Getting sessions for all scopes...
2026-03-05 14:47:35.595 [info] Got 1 sessions for ...
2026-03-05 14:47:35.596 [info] Getting sessions for read:user,repo,user:email,workflow...
2026-03-05 14:47:35.596 [info] Got 1 sessions for read:user,repo,user:email,workflow...
2026-03-05 14:47:35.598 [info] Getting sessions for all scopes...
2026-03-05 14:47:35.598 [info] Got 1 sessions for ...
2026-03-05 14:47:35.598 [info] Getting sessions for read:user,repo,user:email,workflow...
2026-03-05 14:47:35.598 [info] Got 1 sessions for read:user,repo,user:email,workflow...
2026-03-05 15:42:36.001 [info] Getting sessions for all scopes...
2026-03-05 15:42:36.001 [info] Got 1 sessions for ...
2026-03-05 15:42:36.001 [info] Getting sessions for read:user,repo,user:email,workflow...
2026-03-05 15:42:36.001 [info] Got 1 sessions for read:user,repo,user:email,workflow...
2026-03-05 15:42:36.608 [info] Getting sessions for all scopes...
2026-03-05 15:42:36.608 [info] Got 1 sessions for ...
2026-03-05 15:42:36.608 [info] Getting sessions for all scopes...
2026-03-05 15:42:36.608 [info] Got 1 sessions for ...
2026-03-05 15:42:36.609 [info] Getting sessions for read:user,repo,user:email,workflow...
2026-03-05 15:42:36.609 [info] Got 1 sessions for read:user,repo,user:email,workflow...
2026-03-05 15:42:36.611 [info] Getting sessions for all scopes...
2026-03-05 15:42:36.611 [info] Got 1 sessions for ...
2026-03-05 15:42:36.611 [info] Getting sessions for read:user,repo,user:email,workflow...
2026-03-05 15:42:36.611 [info] Got 1 sessions for read:user,repo,user:email,workflow...
2026-03-05 16:37:37.000 [info] Getting sessions for all scopes...
2026-03-05 16:37:37.000 [info] Got 1 sessions for ...
2026-03-05 16:37:37.000 [info] Getting sessions for read:user,repo,user:email,workflow...
2026-03-05 16:37:37.000 [info] Got 1 sessions for read:user,repo,user:email,workflow...
2026-03-05 16:37:37.428 [info] Getting sessions for all scopes...
2026-03-05 16:37:37.428 [info] Got 1 sessions for ...
2026-03-05 16:37:37.428 [info] Getting sessions for all scopes...
2026-03-05 16:37:37.428 [info] Got 1 sessions for ...
2026-03-05 16:37:37.428 [info] Getting sessions for read:user,repo,user:email,workflow...
2026-03-05 16:37:37.428 [info] Got 1 sessions for read:user,repo,user:email,workflow...
2026-03-05 16:37:37.430 [info] Getting sessions for all scopes...
2026-03-05 16:37:37.430 [info] Got 1 sessions for ...
2026-03-05 16:37:37.431 [info] Getting sessions for read:user,repo,user:email,workflow...
2026-03-05 16:37:37.431 [info] Got 1 sessions for read:user,repo,user:email,workflow...
2026-03-05 17:32:37.000 [info] Getting sessions for all scopes...
2026-03-05 17:32:37.000 [info] Got 1 sessions for ...
2026-03-05 17:32:37.000 [info] Getting sessions for read:user,repo,user:email,workflow...
2026-03-05 17:32:37.000 [info] Got 1 sessions for read:user,repo,user:email,workflow...
2026-03-05 17:32:37.431 [info] Getting sessions for all scopes...
2026-03-05 17:32:37.431 [info] Got 1 sessions for ...
2026-03-05 17:32:37.431 [info] Getting sessions for all scopes...
2026-03-05 17:32:37.431 [info] Got 1 sessions for ...
2026-03-05 17:32:37.432 [info] Getting sessions for read:user,repo,user:email,workflow...
2026-03-05 17:32:37.432 [info] Got 1 sessions for read:user,repo,user:email,workflow...
2026-03-05 17:32:37.433 [info] Getting sessions for all scopes...
2026-03-05 17:32:37.433 [info] Got 1 sessions for ...
2026-03-05 17:32:37.434 [info] Getting sessions for read:user,repo,user:email,workflow...
2026-03-05 17:32:37.434 [info] Got 1 sessions for read:user,repo,user:email,workflow...
2026-03-05 18:27:37.002 [info] Getting sessions for all scopes...
2026-03-05 18:27:37.002 [info] Got 1 sessions for ...
2026-03-05 18:27:37.002 [info] Getting sessions for read:user,repo,user:email,workflow...
2026-03-05 18:27:37.002 [info] Got 1 sessions for read:user,repo,user:email,workflow...
2026-03-05 18:27:37.431 [info] Getting sessions for all scopes...
2026-03-05 18:27:37.431 [info] Got 1 sessions for ...
2026-03-05 18:27:37.431 [info] Getting sessions for all scopes...
2026-03-05 18:27:37.431 [info] Got 1 sessions for ...
2026-03-05 18:27:37.431 [info] Getting sessions for read:user,repo,user:email,workflow...
2026-03-05 18:27:37.431 [info] Got 1 sessions for read:user,repo,user:email,workflow...
2026-03-05 18:27:37.433 [info] Getting sessions for all scopes...
2026-03-05 18:27:37.433 [info] Got 1 sessions for ...
2026-03-05 18:27:37.433 [info] Getting sessions for read:user,repo,user:email,workflow...
2026-03-05 18:27:37.433 [info] Got 1 sessions for read:user,repo,user:email,workflow...
2026-03-05 19:22:37.000 [info] Getting sessions for all scopes...
2026-03-05 19:22:37.000 [info] Got 1 sessions for ...
2026-03-05 19:22:37.001 [info] Getting sessions for read:user,repo,user:email,workflow...
2026-03-05 19:22:37.001 [info] Got 1 sessions for read:user,repo,user:email,workflow...
2026-03-05 19:22:37.522 [info] Getting sessions for all scopes...
2026-03-05 19:22:37.522 [info] Got 1 sessions for ...
2026-03-05 19:22:37.522 [info] Getting sessions for all scopes...
2026-03-05 19:22:37.522 [info] Got 1 sessions for ...
2026-03-05 19:22:37.523 [info] Getting sessions for read:user,repo,user:email,workflow...
2026-03-05 19:22:37.523 [info] Got 1 sessions for read:user,repo,user:email,workflow...
2026-03-05 19:22:37.525 [info] Getting sessions for all scopes...
2026-03-05 19:22:37.525 [info] Got 1 sessions for ...
2026-03-05 19:22:37.527 [info] Getting sessions for read:user,repo,user:email,workflow...
2026-03-05 19:22:37.527 [info] Got 1 sessions for read:user,repo,user:email,workflow...
2026-03-05 20:17:38.000 [info] Getting sessions for all scopes...
2026-03-05 20:17:38.000 [info] Got 1 sessions for ...
2026-03-05 20:17:38.001 [info] Getting sessions for read:user,repo,user:email,workflow...
2026-03-05 20:17:38.001 [info] Got 1 sessions for read:user,repo,user:email,workflow...
2026-03-05 20:17:38.406 [info] Getting sessions for all scopes...
2026-03-05 20:17:38.406 [info] Got 1 sessions for ...
2026-03-05 20:17:38.406 [info] Getting sessions for all scopes...
2026-03-05 20:17:38.406 [info] Got 1 sessions for ...
2026-03-05 20:17:38.406 [info] Getting sessions for read:user,repo,user:email,workflow...
2026-03-05 20:17:38.406 [info] Got 1 sessions for read:user,repo,user:email,workflow...
2026-03-05 20:17:38.408 [info] Getting sessions for all scopes...
2026-03-05 20:17:38.408 [info] Got 1 sessions for ...
2026-03-05 20:17:38.409 [info] Getting sessions for read:user,repo,user:email,workflow...
2026-03-05 20:17:38.409 [info] Got 1 sessions for read:user,repo,user:email,workflow...
2026-03-05 21:12:38.001 [info] Getting sessions for all scopes...
2026-03-05 21:12:38.001 [info] Got 1 sessions for ...
2026-03-05 21:12:38.002 [info] Getting sessions for read:user,repo,user:email,workflow...
2026-03-05 21:12:38.002 [info] Got 1 sessions for read:user,repo,user:email,workflow...
2026-03-05 21:12:38.422 [info] Getting sessions for all scopes...
2026-03-05 21:12:38.422 [info] Got 1 sessions for ...
2026-03-05 21:12:38.422 [info] Getting sessions for all scopes...
2026-03-05 21:12:38.422 [info] Got 1 sessions for ...
2026-03-05 21:12:38.422 [info] Getting sessions for read:user,repo,user:email,workflow...
2026-03-05 21:12:38.422 [info] Got 1 sessions for read:user,repo,user:email,workflow...
2026-03-05 21:12:38.424 [info] Getting sessions for all scopes...
2026-03-05 21:12:38.424 [info] Got 1 sessions for ...
2026-03-05 21:12:38.425 [info] Getting sessions for read:user,repo,user:email,workflow...
2026-03-05 21:12:38.425 [info] Got 1 sessions for read:user,repo,user:email,workflow...
2026-03-05 21:50:20.226 [info] Getting sessions for all scopes...
2026-03-05 21:50:20.226 [info] Got 1 sessions for ...
2026-03-05 21:50:20.226 [info] Getting sessions for all scopes...
2026-03-05 21:50:20.226 [info] Got 1 sessions for ...
2026-03-05 21:50:20.318 [info] Getting sessions for all scopes...
2026-03-05 21:50:20.318 [info] Got 1 sessions for ...
2026-03-05 21:50:20.318 [info] Getting sessions for all scopes...
2026-03-05 21:50:20.318 [info] Got 1 sessions for ...
2026-03-05 21:50:20.319 [info] Getting sessions for read:user,repo,user:email,workflow...
2026-03-05 21:50:20.319 [info] Got 1 sessions for read:user,repo,user:email,workflow...
2026-03-05 21:50:20.319 [info] Getting sessions for all scopes...
2026-03-05 21:50:20.319 [info] Got 1 sessions for ...
2026-03-05 21:50:20.320 [info] Getting sessions for read:user,repo,user:email,workflow...
2026-03-05 21:50:20.320 [info] Got 1 sessions for read:user,repo,user:email,workflow...
2026-03-05 21:50:20.763 [info] Getting sessions for all scopes...
2026-03-05 21:50:20.763 [info] Got 1 sessions for ...
2026-03-05 21:50:20.763 [info] Getting sessions for all scopes...
2026-03-05 21:50:20.763 [info] Got 1 sessions for ...
2026-03-05 21:50:20.764 [info] Getting sessions for read:user,repo,user:email,workflow...
2026-03-05 21:50:20.764 [info] Got 1 sessions for read:user,repo,user:email,workflow...
2026-03-05 21:50:20.766 [info] Getting sessions for all scopes...
2026-03-05 21:50:20.766 [info] Got 1 sessions for ...
2026-03-05 21:50:20.767 [info] Getting sessions for read:user,repo,user:email,workflow...
2026-03-05 21:50:20.767 [info] Got 1 sessions for read:user,repo,user:email,workflow...
2026-03-05 22:45:21.000 [info] Getting sessions for all scopes...
2026-03-05 22:45:21.000 [info] Got 1 sessions for ...
2026-03-05 22:45:21.000 [info] Getting sessions for read:user,repo,user:email,workflow...
2026-03-05 22:45:21.001 [info] Got 1 sessions for read:user,repo,user:email,workflow...
2026-03-05 22:45:21.527 [info] Getting sessions for all scopes...
2026-03-05 22:45:21.527 [info] Got 1 sessions for ...
2026-03-05 22:45:21.527 [info] Getting sessions for all scopes...
2026-03-05 22:45:21.527 [info] Got 1 sessions for ...
2026-03-05 22:45:21.527 [info] Getting sessions for read:user,repo,user:email,workflow...
2026-03-05 22:45:21.527 [info] Got 1 sessions for read:user,repo,user:email,workflow...
2026-03-05 22:45:21.530 [info] Getting sessions for all scopes...
2026-03-05 22:45:21.530 [info] Got 1 sessions for ...
2026-03-05 22:45:21.531 [info] Getting sessions for read:user,repo,user:email,workflow...
2026-03-05 22:45:21.531 [info] Got 1 sessions for read:user,repo,user:email,workflow...
2026-03-05 23:40:22.000 [info] Getting sessions for all scopes...
2026-03-05 23:40:22.000 [info] Got 1 sessions for ...
2026-03-05 23:40:22.001 [info] Getting sessions for read:user,repo,user:email,workflow...
2026-03-05 23:40:22.001 [info] Got 1 sessions for read:user,repo,user:email,workflow...
2026-03-05 23:40:22.464 [info] Getting sessions for all scopes...
2026-03-05 23:40:22.464 [info] Got 1 sessions for ...
2026-03-05 23:40:22.464 [info] Getting sessions for all scopes...
2026-03-05 23:40:22.464 [info] Got 1 sessions for ...
2026-03-05 23:40:22.464 [info] Getting sessions for read:user,repo,user:email,workflow...
2026-03-05 23:40:22.464 [info] Got 1 sessions for read:user,repo,user:email,workflow...
2026-03-05 23:40:22.466 [info] Getting sessions for all scopes...
2026-03-05 23:40:22.466 [info] Got 1 sessions for ...
2026-03-05 23:40:22.467 [info] Getting sessions for read:user,repo,user:email,workflow...
2026-03-05 23:40:22.467 [info] Got 1 sessions for read:user,repo,user:email,workflow...
2026-03-06 00:35:22.001 [info] Getting sessions for all scopes...
2026-03-06 00:35:22.001 [info] Got 1 sessions for ...
2026-03-06 00:35:22.001 [info] Getting sessions for read:user,repo,user:email,workflow...
2026-03-06 00:35:22.001 [info] Got 1 sessions for read:user,repo,user:email,workflow...
2026-03-06 00:35:22.427 [info] Getting sessions for all scopes...
2026-03-06 00:35:22.427 [info] Got 1 sessions for ...
2026-03-06 00:35:22.427 [info] Getting sessions for all scopes...
2026-03-06 00:35:22.427 [info] Got 1 sessions for ...
2026-03-06 00:35:22.428 [info] Getting sessions for read:user,repo,user:email,workflow...
2026-03-06 00:35:22.428 [info] Got 1 sessions for read:user,repo,user:email,workflow...
2026-03-06 00:35:22.430 [info] Getting sessions for all scopes...
2026-03-06 00:35:22.430 [info] Got 1 sessions for ...
2026-03-06 00:35:22.430 [info] Getting sessions for read:user,repo,user:email,workflow...
2026-03-06 00:35:22.430 [info] Got 1 sessions for read:user,repo,user:email,workflow...
2026-03-06 01:30:22.002 [info] Getting sessions for all scopes...
2026-03-06 01:30:22.002 [info] Got 1 sessions for ...
2026-03-06 01:30:22.002 [info] Getting sessions for read:user,repo,user:email,workflow...
2026-03-06 01:30:22.002 [info] Got 1 sessions for read:user,repo,user:email,workflow...
2026-03-06 01:30:22.572 [info] Getting sessions for all scopes...
2026-03-06 01:30:22.572 [info] Got 1 sessions for ...
2026-03-06 01:30:22.572 [info] Getting sessions for all scopes...
2026-03-06 01:30:22.572 [info] Got 1 sessions for ...
2026-03-06 01:30:22.573 [info] Getting sessions for read:user,repo,user:email,workflow...
2026-03-06 01:30:22.573 [info] Got 1 sessions for read:user,repo,user:email,workflow...
2026-03-06 01:30:22.575 [info] Getting sessions for all scopes...
2026-03-06 01:30:22.575 [info] Got 1 sessions for ...
2026-03-06 01:30:22.575 [info] Getting sessions for read:user,repo,user:email,workflow...
2026-03-06 01:30:22.575 [info] Got 1 sessions for read:user,repo,user:email,workflow...
2026-03-06 02:25:23.002 [info] Getting sessions for all scopes...
2026-03-06 02:25:23.002 [info] Got 1 sessions for ...
2026-03-06 02:25:23.002 [info] Getting sessions for read:user,repo,user:email,workflow...
2026-03-06 02:25:23.002 [info] Got 1 sessions for read:user,repo,user:email,workflow...
2026-03-06 02:25:23.468 [info] Getting sessions for all scopes...
2026-03-06 02:25:23.468 [info] Got 1 sessions for ...
2026-03-06 02:25:23.468 [info] Getting sessions for all scopes...
2026-03-06 02:25:23.468 [info] Got 1 sessions for ...
2026-03-06 02:25:23.469 [info] Getting sessions for read:user,repo,user:email,workflow...
2026-03-06 02:25:23.469 [info] Got 1 sessions for read:user,repo,user:email,workflow...
2026-03-06 02:25:23.470 [info] Getting sessions for all scopes...
2026-03-06 02:25:23.470 [info] Got 1 sessions for ...
2026-03-06 02:25:23.471 [info] Getting sessions for read:user,repo,user:email,workflow...
2026-03-06 02:25:23.471 [info] Got 1 sessions for read:user,repo,user:email,workflow...
2026-03-06 03:20:24.001 [info] Getting sessions for all scopes...
2026-03-06 03:20:24.002 [info] Got 1 sessions for ...
2026-03-06 03:20:24.002 [info] Getting sessions for read:user,repo,user:email,workflow...
2026-03-06 03:20:24.002 [info] Got 1 sessions for read:user,repo,user:email,workflow...
2026-03-06 03:20:24.695 [info] Getting sessions for all scopes...
2026-03-06 03:20:24.695 [info] Got 1 sessions for ...
2026-03-06 03:20:24.695 [info] Getting sessions for all scopes...
2026-03-06 03:20:24.695 [info] Got 1 sessions for ...
2026-03-06 03:20:24.696 [info] Getting sessions for read:user,repo,user:email,workflow...
2026-03-06 03:20:24.696 [info] Got 1 sessions for read:user,repo,user:email,workflow...
2026-03-06 03:20:24.698 [info] Getting sessions for all scopes...
2026-03-06 03:20:24.698 [info] Got 1 sessions for ...
2026-03-06 03:20:24.699 [info] Getting sessions for read:user,repo,user:email,workflow...
2026-03-06 03:20:24.699 [info] Got 1 sessions for read:user,repo,user:email,workflow...
2026-03-06 04:15:25.001 [info] Getting sessions for all scopes...
2026-03-06 04:15:25.001 [info] Got 1 sessions for ...
2026-03-06 04:15:25.002 [info] Getting sessions for read:user,repo,user:email,workflow...
2026-03-06 04:15:25.002 [info] Got 1 sessions for read:user,repo,user:email,workflow...
2026-03-06 04:15:25.486 [info] Getting sessions for all scopes...
2026-03-06 04:15:25.486 [info] Got 1 sessions for ...
2026-03-06 04:15:25.487 [info] Getting sessions for all scopes...
2026-03-06 04:15:25.487 [info] Got 1 sessions for ...
2026-03-06 04:15:25.487 [info] Getting sessions for read:user,repo,user:email,workflow...
2026-03-06 04:15:25.487 [info] Got 1 sessions for read:user,repo,user:email,workflow...
2026-03-06 04:15:25.489 [info] Getting sessions for all scopes...
2026-03-06 04:15:25.489 [info] Got 1 sessions for ...
2026-03-06 04:15:25.490 [info] Getting sessions for read:user,repo,user:email,workflow...
2026-03-06 04:15:25.490 [info] Got 1 sessions for read:user,repo,user:email,workflow...
2026-03-06 05:10:26.002 [info] Getting sessions for all scopes...
2026-03-06 05:10:26.002 [info] Got 1 sessions for ...
2026-03-06 05:10:26.002 [info] Getting sessions for read:user,repo,user:email,workflow...
2026-03-06 05:10:26.002 [info] Got 1 sessions for read:user,repo,user:email,workflow...
2026-03-06 05:10:26.551 [info] Getting sessions for all scopes...
2026-03-06 05:10:26.551 [info] Got 1 sessions for ...
2026-03-06 05:10:26.551 [info] Getting sessions for all scopes...
2026-03-06 05:10:26.551 [info] Got 1 sessions for ...
2026-03-06 05:10:26.552 [info] Getting sessions for read:user,repo,user:email,workflow...
2026-03-06 05:10:26.552 [info] Got 1 sessions for read:user,repo,user:email,workflow...
2026-03-06 05:10:26.554 [info] Getting sessions for all scopes...
2026-03-06 05:10:26.554 [info] Got 1 sessions for ...
2026-03-06 05:10:26.554 [info] Getting sessions for read:user,repo,user:email,workflow...
2026-03-06 05:10:26.554 [info] Got 1 sessions for read:user,repo,user:email,workflow...
2026-03-06 06:05:27.001 [info] Getting sessions for all scopes...
2026-03-06 06:05:27.001 [info] Got 1 sessions for ...
2026-03-06 06:05:27.001 [info] Getting sessions for read:user,repo,user:email,workflow...
2026-03-06 06:05:27.001 [info] Got 1 sessions for read:user,repo,user:email,workflow...
2026-03-06 06:05:27.480 [info] Getting sessions for all scopes...
2026-03-06 06:05:27.480 [info] Got 1 sessions for ...
2026-03-06 06:05:27.480 [info] Getting sessions for all scopes...
2026-03-06 06:05:27.480 [info] Got 1 sessions for ...
2026-03-06 06:05:27.481 [info] Getting sessions for read:user,repo,user:email,workflow...
2026-03-06 06:05:27.481 [info] Got 1 sessions for read:user,repo,user:email,workflow...
2026-03-06 06:05:27.482 [info] Getting sessions for all scopes...
2026-03-06 06:05:27.482 [info] Got 1 sessions for ...
2026-03-06 06:05:27.483 [info] Getting sessions for read:user,repo,user:email,workflow...
2026-03-06 06:05:27.483 [info] Got 1 sessions for read:user,repo,user:email,workflow...
2026-03-06 07:00:28.001 [info] Getting sessions for all scopes...
2026-03-06 07:00:28.001 [info] Got 1 sessions for ...
2026-03-06 07:00:28.002 [info] Getting sessions for read:user,repo,user:email,workflow...
2026-03-06 07:00:28.002 [info] Got 1 sessions for read:user,repo,user:email,workflow...
2026-03-06 07:00:28.472 [info] Getting sessions for all scopes...
2026-03-06 07:00:28.472 [info] Got 1 sessions for ...
2026-03-06 07:00:28.472 [info] Getting sessions for all scopes...
2026-03-06 07:00:28.472 [info] Got 1 sessions for ...
2026-03-06 07:00:28.473 [info] Getting sessions for read:user,repo,user:email,workflow...
2026-03-06 07:00:28.473 [info] Got 1 sessions for read:user,repo,user:email,workflow...
2026-03-06 07:00:28.475 [info] Getting sessions for all scopes...
2026-03-06 07:00:28.475 [info] Got 1 sessions for ...
2026-03-06 07:00:28.476 [info] Getting sessions for read:user,repo,user:email,workflow...
2026-03-06 07:00:28.476 [info] Got 1 sessions for read:user,repo,user:email,workflow...
2026-03-06 07:55:29.001 [info] Getting sessions for all scopes...
2026-03-06 07:55:29.001 [info] Got 1 sessions for ...
2026-03-06 07:55:29.002 [info] Getting sessions for read:user,repo,user:email,workflow...
2026-03-06 07:55:29.002 [info] Got 1 sessions for read:user,repo,user:email,workflow...
2026-03-06 07:55:29.546 [info] Getting sessions for all scopes...
2026-03-06 07:55:29.546 [info] Got 1 sessions for ...
2026-03-06 07:55:29.546 [info] Getting sessions for all scopes...
2026-03-06 07:55:29.546 [info] Got 1 sessions for ...
2026-03-06 07:55:29.547 [info] Getting sessions for read:user,repo,user:email,workflow...
2026-03-06 07:55:29.547 [info] Got 1 sessions for read:user,repo,user:email,workflow...
2026-03-06 07:55:29.550 [info] Getting sessions for all scopes...
2026-03-06 07:55:29.550 [info] Got 1 sessions for ...
2026-03-06 07:55:29.550 [info] Getting sessions for read:user,repo,user:email,workflow...
2026-03-06 07:55:29.550 [info] Got 1 sessions for read:user,repo,user:email,workflow...
2026-03-06 08:50:30.001 [info] Getting sessions for all scopes...
2026-03-06 08:50:30.001 [info] Got 1 sessions for ...
2026-03-06 08:50:30.002 [info] Getting sessions for read:user,repo,user:email,workflow...
2026-03-06 08:50:30.002 [info] Got 1 sessions for read:user,repo,user:email,workflow...
2026-03-06 08:50:30.629 [info] Getting sessions for all scopes...
2026-03-06 08:50:30.629 [info] Got 1 sessions for ...
2026-03-06 08:50:30.629 [info] Getting sessions for all scopes...
2026-03-06 08:50:30.629 [info] Got 1 sessions for ...
2026-03-06 08:50:30.629 [info] Getting sessions for read:user,repo,user:email,workflow...
2026-03-06 08:50:30.629 [info] Got 1 sessions for read:user,repo,user:email,workflow...
2026-03-06 08:50:30.631 [info] Getting sessions for all scopes...
2026-03-06 08:50:30.631 [info] Got 1 sessions for ...
2026-03-06 08:50:30.632 [info] Getting sessions for read:user,repo,user:email,workflow...
2026-03-06 08:50:30.632 [info] Got 1 sessions for read:user,repo,user:email,workflow...
2026-03-06 09:45:31.001 [info] Getting sessions for all scopes...
2026-03-06 09:45:31.001 [info] Got 1 sessions for ...
2026-03-06 09:45:31.002 [info] Getting sessions for read:user,repo,user:email,workflow...
2026-03-06 09:45:31.002 [info] Got 1 sessions for read:user,repo,user:email,workflow...
2026-03-06 09:45:31.527 [info] Getting sessions for all scopes...
2026-03-06 09:45:31.527 [info] Got 1 sessions for ...
2026-03-06 09:45:31.527 [info] Getting sessions for all scopes...
2026-03-06 09:45:31.527 [info] Got 1 sessions for ...
2026-03-06 09:45:31.528 [info] Getting sessions for read:user,repo,user:email,workflow...
2026-03-06 09:45:31.528 [info] Got 1 sessions for read:user,repo,user:email,workflow...
2026-03-06 09:45:31.531 [info] Getting sessions for all scopes...
2026-03-06 09:45:31.531 [info] Got 1 sessions for ...
2026-03-06 09:45:31.531 [info] Getting sessions for read:user,repo,user:email,workflow...
2026-03-06 09:45:31.531 [info] Got 1 sessions for read:user,repo,user:email,workflow...
2026-03-06 10:40:32.000 [info] Getting sessions for all scopes...
2026-03-06 10:40:32.000 [info] Got 1 sessions for ...
2026-03-06 10:40:32.000 [info] Getting sessions for read:user,repo,user:email,workflow...
2026-03-06 10:40:32.000 [info] Got 1 sessions for read:user,repo,user:email,workflow...
2026-03-06 10:40:32.442 [info] Getting sessions for all scopes...
2026-03-06 10:40:32.442 [info] Got 1 sessions for ...
2026-03-06 10:40:32.442 [info] Getting sessions for all scopes...
2026-03-06 10:40:32.442 [info] Got 1 sessions for ...
2026-03-06 10:40:32.443 [info] Getting sessions for read:user,repo,user:email,workflow...
2026-03-06 10:40:32.443 [info] Got 1 sessions for read:user,repo,user:email,workflow...
2026-03-06 10:40:32.445 [info] Getting sessions for all scopes...
2026-03-06 10:40:32.445 [info] Got 1 sessions for ...
2026-03-06 10:40:32.445 [info] Getting sessions for read:user,repo,user:email,workflow...
2026-03-06 10:40:32.445 [info] Got 1 sessions for read:user,repo,user:email,workflow...
2026-03-06 11:35:32.002 [info] Getting sessions for all scopes...
2026-03-06 11:35:32.002 [info] Got 1 sessions for ...
2026-03-06 11:35:32.002 [info] Getting sessions for read:user,repo,user:email,workflow...
2026-03-06 11:35:32.002 [info] Got 1 sessions for read:user,repo,user:email,workflow...
2026-03-06 11:35:32.457 [info] Getting sessions for all scopes...
2026-03-06 11:35:32.457 [info] Got 1 sessions for ...
2026-03-06 11:35:32.457 [info] Getting sessions for all scopes...
2026-03-06 11:35:32.457 [info] Got 1 sessions for ...
2026-03-06 11:35:32.458 [info] Getting sessions for read:user,repo,user:email,workflow...
2026-03-06 11:35:32.458 [info] Got 1 sessions for read:user,repo,user:email,workflow...
2026-03-06 11:35:32.460 [info] Getting sessions for all scopes...
2026-03-06 11:35:32.460 [info] Got 1 sessions for ...
2026-03-06 11:35:32.460 [info] Getting sessions for read:user,repo,user:email,workflow...
2026-03-06 11:35:32.460 [info] Got 1 sessions for read:user,repo,user:email,workflow...
2026-03-06 12:30:33.001 [info] Getting sessions for all scopes...
2026-03-06 12:30:33.001 [info] Got 1 sessions for ...
2026-03-06 12:30:33.001 [info] Getting sessions for read:user,repo,user:email,workflow...
2026-03-06 12:30:33.001 [info] Got 1 sessions for read:user,repo,user:email,workflow...
2026-03-06 12:30:33.485 [info] Getting sessions for all scopes...
2026-03-06 12:30:33.485 [info] Got 1 sessions for ...
2026-03-06 12:30:33.485 [info] Getting sessions for all scopes...
2026-03-06 12:30:33.485 [info] Got 1 sessions for ...
2026-03-06 12:30:33.485 [info] Getting sessions for read:user,repo,user:email,workflow...
2026-03-06 12:30:33.485 [info] Got 1 sessions for read:user,repo,user:email,workflow...
2026-03-06 12:30:33.487 [info] Getting sessions for all scopes...
2026-03-06 12:30:33.487 [info] Got 1 sessions for ...
2026-03-06 12:30:33.488 [info] Getting sessions for read:user,repo,user:email,workflow...
2026-03-06 12:30:33.488 [info] Got 1 sessions for read:user,repo,user:email,workflow...
2026-03-06 13:25:34.001 [info] Getting sessions for all scopes...
2026-03-06 13:25:34.001 [info] Got 1 sessions for ...
2026-03-06 13:25:34.002 [info] Getting sessions for read:user,repo,user:email,workflow...
2026-03-06 13:25:34.002 [info] Got 1 sessions for read:user,repo,user:email,workflow...
2026-03-06 13:25:34.468 [info] Getting sessions for all scopes...
2026-03-06 13:25:34.468 [info] Got 1 sessions for ...
2026-03-06 13:25:34.468 [info] Getting sessions for all scopes...
2026-03-06 13:25:34.468 [info] Got 1 sessions for ...
2026-03-06 13:25:34.468 [info] Getting sessions for read:user,repo,user:email,workflow...
2026-03-06 13:25:34.468 [info] Got 1 sessions for read:user,repo,user:email,workflow...
2026-03-06 13:25:34.471 [info] Getting sessions for all scopes...
2026-03-06 13:25:34.471 [info] Got 1 sessions for ...
2026-03-06 13:25:34.471 [info] Getting sessions for read:user,repo,user:email,workflow...
2026-03-06 13:25:34.471 [info] Got 1 sessions for read:user,repo,user:email,workflow...
2026-03-06 14:20:34.001 [info] Getting sessions for all scopes...
2026-03-06 14:20:34.001 [info] Got 1 sessions for ...
2026-03-06 14:20:34.002 [info] Getting sessions for read:user,repo,user:email,workflow...
2026-03-06 14:20:34.002 [info] Got 1 sessions for read:user,repo,user:email,workflow...
2026-03-06 14:20:34.542 [info] Getting sessions for all scopes...
2026-03-06 14:20:34.542 [info] Got 1 sessions for ...
2026-03-06 14:20:34.542 [info] Getting sessions for all scopes...
2026-03-06 14:20:34.542 [info] Got 1 sessions for ...
2026-03-06 14:20:34.542 [info] Getting sessions for read:user,repo,user:email,workflow...
2026-03-06 14:20:34.542 [info] Got 1 sessions for read:user,repo,user:email,workflow...
2026-03-06 14:20:34.544 [info] Getting sessions for all scopes...
2026-03-06 14:20:34.544 [info] Got 1 sessions for ...
2026-03-06 14:20:34.545 [info] Getting sessions for read:user,repo,user:email,workflow...
2026-03-06 14:20:34.545 [info] Got 1 sessions for read:user,repo,user:email,workflow...
2026-03-06 15:15:35.001 [info] Getting sessions for all scopes...
2026-03-06 15:15:35.001 [info] Got 1 sessions for ...
2026-03-06 15:15:35.002 [info] Getting sessions for read:user,repo,user:email,workflow...
2026-03-06 15:15:35.002 [info] Got 1 sessions for read:user,repo,user:email,workflow...
2026-03-06 15:15:35.437 [info] Getting sessions for all scopes...
2026-03-06 15:15:35.437 [info] Got 1 sessions for ...
2026-03-06 15:15:35.437 [info] Getting sessions for all scopes...
2026-03-06 15:15:35.437 [info] Got 1 sessions for ...
2026-03-06 15:15:35.437 [info] Getting sessions for read:user,repo,user:email,workflow...
2026-03-06 15:15:35.437 [info] Got 1 sessions for read:user,repo,user:email,workflow...
2026-03-06 15:15:35.439 [info] Getting sessions for all scopes...
2026-03-06 15:15:35.439 [info] Got 1 sessions for ...
2026-03-06 15:15:35.440 [info] Getting sessions for read:user,repo,user:email,workflow...
2026-03-06 15:15:35.440 [info] Got 1 sessions for read:user,repo,user:email,workflow...
2026-03-06 16:10:35.001 [info] Getting sessions for all scopes...
2026-03-06 16:10:35.001 [info] Got 1 sessions for ...
2026-03-06 16:10:35.002 [info] Getting sessions for read:user,repo,user:email,workflow...
2026-03-06 16:10:35.002 [info] Got 1 sessions for read:user,repo,user:email,workflow...
2026-03-06 16:10:35.428 [info] Getting sessions for all scopes...
2026-03-06 16:10:35.428 [info] Got 1 sessions for ...
2026-03-06 16:10:35.428 [info] Getting sessions for all scopes...
2026-03-06 16:10:35.428 [info] Got 1 sessions for ...
2026-03-06 16:10:35.428 [info] Getting sessions for read:user,repo,user:email,workflow...
2026-03-06 16:10:35.428 [info] Got 1 sessions for read:user,repo,user:email,workflow...
2026-03-06 16:10:35.430 [info] Getting sessions for all scopes...
2026-03-06 16:10:35.430 [info] Got 1 sessions for ...
2026-03-06 16:10:35.431 [info] Getting sessions for read:user,repo,user:email,workflow...
2026-03-06 16:10:35.431 [info] Got 1 sessions for read:user,repo,user:email,workflow...
