--- Startup times for process: Primary (or UI client) ---

times in msec
 clock   self+sourced   self:  sourced script
 clock   elapsed:              other lines

000.000  000.000: --- NVIM STARTING ---
000.348  000.348: event init
000.408  000.059: early init
000.447  000.040: locale set
000.486  000.039: init first window
000.808  000.323: inits 1
000.815  000.007: window checked
000.817  000.001: parsing arguments
001.145  000.031  000.031: require('vim._core.shared')
001.188  000.002  000.002: require('string.buffer')
001.215  000.040  000.038: require('vim.inspect')
001.246  000.026  000.026: require('vim._core.options')
001.247  000.101  000.035: require('vim._core.editor')
001.270  000.022  000.022: require('vim._core.system')
001.271  000.170  000.016: require('vim._init_packages')
001.274  000.287: init lua interpreter
001.958  000.684: nvim_ui_attach
002.160  000.202: nvim_set_client_info
002.161  000.001: --- NVIM STARTED ---

--- Startup times for process: Embedded ---

times in msec
 clock   self+sourced   self:  sourced script
 clock   elapsed:              other lines

000.000  000.000: --- NVIM STARTING ---
000.104  000.104: event init
000.154  000.050: early init
000.187  000.033: locale set
000.215  000.028: init first window
000.462  000.246: inits 1
000.470  000.009: window checked
000.472  000.001: parsing arguments
000.824  000.036  000.036: require('vim._core.shared')
000.878  000.002  000.002: require('string.buffer')
000.897  000.034  000.032: require('vim.inspect')
000.934  000.031  000.031: require('vim._core.options')
000.935  000.110  000.044: require('vim._core.editor')
000.956  000.020  000.020: require('vim._core.system')
000.956  000.181  000.016: require('vim._init_packages')
000.957  000.305: init lua interpreter
001.152  000.195: expanding arguments
001.174  000.022: inits 2
001.349  000.175: init highlight
001.349  000.001: waiting for UI
001.462  000.113: done waiting for UI
001.469  000.007: clear screen
001.574  000.012  000.012: require('vim.keymap')
002.057  000.091  000.091: sourcing nvim_exec2()
002.073  000.003  000.003: require('vim._core.log')
006.070  004.599  004.494: require('vim._core.defaults')
006.072  000.003: init default mappings & autocommands
006.362  000.030  000.030: sourcing /usr/share/nvim/runtime/ftplugin.vim
006.395  000.012  000.012: sourcing /usr/share/nvim/runtime/indent.vim
006.426  000.010  000.010: sourcing $VIM/sysinit.vim
006.794  000.255  000.255: require('lazy')
006.809  000.010  000.010: require('ffi')
006.830  000.010  000.010: require('vim.fs')
006.883  000.052  000.052: require('vim.uri')
006.889  000.079  000.017: require('vim.loader')
007.015  000.120  000.120: require('lazy.stats')
007.081  000.053  000.053: require('lazy.core.util')
007.148  000.066  000.066: require('lazy.core.config')
007.228  000.031  000.031: require('lazy.core.handler')
007.332  000.028  000.028: require('lazy.pkg')
007.335  000.063  000.035: require('lazy.core.meta')
007.337  000.108  000.046: require('lazy.core.plugin')
007.341  000.192  000.053: require('lazy.core.loader')
007.594  000.104  000.104: require('lazy.core.fragments')
007.929  000.048  000.048: require('lazy.core.handler.keys')
007.965  000.033  000.033: require('lazy.core.handler.cmd')
008.025  000.058  000.058: require('lazy.core.handler.event')
008.086  000.060  000.060: require('lazy.core.handler.ft')
008.227  000.075  000.075: sourcing nvim_exec2() called at /usr/share/nvim/runtime/filetype.lua:0
008.229  000.115  000.040: sourcing /usr/share/nvim/runtime/filetype.lua
008.230  000.130  000.016: sourcing nvim_exec2() called at /home/faceyneck/.config/nvim/init.lua:0
008.269  000.001  000.001: sourcing nvim_exec2() called at /home/faceyneck/.config/nvim/init.lua:0
008.274  000.001  000.001: sourcing nvim_exec2() called at /home/faceyneck/.config/nvim/init.lua:0
009.234  000.373  000.373: require('kanagawa')
009.288  000.052  000.052: require('kanagawa.utils')
009.340  000.047  000.047: require('kanagawa.colors')
009.451  000.033  000.033: require('kanagawa.lib.hsluv')
009.453  000.055  000.022: require('kanagawa.lib.color')
009.454  000.089  000.034: require('kanagawa.themes')
009.508  000.025  000.025: require('kanagawa.highlights')
009.555  000.045  000.045: require('kanagawa.highlights.editor')
009.605  000.024  000.024: require('kanagawa.highlights.syntax')
009.643  000.023  000.023: require('kanagawa.highlights.treesitter')
009.681  000.033  000.033: require('kanagawa.highlights.lsp')
009.787  000.103  000.103: require('kanagawa.highlights.plugins')
010.177  001.323  000.509: sourcing /home/faceyneck/.local/share/nvim/lazy/kanagawa.nvim/colors/kanagawa.vim
010.181  001.903  000.580: sourcing nvim_exec2() called at /home/faceyneck/.config/nvim/init.lua:0
010.259  000.024  000.024: sourcing /usr/share/nvim/runtime/plugin/editorconfig.lua
010.261  000.040  000.016: sourcing nvim_exec2() called at /home/faceyneck/.config/nvim/init.lua:0
010.370  000.093  000.093: sourcing /usr/share/nvim/runtime/plugin/gzip.vim
010.372  000.107  000.014: sourcing nvim_exec2() called at /home/faceyneck/.config/nvim/init.lua:0
010.418  000.029  000.029: sourcing /usr/share/nvim/runtime/plugin/man.lua
010.420  000.044  000.015: sourcing nvim_exec2() called at /home/faceyneck/.config/nvim/init.lua:0
010.653  000.077  000.077: sourcing /usr/share/nvim/runtime/pack/dist/opt/matchit/plugin/matchit.vim
010.666  000.228  000.151: sourcing /usr/share/nvim/runtime/plugin/matchit.vim
010.667  000.246  000.018: sourcing nvim_exec2() called at /home/faceyneck/.config/nvim/init.lua:0
010.739  000.056  000.056: sourcing /usr/share/nvim/runtime/plugin/matchparen.vim
010.741  000.068  000.013: sourcing nvim_exec2() called at /home/faceyneck/.config/nvim/init.lua:0
010.810  000.056  000.056: sourcing /usr/share/nvim/runtime/plugin/net.lua
010.812  000.068  000.012: sourcing nvim_exec2() called at /home/faceyneck/.config/nvim/init.lua:0
011.045  000.101  000.101: sourcing /usr/share/nvim/runtime/pack/dist/opt/netrw/plugin/netrwPlugin.vim
011.056  000.229  000.128: sourcing /usr/share/nvim/runtime/plugin/netrwPlugin.vim
011.058  000.243  000.014: sourcing nvim_exec2() called at /home/faceyneck/.config/nvim/init.lua:0
011.130  000.047  000.047: sourcing /usr/share/nvim/runtime/plugin/osc52.lua
011.132  000.070  000.024: sourcing nvim_exec2() called at /home/faceyneck/.config/nvim/init.lua:0
011.217  000.068  000.068: sourcing /usr/share/nvim/runtime/plugin/rplugin.vim
011.219  000.083  000.015: sourcing nvim_exec2() called at /home/faceyneck/.config/nvim/init.lua:0
011.301  000.064  000.064: sourcing /usr/share/nvim/runtime/plugin/shada.lua
011.303  000.081  000.017: sourcing nvim_exec2() called at /home/faceyneck/.config/nvim/init.lua:0
011.367  000.041  000.041: sourcing /usr/share/nvim/runtime/plugin/spellfile.lua
011.369  000.064  000.023: sourcing nvim_exec2() called at /home/faceyneck/.config/nvim/init.lua:0
011.427  000.041  000.041: sourcing /usr/share/nvim/runtime/plugin/tarPlugin.vim
011.429  000.057  000.016: sourcing nvim_exec2() called at /home/faceyneck/.config/nvim/init.lua:0
011.460  000.008  000.008: sourcing /usr/share/nvim/runtime/plugin/tutor.vim
011.461  000.031  000.022: sourcing nvim_exec2() called at /home/faceyneck/.config/nvim/init.lua:0
011.536  000.061  000.061: sourcing /usr/share/nvim/runtime/plugin/zipPlugin.vim
011.538  000.075  000.014: sourcing nvim_exec2() called at /home/faceyneck/.config/nvim/init.lua:0
011.588  005.135  000.746: require('config.lazy')
011.589  005.148  000.013: sourcing /home/faceyneck/.config/nvim/init.lua
011.592  000.320: sourcing vimrc file(s)
011.670  000.038  000.038: sourcing /usr/share/nvim/runtime/filetype.lua
011.766  000.029  000.029: sourcing /usr/share/nvim/runtime/syntax/synload.vim
011.799  000.095  000.066: sourcing /usr/share/nvim/runtime/syntax/syntax.vim
011.804  000.079: inits 3
012.689  000.884: reading ShaDa
012.738  000.050: opening buffers
012.750  000.012: BufEnter autocommands
012.751  000.001: editing files in windows
012.801  000.050: VimEnter autocommands
012.826  000.025: UIEnter autocommands
012.827  000.001: before starting main loop
012.906  000.010  000.010: require('vim._core.util')
013.015  000.179: first screen update
013.016  000.001: --- NVIM STARTED ---

--- Startup times for process: Primary (or UI client) ---

times in msec
 clock   self+sourced   self:  sourced script
 clock   elapsed:              other lines

000.000  000.000: --- NVIM STARTING ---
000.355  000.355: event init
000.418  000.063: early init
000.454  000.036: locale set
000.489  000.035: init first window
000.806  000.318: inits 1
000.813  000.007: window checked
000.814  000.001: parsing arguments
001.127  000.031  000.031: require('vim._core.shared')
001.170  000.002  000.002: require('string.buffer')
001.189  000.033  000.031: require('vim.inspect')
001.219  000.025  000.025: require('vim._core.options')
001.220  000.091  000.034: require('vim._core.editor')
001.241  000.021  000.021: require('vim._core.system')
001.242  000.158  000.015: require('vim._init_packages')
001.244  000.272: init lua interpreter
001.887  000.642: nvim_ui_attach
002.105  000.218: nvim_set_client_info
002.106  000.001: --- NVIM STARTED ---

--- Startup times for process: Embedded ---

times in msec
 clock   self+sourced   self:  sourced script
 clock   elapsed:              other lines

000.000  000.000: --- NVIM STARTING ---
000.092  000.092: event init
000.134  000.042: early init
000.164  000.029: locale set
000.187  000.024: init first window
000.382  000.195: inits 1
000.389  000.007: window checked
000.390  000.001: parsing arguments
000.760  000.034  000.034: require('vim._core.shared')
000.815  000.002  000.002: require('string.buffer')
000.837  000.038  000.036: require('vim.inspect')
000.874  000.031  000.031: require('vim._core.options')
000.875  000.113  000.045: require('vim._core.editor')
000.895  000.019  000.019: require('vim._core.system')
000.896  000.185  000.019: require('vim._init_packages')
000.899  000.323: init lua interpreter
001.079  000.181: expanding arguments
001.099  000.019: inits 2
001.270  000.171: init highlight
001.270  000.001: waiting for UI
001.369  000.099: done waiting for UI
001.375  000.006: clear screen
001.462  000.006  000.006: require('vim.keymap')
001.893  000.074  000.074: sourcing nvim_exec2()
001.913  000.003  000.003: require('vim._core.log')
002.174  000.797  000.714: require('vim._core.defaults')
002.176  000.003: init default mappings & autocommands
002.430  000.027  000.027: sourcing /usr/share/nvim/runtime/ftplugin.vim
002.462  000.012  000.012: sourcing /usr/share/nvim/runtime/indent.vim
002.493  000.010  000.010: sourcing $VIM/sysinit.vim
002.897  000.256  000.256: require('lazy')
002.909  000.007  000.007: require('ffi')
002.928  000.010  000.010: require('vim.fs')
002.996  000.067  000.067: require('vim.uri')
003.002  000.092  000.016: require('vim.loader')
003.141  000.130  000.130: require('lazy.stats')
003.202  000.050  000.050: require('lazy.core.util')
003.260  000.057  000.057: require('lazy.core.config')
003.350  000.039  000.039: require('lazy.core.handler')
003.540  000.097  000.097: require('lazy.pkg')
003.543  000.142  000.046: require('lazy.core.meta')
003.550  000.199  000.057: require('lazy.core.plugin')
003.556  000.295  000.057: require('lazy.core.loader')
003.723  000.069  000.069: require('lazy.core.fragments')
004.095  000.071  000.071: require('lazy.core.handler.cmd')
004.162  000.064  000.064: require('lazy.core.handler.keys')
004.343  000.123  000.123: require('lazy.core.handler.event')
004.345  000.181  000.058: require('lazy.core.handler.ft')
004.603  000.080  000.080: sourcing nvim_exec2() called at /usr/share/nvim/runtime/filetype.lua:0
004.605  000.209  000.129: sourcing /usr/share/nvim/runtime/filetype.lua
004.607  000.225  000.016: sourcing nvim_exec2() called at /home/faceyneck/.config/nvim/init.lua:0
004.667  000.001  000.001: sourcing nvim_exec2() called at /home/faceyneck/.config/nvim/init.lua:0
004.675  000.000  000.000: sourcing nvim_exec2() called at /home/faceyneck/.config/nvim/init.lua:0
005.199  000.138  000.138: require('kanagawa')
005.226  000.025  000.025: require('kanagawa.utils')
005.273  000.042  000.042: require('kanagawa.colors')
005.399  000.058  000.058: require('kanagawa.lib.hsluv')
005.401  000.079  000.022: require('kanagawa.lib.color')
005.402  000.110  000.031: require('kanagawa.themes')
005.475  000.039  000.039: require('kanagawa.highlights')
005.505  000.029  000.029: require('kanagawa.highlights.editor')
005.560  000.037  000.037: require('kanagawa.highlights.syntax')
005.588  000.021  000.021: require('kanagawa.highlights.treesitter')
005.632  000.035  000.035: require('kanagawa.highlights.lsp')
005.761  000.125  000.125: require('kanagawa.highlights.plugins')
006.166  001.113  000.512: sourcing /home/faceyneck/.local/share/nvim/lazy/kanagawa.nvim/colors/kanagawa.vim
006.169  001.492  000.379: sourcing nvim_exec2() called at /home/faceyneck/.config/nvim/init.lua:0
006.284  000.027  000.027: sourcing /usr/share/nvim/runtime/plugin/editorconfig.lua
006.286  000.044  000.017: sourcing nvim_exec2() called at /home/faceyneck/.config/nvim/init.lua:0
006.388  000.088  000.088: sourcing /usr/share/nvim/runtime/plugin/gzip.vim
006.390  000.101  000.013: sourcing nvim_exec2() called at /home/faceyneck/.config/nvim/init.lua:0
006.438  000.034  000.034: sourcing /usr/share/nvim/runtime/plugin/man.lua
006.440  000.047  000.013: sourcing nvim_exec2() called at /home/faceyneck/.config/nvim/init.lua:0
006.667  000.077  000.077: sourcing /usr/share/nvim/runtime/pack/dist/opt/matchit/plugin/matchit.vim
006.679  000.223  000.146: sourcing /usr/share/nvim/runtime/plugin/matchit.vim
006.680  000.238  000.015: sourcing nvim_exec2() called at /home/faceyneck/.config/nvim/init.lua:0
006.752  000.056  000.056: sourcing /usr/share/nvim/runtime/plugin/matchparen.vim
006.754  000.069  000.013: sourcing nvim_exec2() called at /home/faceyneck/.config/nvim/init.lua:0
006.825  000.056  000.056: sourcing /usr/share/nvim/runtime/plugin/net.lua
006.827  000.069  000.013: sourcing nvim_exec2() called at /home/faceyneck/.config/nvim/init.lua:0
007.069  000.098  000.098: sourcing /usr/share/nvim/runtime/pack/dist/opt/netrw/plugin/netrwPlugin.vim
007.080  000.235  000.136: sourcing /usr/share/nvim/runtime/plugin/netrwPlugin.vim
007.081  000.250  000.015: sourcing nvim_exec2() called at /home/faceyneck/.config/nvim/init.lua:0
007.146  000.039  000.039: sourcing /usr/share/nvim/runtime/plugin/osc52.lua
007.148  000.062  000.023: sourcing nvim_exec2() called at /home/faceyneck/.config/nvim/init.lua:0
007.232  000.068  000.068: sourcing /usr/share/nvim/runtime/plugin/rplugin.vim
007.234  000.082  000.014: sourcing nvim_exec2() called at /home/faceyneck/.config/nvim/init.lua:0
007.308  000.052  000.052: sourcing /usr/share/nvim/runtime/plugin/shada.lua
007.310  000.073  000.021: sourcing nvim_exec2() called at /home/faceyneck/.config/nvim/init.lua:0
007.358  000.026  000.026: sourcing /usr/share/nvim/runtime/plugin/spellfile.lua
007.359  000.047  000.020: sourcing nvim_exec2() called at /home/faceyneck/.config/nvim/init.lua:0
007.416  000.039  000.039: sourcing /usr/share/nvim/runtime/plugin/tarPlugin.vim
007.417  000.054  000.015: sourcing nvim_exec2() called at /home/faceyneck/.config/nvim/init.lua:0
007.445  000.008  000.008: sourcing /usr/share/nvim/runtime/plugin/tutor.vim
007.447  000.028  000.019: sourcing nvim_exec2() called at /home/faceyneck/.config/nvim/init.lua:0
007.521  000.060  000.060: sourcing /usr/share/nvim/runtime/plugin/zipPlugin.vim
007.522  000.074  000.014: sourcing nvim_exec2() called at /home/faceyneck/.config/nvim/init.lua:0
007.569  005.049  000.820: require('config.lazy')
007.570  005.062  000.013: sourcing /home/faceyneck/.config/nvim/init.lua
007.573  000.286: sourcing vimrc file(s)
007.638  000.027  000.027: sourcing /usr/share/nvim/runtime/filetype.lua
007.737  000.029  000.029: sourcing /usr/share/nvim/runtime/syntax/synload.vim
007.769  000.094  000.065: sourcing /usr/share/nvim/runtime/syntax/syntax.vim
007.774  000.081: inits 3
008.628  000.854: reading ShaDa
008.681  000.053: opening buffers
008.694  000.013: BufEnter autocommands
008.695  000.001: editing files in windows
008.739  000.045: VimEnter autocommands
008.765  000.026: UIEnter autocommands
008.766  000.001: before starting main loop
008.845  000.008  000.008: require('vim._core.util')
008.953  000.179: first screen update
008.954  000.001: --- NVIM STARTED ---

