2026-03-03 03:09:30.812 [info] Reading sessions from keychain...
2026-03-03 03:09:30.812 [info] Getting sessions for all scopes...
2026-03-03 03:09:30.812 [info] Got 0 sessions for ...
2026-03-03 03:09:30.812 [info] Getting sessions for all scopes...
2026-03-03 03:09:30.812 [info] Got 0 sessions for ...
2026-03-03 03:09:30.812 [info] Getting sessions for all scopes...
2026-03-03 03:09:30.812 [info] Got 0 sessions for ...
2026-03-03 03:09:30.812 [info] Getting sessions for all scopes...
2026-03-03 03:09:30.812 [info] Got 0 sessions for ...
2026-03-03 03:09:30.812 [info] Getting sessions for all scopes...
2026-03-03 03:09:30.812 [info] Got 0 sessions for ...
2026-03-03 03:09:30.812 [info] Getting sessions for all scopes...
2026-03-03 03:09:30.812 [info] Got 0 sessions for ...
2026-03-03 03:09:30.812 [info] Getting sessions for all scopes...
2026-03-03 03:09:30.812 [info] Got 0 sessions for ...
2026-03-03 03:09:30.812 [info] Getting sessions for user:email...
2026-03-03 03:09:30.812 [info] Got 0 sessions for user:email...
2026-03-03 03:09:30.812 [info] Getting sessions for read:user,repo,user:email,workflow...
2026-03-03 03:09:30.812 [info] Got 0 sessions for read:user,repo,user:email,workflow...
2026-03-03 03:09:30.846 [info] Getting sessions for all scopes...
2026-03-03 03:09:30.846 [info] Got 0 sessions for ...
2026-03-03 03:09:30.847 [info] Getting sessions for user:email...
2026-03-03 03:09:30.847 [info] Got 0 sessions for user:email...
2026-03-03 03:09:31.067 [info] Getting sessions for all scopes...
2026-03-03 03:09:31.067 [info] Got 0 sessions for ...
2026-03-03 03:09:31.067 [info] Getting sessions for all scopes...
2026-03-03 03:09:31.067 [info] Got 0 sessions for ...
2026-03-03 03:09:31.070 [info] Getting sessions for read:user,repo,user:email,workflow...
2026-03-03 03:09:31.070 [info] Got 0 sessions for read:user,repo,user:email,workflow...
2026-03-03 03:09:31.070 [info] Getting sessions for user:email...
2026-03-03 03:09:31.070 [info] Got 0 sessions for user:email...
2026-03-03 03:09:31.171 [info] Getting sessions for all scopes...
2026-03-03 03:09:31.171 [info] Got 0 sessions for ...
2026-03-03 03:09:31.171 [info] Getting sessions for all scopes...
2026-03-03 03:09:31.171 [info] Got 0 sessions for ...
2026-03-03 03:09:31.190 [info] Getting sessions for user:email...
2026-03-03 03:09:31.190 [info] Got 0 sessions for user:email...
2026-03-03 03:09:31.190 [info] Getting sessions for read:user,repo,user:email,workflow...
2026-03-03 03:09:31.190 [info] Got 0 sessions for read:user,repo,user:email,workflow...
2026-03-03 03:09:31.194 [info] Getting sessions for all scopes...
2026-03-03 03:09:31.194 [info] Got 0 sessions for ...
2026-03-03 03:09:31.194 [info] Getting sessions for all scopes...
2026-03-03 03:09:31.194 [info] Got 0 sessions for ...
2026-03-03 03:09:31.195 [info] Getting sessions for read:user,repo,user:email,workflow...
2026-03-03 03:09:31.195 [info] Got 0 sessions for read:user,repo,user:email,workflow...
2026-03-03 03:09:31.195 [info] Getting sessions for user:email...
2026-03-03 03:09:31.195 [info] Got 0 sessions for user:email...
2026-03-03 03:09:31.319 [info] Getting sessions for all scopes...
2026-03-03 03:09:31.319 [info] Got 0 sessions for ...
2026-03-03 03:09:31.511 [info] Getting sessions for all scopes...
2026-03-03 03:09:31.511 [info] Got 0 sessions for ...
2026-03-03 03:09:31.978 [info] Getting sessions for all scopes...
2026-03-03 03:09:31.978 [info] Got 0 sessions for ...
2026-03-03 03:11:34.010 [info] Logging in with google,  'any' account...
2026-03-03 03:11:34.010 [info] Logging in for the following scopes: read:user repo user:email workflow
2026-03-03 03:11:34.036 [info] Trying with local server... (read:user repo user:email workflow)
2026-03-03 03:12:06.039 [info] Exchanging code for token...
2026-03-03 03:12:06.404 [info] Token exchange success!
2026-03-03 03:12:06.405 [info] Getting user info...
2026-03-03 03:12:06.795 [info] Got account info!
2026-03-03 03:12:06.796 [info] Storing 1 sessions...
2026-03-03 03:12:06.797 [info] Reading sessions from keychain...
2026-03-03 03:12:06.797 [info] Stored 1 sessions!
2026-03-03 03:12:06.797 [info] Login success!
2026-03-03 03:12:06.798 [info] Got stored sessions!
2026-03-03 03:12:06.798 [info] Got 1 verified sessions.
2026-03-03 03:12:06.799 [info] Getting sessions for all scopes...
2026-03-03 03:12:06.799 [info] Got 1 sessions for ...
2026-03-03 03:12:06.799 [info] Getting sessions for all scopes...
2026-03-03 03:12:06.799 [info] Got 1 sessions for ...
2026-03-03 03:12:06.799 [info] Getting sessions for read:user,repo,user:email,workflow...
2026-03-03 03:12:06.799 [info] Got 1 sessions for read:user,repo,user:email,workflow...
2026-03-03 03:12:06.803 [info] Getting sessions for all scopes...
2026-03-03 03:12:06.803 [info] Got 1 sessions for ...
2026-03-03 03:12:06.804 [info] Getting sessions for read:user,repo,user:email,workflow...
2026-03-03 03:12:06.804 [info] Got 1 sessions for read:user,repo,user:email,workflow...
2026-03-03 03:12:06.898 [info] Getting sessions for all scopes...
2026-03-03 03:12:06.898 [info] Got 1 sessions for ...
2026-03-03 03:12:06.898 [info] Getting sessions for all scopes...
2026-03-03 03:12:06.898 [info] Got 1 sessions for ...
2026-03-03 03:12:07.070 [info] FetcherService: Electron fetch failed with status: 429 
2026-03-03 03:12:07.070 [info] Unable to resolve optional EDU details. Status: 429 
2026-03-03 03:12:07.190 [info] Getting sessions for all scopes...
2026-03-03 03:12:07.190 [info] Got 1 sessions for ...
2026-03-03 03:12:07.190 [info] Getting sessions for all scopes...
2026-03-03 03:12:07.190 [info] Got 1 sessions for ...
2026-03-03 03:12:07.190 [info] Getting sessions for read:user,repo,user:email,workflow...
2026-03-03 03:12:07.190 [info] Got 1 sessions for read:user,repo,user:email,workflow...
2026-03-03 03:12:07.194 [info] Getting sessions for all scopes...
2026-03-03 03:12:07.194 [info] Got 1 sessions for ...
2026-03-03 03:12:07.194 [info] Getting sessions for all scopes...
2026-03-03 03:12:07.194 [info] Got 1 sessions for ...
2026-03-03 03:12:07.194 [info] Getting sessions for read:user,repo,user:email,workflow...
2026-03-03 03:12:07.194 [info] Got 1 sessions for read:user,repo,user:email,workflow...
2026-03-03 03:12:08.813 [info] Getting sessions for all scopes...
2026-03-03 03:12:08.813 [info] Got 1 sessions for ...
2026-03-03 03:12:08.814 [info] Getting sessions for read:user,repo,user:email,workflow...
2026-03-03 03:12:08.814 [info] Got 1 sessions for read:user,repo,user:email,workflow...
2026-03-03 03:12:54.096 [info] Getting sessions for all scopes...
2026-03-03 03:12:54.096 [info] Got 1 sessions for ...
2026-03-03 03:12:54.096 [info] Getting sessions for read:user,repo,user:email,workflow...
2026-03-03 03:12:54.096 [info] Got 1 sessions for read:user,repo,user:email,workflow...
2026-03-03 03:12:54.437 [info] Getting sessions for all scopes...
2026-03-03 03:12:54.437 [info] Got 1 sessions for ...
2026-03-03 03:12:54.438 [info] Getting sessions for read:user,repo,user:email,workflow...
2026-03-03 03:12:54.438 [info] Got 1 sessions for read:user,repo,user:email,workflow...
2026-03-03 03:17:17.234 [info] Getting sessions for all scopes...
2026-03-03 03:17:17.234 [info] Got 1 sessions for ...
2026-03-03 03:17:17.234 [info] Getting sessions for all scopes...
2026-03-03 03:17:17.234 [info] Got 1 sessions for ...
