2026-03-03 03:09:30.831 [info] [main] Log level: Info
2026-03-03 03:09:30.831 [info] [main] Validating found git in: "git"
2026-03-03 03:09:30.831 [info] [main] Using git "2.53.0" from "git"
2026-03-03 03:09:30.831 [info] [Model][doInitialScan] Initial repository scan started
2026-03-03 03:09:30.831 [info] > git rev-parse --show-toplevel [7ms]
2026-03-03 03:09:30.831 [info] fatal: not a git repository (or any parent up to mount point /)
Stopping at filesystem boundary (GIT_DISCOVERY_ACROSS_FILESYSTEM not set).
2026-03-03 03:09:30.831 [info] > git rev-parse --show-toplevel [7ms]
2026-03-03 03:09:30.831 [info] fatal: not a git repository (or any parent up to mount point /)
Stopping at filesystem boundary (GIT_DISCOVERY_ACROSS_FILESYSTEM not set).
2026-03-03 03:09:30.832 [info] > git rev-parse --show-toplevel [2ms]
2026-03-03 03:09:30.832 [info] fatal: not a git repository (or any parent up to mount point /)
Stopping at filesystem boundary (GIT_DISCOVERY_ACROSS_FILESYSTEM not set).
2026-03-03 03:09:30.837 [info] > git rev-parse --show-toplevel [1ms]
2026-03-03 03:09:30.837 [info] fatal: not a git repository (or any parent up to mount point /)
Stopping at filesystem boundary (GIT_DISCOVERY_ACROSS_FILESYSTEM not set).
2026-03-03 03:09:30.843 [info] > git rev-parse --show-toplevel [1ms]
2026-03-03 03:09:30.843 [info] fatal: not a git repository (or any parent up to mount point /)
Stopping at filesystem boundary (GIT_DISCOVERY_ACROSS_FILESYSTEM not set).
2026-03-03 03:09:30.844 [info] [Model][doInitialScan] Initial repository scan completed - repositories (0), closed repositories (0), parent repositories (0), unsafe repositories (0)
2026-03-03 03:09:31.113 [info] > git rev-parse --show-toplevel [8ms]
2026-03-03 03:09:31.113 [info] fatal: not a git repository (or any parent up to mount point /)
Stopping at filesystem boundary (GIT_DISCOVERY_ACROSS_FILESYSTEM not set).
2026-03-03 03:09:31.972 [info] > git rev-parse --show-toplevel [2ms]
2026-03-03 03:09:31.972 [info] fatal: not a git repository (or any parent up to mount point /)
Stopping at filesystem boundary (GIT_DISCOVERY_ACROSS_FILESYSTEM not set).
2026-03-03 03:11:27.996 [info] > git rev-parse --show-toplevel [1ms]
2026-03-03 03:11:27.996 [info] fatal: not a git repository (or any parent up to mount point /)
Stopping at filesystem boundary (GIT_DISCOVERY_ACROSS_FILESYSTEM not set).
2026-03-03 03:11:28.836 [info] > git rev-parse --show-toplevel [1ms]
2026-03-03 03:11:28.836 [info] fatal: not a git repository (or any parent up to mount point /)
Stopping at filesystem boundary (GIT_DISCOVERY_ACROSS_FILESYSTEM not set).
2026-03-03 03:11:33.941 [info] > git rev-parse --show-toplevel [1ms]
2026-03-03 03:11:33.941 [info] fatal: not a git repository (or any parent up to mount point /)
Stopping at filesystem boundary (GIT_DISCOVERY_ACROSS_FILESYSTEM not set).
2026-03-03 03:12:09.820 [info] > git rev-parse --show-toplevel [1ms]
2026-03-03 03:12:09.820 [info] fatal: not a git repository (or any parent up to mount point /)
Stopping at filesystem boundary (GIT_DISCOVERY_ACROSS_FILESYSTEM not set).
2026-03-03 03:12:54.437 [info] > git rev-parse --show-toplevel [1ms]
2026-03-03 03:12:54.437 [info] fatal: not a git repository (or any parent up to mount point /)
Stopping at filesystem boundary (GIT_DISCOVERY_ACROSS_FILESYSTEM not set).
2026-03-03 03:13:13.704 [info] > git rev-parse --show-toplevel [1ms]
2026-03-03 03:13:13.704 [info] fatal: not a git repository (or any parent up to mount point /)
Stopping at filesystem boundary (GIT_DISCOVERY_ACROSS_FILESYSTEM not set).
2026-03-03 03:16:35.054 [info] > git rev-parse --show-toplevel [1ms]
2026-03-03 03:16:35.054 [info] fatal: not a git repository (or any parent up to mount point /)
Stopping at filesystem boundary (GIT_DISCOVERY_ACROSS_FILESYSTEM not set).
2026-03-03 03:16:35.445 [info] > git rev-parse --show-toplevel [1ms]
2026-03-03 03:16:35.445 [info] fatal: not a git repository (or any parent up to mount point /)
Stopping at filesystem boundary (GIT_DISCOVERY_ACROSS_FILESYSTEM not set).
2026-03-03 03:17:22.650 [info] > git rev-parse --show-toplevel [1ms]
2026-03-03 03:17:22.650 [info] fatal: not a git repository (or any parent up to mount point /)
Stopping at filesystem boundary (GIT_DISCOVERY_ACROSS_FILESYSTEM not set).
2026-03-03 03:17:27.803 [info] > git rev-parse --show-toplevel [1ms]
2026-03-03 03:17:27.803 [info] fatal: not a git repository (or any parent up to mount point /)
Stopping at filesystem boundary (GIT_DISCOVERY_ACROSS_FILESYSTEM not set).
