2026-03-03 03:37:16.865 [info] Reading sessions from keychain...
2026-03-03 03:37:16.865 [info] Got stored sessions!
2026-03-03 03:37:16.865 [info] Got 1 verified sessions.
2026-03-03 03:37:16.865 [info] Getting sessions for all scopes...
2026-03-03 03:37:16.865 [info] Got 1 sessions for ...
2026-03-03 03:37:16.865 [info] Getting sessions for all scopes...
2026-03-03 03:37:16.865 [info] Got 1 sessions for ...
2026-03-03 03:37:16.865 [info] Getting sessions for all scopes...
2026-03-03 03:37:16.865 [info] Got 1 sessions for ...
2026-03-03 03:37:16.865 [info] Getting sessions for all scopes...
2026-03-03 03:37:16.865 [info] Got 1 sessions for ...
2026-03-03 03:37:16.865 [info] Getting sessions for all scopes...
2026-03-03 03:37:16.865 [info] Got 1 sessions for ...
2026-03-03 03:37:16.865 [info] Getting sessions for all scopes...
2026-03-03 03:37:16.865 [info] Got 1 sessions for ...
2026-03-03 03:37:16.865 [info] Getting sessions for all scopes...
2026-03-03 03:37:16.865 [info] Got 1 sessions for ...
2026-03-03 03:37:16.865 [info] Getting sessions for read:user,repo,user:email,workflow...
2026-03-03 03:37:16.865 [info] Got 1 sessions for read:user,repo,user:email,workflow...
2026-03-03 03:37:16.888 [info] Getting sessions for all scopes...
2026-03-03 03:37:16.888 [info] Got 1 sessions for ...
2026-03-03 03:37:16.888 [info] Getting sessions for read:user,repo,user:email,workflow...
2026-03-03 03:37:16.888 [info] Got 1 sessions for read:user,repo,user:email,workflow...
2026-03-03 03:37:17.111 [info] Getting sessions for all scopes...
2026-03-03 03:37:17.111 [info] Got 1 sessions for ...
2026-03-03 03:37:17.111 [info] Getting sessions for all scopes...
2026-03-03 03:37:17.111 [info] Got 1 sessions for ...
2026-03-03 03:37:17.120 [info] Getting sessions for read:user,repo,user:email,workflow...
2026-03-03 03:37:17.120 [info] Got 1 sessions for read:user,repo,user:email,workflow...
2026-03-03 03:37:17.544 [info] Getting sessions for all scopes...
2026-03-03 03:37:17.544 [info] Got 1 sessions for ...
2026-03-03 03:37:17.544 [info] Getting sessions for all scopes...
2026-03-03 03:37:17.544 [info] Got 1 sessions for ...
2026-03-03 03:37:17.560 [info] Getting sessions for read:user,repo,user:email,workflow...
2026-03-03 03:37:17.560 [info] Got 1 sessions for read:user,repo,user:email,workflow...
2026-03-03 03:37:17.615 [info] Getting sessions for all scopes...
2026-03-03 03:37:17.615 [info] Got 1 sessions for ...
2026-03-03 03:37:17.616 [info] Getting sessions for all scopes...
2026-03-03 03:37:17.616 [info] Got 1 sessions for ...
2026-03-03 03:37:17.656 [info] Getting sessions for read:user,repo,user:email,workflow...
2026-03-03 03:37:17.656 [info] Got 1 sessions for read:user,repo,user:email,workflow...
2026-03-03 03:37:17.892 [info] Getting sessions for all scopes...
2026-03-03 03:37:17.892 [info] Got 1 sessions for ...
2026-03-03 03:37:17.915 [info] FetcherService: Electron fetch failed with status: 429 
2026-03-03 03:37:17.917 [info] Unable to resolve optional EDU details. Status: 429 
2026-03-03 03:37:17.940 [info] Getting sessions for all scopes...
2026-03-03 03:37:17.940 [info] Got 1 sessions for ...
2026-03-03 03:37:17.941 [info] Getting sessions for read:user,repo,user:email,workflow...
2026-03-03 03:37:17.941 [info] Got 1 sessions for read:user,repo,user:email,workflow...
2026-03-03 03:37:18.016 [info] Getting sessions for all scopes...
2026-03-03 03:37:18.016 [info] Got 1 sessions for ...
2026-03-03 03:37:18.016 [info] Getting sessions for all scopes...
2026-03-03 03:37:18.016 [info] Got 1 sessions for ...
2026-03-03 03:46:56.861 [info] Getting sessions for all scopes...
2026-03-03 03:46:56.862 [info] Got 1 sessions for ...
2026-03-03 03:46:56.862 [info] Getting sessions for all scopes...
2026-03-03 03:46:56.862 [info] Got 1 sessions for ...
