2026-03-03 03:19:14.973 [info] RunInTerminalTool: Command rewritten by Fxt: Prepended with a space to exclude from shell history []
2026-03-03 03:19:15.013 [info] RunInTerminalTool#CommandLineAutoApproveAnalyzer: Parsed sub-commands via bash grammar [["fc-list","grep -i \"cascadia\""]]
2026-03-03 03:19:15.013 [info] RunInTerminalTool#CommandLineAutoApproveAnalyzer: All sub-commands NOT auto-approved [null]
2026-03-03 03:19:15.014 [info] RunInTerminalTool#CommandLineAutoApproveAnalyzer: Command line NOT auto-approved [null]
2026-03-03 03:19:15.014 [info] RunInTerminalTool#CommandLineAutoApproveAnalyzer: - Command 'fc-list' has no matching auto approve entries [null]
2026-03-03 03:19:15.014 [info] RunInTerminalTool#CommandLineAutoApproveAnalyzer: - Command 'grep -i "cascadia"' is approved by allow list rule: grep [null]
2026-03-03 03:19:15.014 [info] RunInTerminalTool#CommandLineAutoApproveAnalyzer: - Command line 'fc-list | grep -i "cascadia"' has no matching auto approve entries [null]
2026-03-03 03:19:15.018 [info] RunInTerminalTool#CommandLineFileWriteAnalyzer: File writes detected [[]]
2026-03-03 03:24:10.354 [info] ToolTerminalCreator#createTerminal: Waiting 4999ms for shell integration []
2026-03-03 03:24:10.424 [info] ToolTerminalCreator#_waitForShellIntegration: Rich SI available eventually []
2026-03-03 03:24:10.425 [info] ToolTerminalCreator#_waitForShellIntegration: Promise complete, disposing store []
2026-03-03 03:24:10.425 [info] ToolTerminalCreator#createTerminal: Waiting up to 2s for PromptInputModel state to change []
2026-03-03 03:24:16.690 [info] RunInTerminalTool: Command rewritten by Fxt: Prepended with a space to exclude from shell history []
2026-03-03 03:24:16.698 [info] RunInTerminalTool#CommandLineAutoApproveAnalyzer: Parsed sub-commands via bash grammar [["rpm -qa","grep -i nf-fonts"]]
2026-03-03 03:24:16.698 [info] RunInTerminalTool#CommandLineAutoApproveAnalyzer: All sub-commands NOT auto-approved [null]
2026-03-03 03:24:16.698 [info] RunInTerminalTool#CommandLineAutoApproveAnalyzer: Command line NOT auto-approved [null]
2026-03-03 03:24:16.698 [info] RunInTerminalTool#CommandLineAutoApproveAnalyzer: - Command 'rpm -qa' has no matching auto approve entries [null]
2026-03-03 03:24:16.698 [info] RunInTerminalTool#CommandLineAutoApproveAnalyzer: - Command 'grep -i nf-fonts' is approved by allow list rule: grep [null]
2026-03-03 03:24:16.698 [info] RunInTerminalTool#CommandLineAutoApproveAnalyzer: - Command line 'rpm -qa | grep -i nf-fonts' has no matching auto approve entries [null]
2026-03-03 03:24:16.701 [info] RunInTerminalTool#CommandLineFileWriteAnalyzer: File writes detected [[]]
2026-03-03 03:24:20.654 [warning] Shell integration failed to add capabilities within 10 seconds []
