2026-03-07 11:08:29.433 [info] [aebc6443-996d-45c2-90f0-388ff96faa56] Native Broker enabled: false
2026-03-07 11:08:29.435 [info] [getSessions] [all] starting
2026-03-07 11:08:29.435 [info] [getSessions] [all] returned 0 session(s)
2026-03-07 11:08:29.435 [info] [getSessions] [all] starting
2026-03-07 11:08:29.435 [info] [getSessions] [all] returned 0 session(s)
2026-03-07 11:08:29.435 [info] [getSessions] [all] starting
2026-03-07 11:08:29.435 [info] [getSessions] [all] returned 0 session(s)
2026-03-07 11:08:29.436 [info] [getSessions] [499b84ac-1321-427f-aa17-267ca6975798/.default offline_access] starting
2026-03-07 11:08:29.436 [info] [aebc6443-996d-45c2-90f0-388ff96faa56] Native Broker enabled: false
2026-03-07 11:08:29.437 [info] [getSessions] [499b84ac-1321-427f-aa17-267ca6975798/.default offline_access] returned 0 session(s)
2026-03-07 11:08:29.896 [info] [getSessions] [499b84ac-1321-427f-aa17-267ca6975798/.default offline_access] starting
2026-03-07 11:08:29.896 [info] [getSessions] [499b84ac-1321-427f-aa17-267ca6975798/.default offline_access] returned 0 session(s)
2026-03-07 11:39:46.412 [info] [getSessions] [499b84ac-1321-427f-aa17-267ca6975798/.default offline_access] starting
2026-03-07 11:39:46.412 [info] [getSessions] [499b84ac-1321-427f-aa17-267ca6975798/.default offline_access] returned 0 session(s)
2026-03-07 11:39:46.895 [info] [getSessions] [499b84ac-1321-427f-aa17-267ca6975798/.default offline_access] starting
2026-03-07 11:39:46.895 [info] [getSessions] [499b84ac-1321-427f-aa17-267ca6975798/.default offline_access] returned 0 session(s)
2026-03-07 18:54:26.256 [info] [getSessions] [499b84ac-1321-427f-aa17-267ca6975798/.default offline_access] starting
2026-03-07 18:54:26.256 [info] [getSessions] [499b84ac-1321-427f-aa17-267ca6975798/.default offline_access] returned 0 session(s)
2026-03-07 18:54:26.743 [info] [getSessions] [499b84ac-1321-427f-aa17-267ca6975798/.default offline_access] starting
2026-03-07 18:54:26.744 [info] [getSessions] [499b84ac-1321-427f-aa17-267ca6975798/.default offline_access] returned 0 session(s)
2026-03-07 23:02:19.700 [info] Microsoft Authentication is deactivating...
