2026-03-03 03:37:16.896 [info] [main] Log level: Info
2026-03-03 03:37:16.896 [info] [main] Validating found git in: "git"
2026-03-03 03:37:16.896 [info] [main] Using git "2.53.0" from "git"
2026-03-03 03:37:16.896 [info] [Model][doInitialScan] Initial repository scan started
2026-03-03 03:37:16.896 [info] > git rev-parse --show-toplevel [9ms]
2026-03-03 03:37:16.896 [info] fatal: not a git repository (or any parent up to mount point /)
Stopping at filesystem boundary (GIT_DISCOVERY_ACROSS_FILESYSTEM not set).
2026-03-03 03:37:16.896 [info] > git rev-parse --show-toplevel [0ms]
2026-03-03 03:37:16.896 [info] fatal: not a git repository (or any parent up to mount point /)
Stopping at filesystem boundary (GIT_DISCOVERY_ACROSS_FILESYSTEM not set).
2026-03-03 03:37:16.896 [info] > git rev-parse --show-toplevel [1ms]
2026-03-03 03:37:16.896 [info] fatal: not a git repository (or any parent up to mount point /)
Stopping at filesystem boundary (GIT_DISCOVERY_ACROSS_FILESYSTEM not set).
2026-03-03 03:37:16.896 [info] > git rev-parse --show-toplevel [2ms]
2026-03-03 03:37:16.896 [info] fatal: not a git repository (or any parent up to mount point /)
Stopping at filesystem boundary (GIT_DISCOVERY_ACROSS_FILESYSTEM not set).
2026-03-03 03:37:16.896 [info] [Model][doInitialScan] Initial repository scan completed - repositories (0), closed repositories (0), parent repositories (0), unsafe repositories (0)
2026-03-03 03:37:17.118 [info] > git rev-parse --show-toplevel [1ms]
2026-03-03 03:37:17.118 [info] fatal: not a git repository (or any parent up to mount point /)
Stopping at filesystem boundary (GIT_DISCOVERY_ACROSS_FILESYSTEM not set).
2026-03-03 03:37:17.514 [info] > git rev-parse --show-toplevel [190ms]
2026-03-03 03:37:17.514 [info] fatal: not a git repository (or any parent up to mount point /)
Stopping at filesystem boundary (GIT_DISCOVERY_ACROSS_FILESYSTEM not set).
2026-03-03 03:37:17.834 [info] > git rev-parse --show-toplevel [8ms]
2026-03-03 03:37:17.834 [info] fatal: not a git repository (or any parent up to mount point /)
Stopping at filesystem boundary (GIT_DISCOVERY_ACROSS_FILESYSTEM not set).
2026-03-03 03:37:17.835 [info] > git rev-parse --show-toplevel [1ms]
2026-03-03 03:37:17.835 [info] fatal: not a git repository (or any parent up to mount point /)
Stopping at filesystem boundary (GIT_DISCOVERY_ACROSS_FILESYSTEM not set).
2026-03-03 03:37:28.787 [info] > git rev-parse --show-toplevel [3ms]
2026-03-03 03:37:28.787 [info] fatal: not a git repository (or any parent up to mount point /)
Stopping at filesystem boundary (GIT_DISCOVERY_ACROSS_FILESYSTEM not set).
2026-03-03 03:47:32.944 [info] > git rev-parse --show-toplevel [1ms]
2026-03-03 03:47:32.944 [info] fatal: not a git repository (or any parent up to mount point /)
Stopping at filesystem boundary (GIT_DISCOVERY_ACROSS_FILESYSTEM not set).
