2026-03-03 03:47:44.036 [info] read schema from vscode: vscode://schemas/settings/user
2026-03-03 03:47:44.528 [info] read schema from vscode: vscode://schemas/settings/resourceLanguage
2026-03-03 03:47:44.534 [info] read schema from vscode: vscode://schemas/ignoredSettings
2026-03-03 03:47:44.538 [info] read schema from vscode: vscode://schemas/launch
2026-03-03 03:47:44.540 [info] read schema from vscode: vscode://schemas/token-styling
2026-03-03 03:47:44.540 [info] read schema from vscode: vscode://schemas/textmate-colors
2026-03-03 03:47:44.541 [info] read schema from vscode: vscode://schemas/workbench-colors
2026-03-03 03:47:44.604 [info] cancelled
2026-03-03 03:47:44.808 [info] schema change detected vscode://schemas/settings/resourceLanguage
2026-03-03 03:47:44.809 [info] read schema from vscode: vscode://schemas/settings/user
2026-03-03 03:47:44.818 [info] schema change detected vscode://schemas/ignoredSettings
2026-03-03 03:47:44.888 [info] schema change detected vscode://schemas/settings/user
2026-03-03 03:47:44.915 [info] read schema from vscode: vscode://schemas/settings/resourceLanguage
2026-03-03 03:47:44.921 [info] read schema from vscode: vscode://schemas/ignoredSettings
2026-03-03 03:47:44.956 [info] cancelled
2026-03-03 03:47:44.956 [info] read schema from vscode: vscode://schemas/settings/user
2026-03-03 03:47:44.988 [info] schema change detected vscode://schemas/settings/user
2026-03-03 03:47:45.003 [info] read schema from vscode: vscode://schemas/settings/resourceLanguage
2026-03-03 03:47:45.003 [info] read schema from vscode: vscode://schemas/ignoredSettings
2026-03-03 03:47:45.005 [info] read schema from vscode: vscode://schemas/launch
2026-03-03 03:47:45.006 [info] read schema from vscode: vscode://schemas/token-styling
2026-03-03 03:47:45.006 [info] read schema from vscode: vscode://schemas/textmate-colors
2026-03-03 03:47:45.008 [info] read schema from vscode: vscode://schemas/workbench-colors
2026-03-03 03:47:45.060 [info] cancelled
2026-03-03 03:47:45.060 [info] read schema from vscode: vscode://schemas/settings/user
2026-03-03 03:47:45.620 [info] schema change detected vscode://schemas/settings/user
2026-03-03 03:47:45.621 [info] read schema from vscode: vscode://schemas/settings/user
2026-03-03 03:47:47.798 [info] schema change detected vscode://schemas/settings/user
2026-03-03 03:47:47.799 [info] read schema from vscode: vscode://schemas/settings/user
2026-03-03 03:47:49.572 [info] schema change detected vscode://schemas/launch
2026-03-03 03:47:49.573 [info] read schema from vscode: vscode://schemas/settings/user
2026-03-03 03:47:49.622 [info] read schema from vscode: vscode://schemas/launch
2026-03-03 04:05:25.487 [info] schema change detected vscode://schemas/settings/user
2026-03-03 04:05:25.488 [info] read schema from vscode: vscode://schemas/settings/user
